2025-05-27 08:47:18,490 [INFO] Activator:176 - 


2025-05-27 08:47:18,497 [INFO] Activator:177 - !SESSION log4j initialized
2025-05-27 08:47:22,311 [INFO] LogOutputStream:77 - [STDOUT_REDIRECT] 
2025-05-27 08:47:22,938 [ERROR] ConfigurationRetriever:142 - IOException on connection: sw-center.st.com
2025-05-27 08:47:22,940 [ERROR] ConfigurationRetriever:142 - IOException on connection: sw-center.st.com
2025-05-27 08:47:22,941 [ERROR] ConfigurationRetriever:142 - IOException on connection: sw-center.st.com
2025-05-27 08:47:26,463 [INFO] ApplicationProperties:184 - Using Application install path: /opt/st/stm32cubeide_1.17.0/plugins/com.st.stm32cube.common.mx_6.13.0.202411220809
2025-05-27 08:47:26,486 [INFO] DbMcusXml:78 - Set database path to: /opt/st/stm32cubeide_1.17.0/plugins/com.st.stm32cube.common.mx_6.13.0.202411220809//db//mcu/
2025-05-27 08:47:26,486 [INFO] ApiDb:274 - Set plugin database path to: /opt/st/stm32cubeide_1.17.0/plugins/com.st.stm32cube.common.mx_6.13.0.202411220809//db//plugins/boardmanager/
2025-05-27 08:47:26,487 [WARN] ApiDb:259 - Overriding images path with different value:  => /opt/st/stm32cubeide_1.17.0/plugins/com.st.stm32cube.common.mx_6.13.0.202411220809//db//plugins/mcufinder/images/
2025-05-27 08:47:26,492 [INFO] ApiDb:250 - Set database path to: /home/maciej/.stmcufinder/plugins/mcufinder//mcu/
2025-05-27 08:47:26,493 [INFO] DbMcusAds:125 - Set database path to: /home/maciej/.stmcufinder/plugins/mcufinder//mcu/
2025-05-27 08:47:26,496 [INFO] CrossReferenceDbSqlite:203 - Set database path to: /home/maciej/.stmcufinder/plugins/mcufinder//mcu/cs/
2025-05-27 08:47:26,679 [INFO] RulesReader:64 - Compatibility file has been processed (297 Rules)
2025-05-27 08:47:26,776 [INFO] DbMcusXml:78 - Set database path to: /opt/st/stm32cubeide_1.17.0/plugins/com.st.stm32cube.common.mx_6.13.0.202411220809//db//mcu/
2025-05-27 08:47:26,776 [INFO] ApiDb:274 - Set plugin database path to: /opt/st/stm32cubeide_1.17.0/plugins/com.st.stm32cube.common.mx_6.13.0.202411220809//db//plugins/boardmanager/
2025-05-27 08:47:26,776 [INFO] ApiDb:261 - Set plugin images path to: /opt/st/stm32cubeide_1.17.0/plugins/com.st.stm32cube.common.mx_6.13.0.202411220809//db//plugins/mcufinder/images/
2025-05-27 08:47:26,777 [WARN] DbFile:41 - Overriding database path with different value: /home/maciej/.stmcufinder/plugins/mcufinder/ => /home/maciej/.stmcufinder/plugins/mcufinder
2025-05-27 08:47:26,777 [INFO] ApiDb:250 - Set database path to: /home/maciej/.stmcufinder/plugins/mcufinder//mcu/
2025-05-27 08:47:26,777 [WARN] DbFile:41 - Overriding database path with different value: /home/maciej/.stmcufinder/plugins/mcufinder/ => /home/maciej/.stmcufinder/plugins/mcufinder
2025-05-27 08:47:26,777 [INFO] DbMcusAds:125 - Set database path to: /home/maciej/.stmcufinder/plugins/mcufinder//mcu/
2025-05-27 08:47:26,777 [WARN] DbFile:41 - Overriding database path with different value: /home/maciej/.stmcufinder/plugins/mcufinder/ => /home/maciej/.stmcufinder/plugins/mcufinder
2025-05-27 08:47:26,778 [WARN] DbFile:41 - Overriding database path with different value: /home/maciej/.stmcufinder/plugins/mcufinder/ => /home/maciej/.stmcufinder/plugins/mcufinder
2025-05-27 08:47:26,778 [INFO] CrossReferenceDbSqlite:203 - Set database path to: /home/maciej/.stmcufinder/plugins/mcufinder//mcu/cs/
2025-05-27 08:47:26,925 [INFO] MainPanel:272 - HeapMemory: 268435456
2025-05-27 08:47:27,253 [INFO] DbMcusXml:78 - Set database path to: /opt/st/stm32cubeide_1.17.0/plugins/com.st.stm32cube.common.mx_6.13.0.202411220809//db//mcu/
2025-05-27 08:47:27,254 [INFO] ApiDb:274 - Set plugin database path to: /opt/st/stm32cubeide_1.17.0/plugins/com.st.stm32cube.common.mx_6.13.0.202411220809//db//plugins/boardmanager/
2025-05-27 08:47:27,254 [INFO] ApiDb:261 - Set plugin images path to: /opt/st/stm32cubeide_1.17.0/plugins/com.st.stm32cube.common.mx_6.13.0.202411220809//db//plugins/mcufinder/images/
2025-05-27 08:47:27,255 [WARN] DbFile:41 - Overriding database path with different value: /home/maciej/.stmcufinder/plugins/mcufinder/ => /home/maciej/.stmcufinder/plugins/mcufinder
2025-05-27 08:47:27,255 [INFO] ApiDb:250 - Set database path to: /home/maciej/.stmcufinder/plugins/mcufinder//mcu/
2025-05-27 08:47:27,256 [WARN] DbFile:41 - Overriding database path with different value: /home/maciej/.stmcufinder/plugins/mcufinder/ => /home/maciej/.stmcufinder/plugins/mcufinder
2025-05-27 08:47:27,256 [INFO] DbMcusAds:125 - Set database path to: /home/maciej/.stmcufinder/plugins/mcufinder//mcu/
2025-05-27 08:47:27,256 [WARN] DbFile:41 - Overriding database path with different value: /home/maciej/.stmcufinder/plugins/mcufinder/ => /home/maciej/.stmcufinder/plugins/mcufinder
2025-05-27 08:47:27,257 [WARN] DbFile:41 - Overriding database path with different value: /home/maciej/.stmcufinder/plugins/mcufinder/ => /home/maciej/.stmcufinder/plugins/mcufinder
2025-05-27 08:47:27,257 [INFO] CrossReferenceDbSqlite:203 - Set database path to: /home/maciej/.stmcufinder/plugins/mcufinder//mcu/cs/
2025-05-27 08:47:27,291 [INFO] ApplicationProperties:184 - Using Application install path: /opt/st/stm32cubeide_1.17.0/plugins/com.st.stm32cube.common.mx_6.13.0.202411220809
2025-05-27 08:47:27,294 [INFO] PluginManage:196 - Search for loadable plugins [exclusion list=, ]
2025-05-27 08:47:27,296 [INFO] PluginManage:310 - Check plugin analytics
2025-05-27 08:47:27,649 [INFO] AnalyticsPlugin:253 - Accepted Software Licenses: STM32CubeMX.6.12.1,STM32CubeMX.6.14.1
2025-05-27 08:47:27,650 [INFO] AnalyticsPlugin:255 - Accepted CMSIS Pack Licenses: 
2025-05-27 08:47:27,650 [INFO] AnalyticsPlugin:257 - Accepted Firmware Licenses: FW.L4.1.18.0,FW.F4.1.28.0,FW.G4.1.6.0
2025-05-27 08:47:27,651 [INFO] PluginManage:359 - Loaded plugin analytics (category:tool,tabindex:-1)
2025-05-27 08:47:27,651 [INFO] PluginManage:310 - Check plugin cadmodel
2025-05-27 08:47:27,654 [ERROR] ConfigurationRetriever:142 - IOException on connection: sw-center.st.com
2025-05-27 08:47:27,655 [ERROR] ConfigurationRetriever:142 - IOException on connection: sw-center.st.com
2025-05-27 08:47:27,656 [ERROR] ConfigurationRetriever:142 - IOException on connection: sw-center.st.com
2025-05-27 08:47:27,658 [INFO] CADModel:105 - Init CAD model plugin
2025-05-27 08:47:27,659 [INFO] PluginManage:359 - Loaded plugin cadmodel (category:power,tabindex:5)
2025-05-27 08:47:27,659 [INFO] PluginManage:310 - Check plugin clock
2025-05-27 08:47:27,675 [INFO] PluginManage:359 - Loaded plugin clock (category:base,tabindex:2)
2025-05-27 08:47:27,675 [INFO] PluginManage:310 - Check plugin ddr
2025-05-27 08:47:27,679 [INFO] PluginManage:359 - Loaded plugin ddr (category:tool,tabindex:6)
2025-05-27 08:47:27,679 [INFO] PluginManage:310 - Check plugin filemanager
2025-05-27 08:47:27,964 [INFO] PluginManage:359 - Loaded plugin filemanager (category:base,tabindex:10)
2025-05-27 08:47:27,964 [INFO] PluginManage:310 - Check plugin ipmanager
2025-05-27 08:47:27,974 [INFO] PluginManage:359 - Loaded plugin ipmanager (category:base,tabindex:5)
2025-05-27 08:47:27,975 [INFO] PluginManage:310 - Check plugin lpbam
2025-05-27 08:47:27,990 [INFO] PluginManage:359 - Loaded plugin lpbam (category:base,tabindex:0)
2025-05-27 08:47:27,990 [INFO] PluginManage:310 - Check plugin memorymap
2025-05-27 08:47:28,010 [INFO] PluginManage:359 - Loaded plugin memorymap (category:base,tabindex:4)
2025-05-27 08:47:28,011 [INFO] PluginManage:310 - Check plugin pinoutandconfiguration
2025-05-27 08:47:28,026 [INFO] PluginManage:359 - Loaded plugin pinoutandconfiguration (category:base,tabindex:1)
2025-05-27 08:47:28,026 [INFO] PluginManage:310 - Check plugin pinoutconfig
2025-05-27 08:47:28,152 [WARN] SupportedApi:132 - Cannot load RTOS API schema: s4s-elt-must-match.1: The content of 'definitions' must match (annotation?, (simpleType | complexType)?, (unique | key | keyref)*)). A problem was found starting at: attribute.
2025-05-27 08:47:28,346 [INFO] PluginManage:359 - Loaded plugin pinoutconfig (category:base,tabindex:0)
2025-05-27 08:47:28,346 [INFO] PluginManage:310 - Check plugin power
2025-05-27 08:47:28,358 [INFO] PluginManage:359 - Loaded plugin power (category:power,tabindex:4)
2025-05-27 08:47:28,358 [INFO] PluginManage:310 - Check plugin projectmanager
2025-05-27 08:47:28,389 [INFO] PluginManage:359 - Loaded plugin projectmanager (category:projectmanager,tabindex:4)
2025-05-27 08:47:28,389 [INFO] PluginManage:310 - Check plugin rif
2025-05-27 08:47:28,400 [INFO] PluginManage:359 - Loaded plugin rif (category:base,tabindex:3)
2025-05-27 08:47:28,400 [INFO] PluginManage:310 - Check plugin thirdparty
2025-05-27 08:47:28,578 [INFO] PluginManage:359 - Loaded plugin thirdparty (category:base,tabindex:-1)
2025-05-27 08:47:28,578 [WARN] IntegrityCheckThread:84 - waiting for thirdparty lock release [integrity check]
2025-05-27 08:47:28,578 [INFO] PluginManage:310 - Check plugin tools
2025-05-27 08:47:28,578 [INFO] IntegrityCheckThread:86 - entering critical section [integrity check]
2025-05-27 08:47:28,579 [INFO] ThirdPartyUpdaterWithRetryManager:70 - Updater plugin not ready yet. [1/15]
2025-05-27 08:47:28,582 [INFO] PluginManage:359 - Loaded plugin tools (category:base,tabindex:7)
2025-05-27 08:47:28,582 [INFO] PluginManage:310 - Check plugin tutovideos
2025-05-27 08:47:28,833 [INFO] PluginManage:359 - Loaded plugin tutovideos (category:base,tabindex:-1)
2025-05-27 08:47:28,834 [INFO] PluginManage:310 - Check plugin updater
2025-05-27 08:47:28,866 [INFO] PluginManage:359 - Loaded plugin updater (category:base,tabindex:12)
2025-05-27 08:47:28,867 [INFO] PluginManage:310 - Check plugin userauth
2025-05-27 08:47:28,873 [INFO] UserAuth:118 - Init User Auth plugin
2025-05-27 08:47:28,875 [INFO] PluginManage:359 - Loaded plugin userauth (category:base,tabindex:14)
2025-05-27 08:47:28,875 [INFO] PluginManage:283 - PluginManage : Loaded plugins [18]
2025-05-27 08:47:29,144 [INFO] PinOutPanel:1589 - setPackage(No Configuration,No Configuration)
2025-05-27 08:47:29,260 [INFO] CADModel:165 - CPN selected for project level
2025-05-27 08:47:29,261 [INFO] CADModel:114 - Register for checkConnection events
2025-05-27 08:47:29,277 [INFO] IPUIPlugin:80 - create IPUIPlugin
2025-05-27 08:47:29,278 [INFO] PluginManager:220 - loadIPPluginJar : add gic
2025-05-27 08:47:29,295 [INFO] IPUIPlugin:80 - create IPUIPlugin
2025-05-27 08:47:29,296 [INFO] PluginManager:220 - loadIPPluginJar : add adc
2025-05-27 08:47:29,300 [INFO] IPUIPlugin:80 - create IPUIPlugin
2025-05-27 08:47:29,300 [INFO] PluginManager:220 - loadIPPluginJar : add hash
2025-05-27 08:47:29,303 [INFO] IPUIPlugin:80 - create IPUIPlugin
2025-05-27 08:47:29,304 [INFO] PluginManager:220 - loadIPPluginJar : add ts
2025-05-27 08:47:29,311 [INFO] IPUIPlugin:80 - create IPUIPlugin
2025-05-27 08:47:29,312 [INFO] PluginManager:220 - loadIPPluginJar : add gpio
2025-05-27 08:47:29,315 [INFO] IPUIPlugin:80 - create IPUIPlugin
2025-05-27 08:47:29,315 [INFO] PluginManager:220 - loadIPPluginJar : add dfsdm
2025-05-27 08:47:29,320 [INFO] IPUIPlugin:80 - create IPUIPlugin
2025-05-27 08:47:29,320 [INFO] PluginManager:220 - loadIPPluginJar : add touchsensing
2025-05-27 08:47:29,328 [INFO] IPUIPlugin:80 - create IPUIPlugin
2025-05-27 08:47:29,328 [INFO] PluginManager:220 - loadIPPluginJar : add stm32_wpan
2025-05-27 08:47:29,332 [INFO] IPUIPlugin:80 - create IPUIPlugin
2025-05-27 08:47:29,333 [INFO] PluginManager:220 - loadIPPluginJar : add i2c
2025-05-27 08:47:29,336 [INFO] IPUIPlugin:80 - create IPUIPlugin
2025-05-27 08:47:29,336 [INFO] PluginManager:220 - loadIPPluginJar : add gfxmmu
2025-05-27 08:47:29,341 [INFO] IPUIPlugin:80 - create IPUIPlugin
2025-05-27 08:47:29,341 [INFO] PluginManager:220 - loadIPPluginJar : add extmemmanager
2025-05-27 08:47:29,345 [INFO] IPUIPlugin:80 - create IPUIPlugin
2025-05-27 08:47:29,346 [INFO] PluginManager:220 - loadIPPluginJar : add ddr_ctrl_phy
2025-05-27 08:47:29,348 [INFO] IPUIPlugin:80 - create IPUIPlugin
2025-05-27 08:47:29,349 [INFO] PluginManager:220 - loadIPPluginJar : add fatfs
2025-05-27 08:47:29,353 [INFO] IPUIPlugin:80 - create IPUIPlugin
2025-05-27 08:47:29,353 [INFO] PluginManager:220 - loadIPPluginJar : add gtzc
2025-05-27 08:47:29,361 [INFO] IPUIPlugin:80 - create IPUIPlugin
2025-05-27 08:47:29,361 [INFO] PluginManager:220 - loadIPPluginJar : add fmc
2025-05-27 08:47:29,367 [INFO] IPUIPlugin:80 - create IPUIPlugin
2025-05-27 08:47:29,367 [INFO] PluginManager:220 - loadIPPluginJar : add pdm2pcm
2025-05-27 08:47:29,372 [INFO] IPUIPlugin:80 - create IPUIPlugin
2025-05-27 08:47:29,372 [INFO] PluginManager:220 - loadIPPluginJar : add i2s
2025-05-27 08:47:29,381 [INFO] IPUIPlugin:80 - create IPUIPlugin
2025-05-27 08:47:29,382 [INFO] PluginManager:220 - loadIPPluginJar : add mdma
2025-05-27 08:47:29,386 [INFO] IPUIPlugin:80 - create IPUIPlugin
2025-05-27 08:47:29,387 [INFO] PluginManager:220 - loadIPPluginJar : add opamp
2025-05-27 08:47:29,392 [INFO] IPUIPlugin:80 - create IPUIPlugin
2025-05-27 08:47:29,392 [INFO] PluginManager:220 - loadIPPluginJar : add resmgrutility
2025-05-27 08:47:29,395 [INFO] IPUIPlugin:80 - create IPUIPlugin
2025-05-27 08:47:29,396 [INFO] PluginManager:220 - loadIPPluginJar : add genericplugin
2025-05-27 08:47:29,401 [INFO] IPUIPlugin:80 - create IPUIPlugin
2025-05-27 08:47:29,401 [INFO] PluginManager:220 - loadIPPluginJar : add nvic
2025-05-27 08:47:29,404 [INFO] IPUIPlugin:80 - create IPUIPlugin
2025-05-27 08:47:29,405 [INFO] PluginManager:220 - loadIPPluginJar : add ltdc
2025-05-27 08:47:29,416 [INFO] IPUIPlugin:80 - create IPUIPlugin
2025-05-27 08:47:29,416 [INFO] PluginManager:220 - loadIPPluginJar : add linkedlist
2025-05-27 08:47:29,420 [INFO] IPUIPlugin:80 - create IPUIPlugin
2025-05-27 08:47:29,420 [INFO] PluginManager:220 - loadIPPluginJar : add spi
2025-05-27 08:47:29,424 [INFO] IPUIPlugin:80 - create IPUIPlugin
2025-05-27 08:47:29,425 [INFO] PluginManager:220 - loadIPPluginJar : add openamp
2025-05-27 08:47:29,430 [INFO] IPUIPlugin:80 - create IPUIPlugin
2025-05-27 08:47:29,430 [INFO] PluginManager:220 - loadIPPluginJar : add usbx
2025-05-27 08:47:29,434 [INFO] IPUIPlugin:80 - create IPUIPlugin
2025-05-27 08:47:29,435 [INFO] PluginManager:220 - loadIPPluginJar : add cryp
2025-05-27 08:47:29,439 [INFO] IPUIPlugin:80 - create IPUIPlugin
2025-05-27 08:47:29,440 [INFO] PluginManager:220 - loadIPPluginJar : add lorawan
2025-05-27 08:47:29,442 [INFO] IPUIPlugin:80 - create IPUIPlugin
2025-05-27 08:47:29,444 [INFO] PluginManager:220 - loadIPPluginJar : add radio
2025-05-27 08:47:29,453 [INFO] IPUIPlugin:80 - create IPUIPlugin
2025-05-27 08:47:29,453 [INFO] PluginManager:220 - loadIPPluginJar : add freertos
2025-05-27 08:47:29,456 [INFO] IPUIPlugin:80 - create IPUIPlugin
2025-05-27 08:47:29,457 [INFO] PluginManager:220 - loadIPPluginJar : add ucpd
2025-05-27 08:47:29,460 [INFO] IPUIPlugin:80 - create IPUIPlugin
2025-05-27 08:47:29,461 [INFO] PluginManager:220 - loadIPPluginJar : add comp
2025-05-27 08:47:29,464 [INFO] IPUIPlugin:80 - create IPUIPlugin
2025-05-27 08:47:29,465 [INFO] PluginManager:220 - loadIPPluginJar : add usart
2025-05-27 08:47:29,468 [INFO] IPUIPlugin:80 - create IPUIPlugin
2025-05-27 08:47:29,468 [INFO] PluginManager:220 - loadIPPluginJar : add aes
2025-05-27 08:47:29,470 [INFO] IPUIPlugin:80 - create IPUIPlugin
2025-05-27 08:47:29,471 [INFO] PluginManager:220 - loadIPPluginJar : add tim
2025-05-27 08:47:29,474 [INFO] IPUIPlugin:80 - create IPUIPlugin
2025-05-27 08:47:29,474 [INFO] PluginManager:220 - loadIPPluginJar : add sai
2025-05-27 08:47:29,477 [INFO] IPUIPlugin:80 - create IPUIPlugin
2025-05-27 08:47:29,478 [INFO] PluginManager:220 - loadIPPluginJar : add dma3
2025-05-27 08:47:29,481 [INFO] IPUIPlugin:80 - create IPUIPlugin
2025-05-27 08:47:29,481 [INFO] PluginManager:220 - loadIPPluginJar : add can
2025-05-27 08:47:29,482 [INFO] IPUIPlugin:80 - create IPUIPlugin
2025-05-27 08:47:29,483 [INFO] PluginManager:220 - loadIPPluginJar : add quadspi
2025-05-27 08:47:29,486 [INFO] IPUIPlugin:80 - create IPUIPlugin
2025-05-27 08:47:29,486 [INFO] PluginManager:220 - loadIPPluginJar : add i3c
2025-05-27 08:47:29,491 [INFO] IPUIPlugin:80 - create IPUIPlugin
2025-05-27 08:47:29,492 [INFO] PluginManager:220 - loadIPPluginJar : add ipddr
2025-05-27 08:47:29,493 [INFO] IPUIPlugin:80 - create IPUIPlugin
2025-05-27 08:47:29,494 [INFO] PluginManager:220 - loadIPPluginJar : add tsc
2025-05-27 08:47:29,503 [INFO] IPUIPlugin:80 - create IPUIPlugin
2025-05-27 08:47:29,507 [INFO] PluginManager:220 - loadIPPluginJar : add plateformsettings
2025-05-27 08:47:29,515 [INFO] IPUIPlugin:80 - create IPUIPlugin
2025-05-27 08:47:29,515 [INFO] PluginManager:220 - loadIPPluginJar : add dma
2025-05-27 08:47:29,519 [INFO] IPUIPlugin:80 - create IPUIPlugin
2025-05-27 08:47:29,519 [INFO] PluginManager:220 - loadIPPluginJar : add tracer_emb
2025-05-27 08:47:29,652 [FATAL] Updater:351 - Updater called before beeing initialized
2025-05-27 08:47:29,701 [INFO] RulesReader:64 - Compatibility file has been processed (297 Rules)
2025-05-27 08:47:29,723 [INFO] RulesReader:64 - Compatibility file has been processed (297 Rules)
2025-05-27 08:47:29,736 [INFO] CADModel:165 - CPN selected for project level
2025-05-27 08:47:29,737 [INFO] CADModel:114 - Register for checkConnection events
2025-05-27 08:47:29,737 [FATAL] Updater:351 - Updater called before beeing initialized
2025-05-27 08:47:29,737 [ERROR] CADModel:125 - Updater not yet initialized, retry later 
2025-05-27 08:47:29,922 [FATAL] Updater:351 - Updater called before beeing initialized
2025-05-27 08:47:29,924 [INFO] CADModel:165 - CPN selected for project level
2025-05-27 08:47:29,925 [INFO] CADModel:114 - Register for checkConnection events
2025-05-27 08:47:29,925 [FATAL] Updater:351 - Updater called before beeing initialized
2025-05-27 08:47:29,925 [ERROR] CADModel:125 - Updater not yet initialized, retry later 
2025-05-27 08:47:29,930 [FATAL] Updater:351 - Updater called before beeing initialized
2025-05-27 08:47:30,092 [FATAL] Updater:351 - Updater called before beeing initialized
2025-05-27 08:47:30,099 [INFO] DbMcusAds:53 - JSON generation date=Wed May 07 11:07:55 CEST 2025 (1746608875513)
2025-05-27 08:47:30,099 [FATAL] Updater:351 - Updater called before beeing initialized
2025-05-27 08:47:30,160 [WARN] DetailPanel:346 - Failed to get advertising image, set to default
2025-05-27 08:47:30,670 [FATAL] Updater:351 - Updater called before beeing initialized
2025-05-27 08:47:30,672 [FATAL] Updater:351 - Updater called before beeing initialized
2025-05-27 08:47:30,672 [FATAL] Updater:351 - Updater called before beeing initialized
2025-05-27 08:47:30,673 [WARN] DetailPanel:346 - Failed to get advertising image, set to default
2025-05-27 08:47:30,674 [FATAL] Updater:351 - Updater called before beeing initialized
2025-05-27 08:47:30,728 [ERROR] Updater:1198 - MainUpdater not yet initialized. External WinMGr cannot be set.
2025-05-27 08:47:30,731 [INFO] Updater:1134 - Updater Version found : 6.13.0
2025-05-27 08:47:30,754 [INFO] ApplicationProperties:184 - Using Application install path: /opt/st/stm32cubeide_1.17.0/plugins/com.st.stm32cube.common.mx_6.13.0.202411220809
2025-05-27 08:47:31,058 [INFO] MainUpdater:2872 - connection check result : 22
2025-05-27 08:47:31,059 [INFO] MainUpdater:289 - Updater Check For Update Now.
2025-05-27 08:47:31,060 [INFO] MicroXplorer:498 - Change Database Version : DB.6.0.130
2025-05-27 08:47:31,069 [INFO] McuFinderGlobals:63 - Set McuFinder mode to 2 (CubeIDE integrated)
2025-05-27 08:47:31,070 [INFO] UserAuth:486 - Internet connection configuration mode: 2
2025-05-27 08:47:31,080 [INFO] UserAuth:486 - Internet connection configuration mode: 2
2025-05-27 08:47:31,364 [INFO] CheckServerUpdateThread:120 - End of CheckServer Thread
2025-05-27 08:47:31,781 [WARN] PackLoader:240 - Cannot read IP mode file for STMicroelectronics.FP-SNS-MOTENVWB1.1.4.0
2025-05-27 08:47:31,791 [WARN] PackLoader:240 - Cannot read IP mode file for STMicroelectronics.FP-ATR-ASTRA1.2.0.2
2025-05-27 08:47:31,797 [WARN] PackLoader:240 - Cannot read IP mode file for STMicroelectronics.FP-ATR-ASTRA1.2.0.1
2025-05-27 08:47:31,806 [WARN] PackLoader:240 - Cannot read IP mode file for STMicroelectronics.X-CUBE-SMBUS.2.1.0
2025-05-27 08:47:31,818 [WARN] PackLoader:240 - Cannot read IP mode file for STMicroelectronics.X-CUBE-WB05N.1.1.0
2025-05-27 08:47:31,826 [WARN] PackLoader:240 - Cannot read IP mode file for STMicroelectronics.X-CUBE-ST60.1.0.0
2025-05-27 08:47:31,878 [WARN] PackLoader:240 - Cannot read IP mode file for STMicroelectronics.X-CUBE-AZRTOS-F7.1.1.0
2025-05-27 08:47:31,993 [WARN] PackLoader:240 - Cannot read IP mode file for STMicroelectronics.X-CUBE-MEMS1.11.0.0
2025-05-27 08:47:32,313 [WARN] PackLoader:240 - Cannot read IP mode file for STMicroelectronics.FP-SNS-FLIGHT1.5.0.2
2025-05-27 08:47:32,324 [WARN] PackLoader:240 - Cannot read IP mode file for STMicroelectronics.X-CUBE-DISPLAY.3.0.0
2025-05-27 08:47:32,336 [WARN] PackLoader:240 - Cannot read IP mode file for STMicroelectronics.X-CUBE-BLE1.7.0.0
2025-05-27 08:47:32,349 [WARN] PackLoader:240 - Cannot read IP mode file for STMicroelectronics.X-CUBE-NFC10.1.0.0
2025-05-27 08:47:32,371 [WARN] PackLoader:240 - Cannot read IP mode file for STMicroelectronics.X-CUBE-BLEMGR.4.0.0
2025-05-27 08:47:32,390 [WARN] PackLoader:240 - Cannot read IP mode file for emotas.I-CUBE-CANOPEN.1.3.0
2025-05-27 08:47:32,415 [WARN] PackLoader:240 - Cannot read IP mode file for STMicroelectronics.X-CUBE-BLEMGR.3.1.0
2025-05-27 08:47:32,428 [WARN] PackLoader:240 - Cannot read IP mode file for STMicroelectronics.X-CUBE-AI.10.0.0
2025-05-27 08:47:32,434 [WARN] PackLoader:240 - Cannot read IP mode file for STMicroelectronics.FP-SNS-SMARTAG2.1.2.0
2025-05-27 08:47:32,439 [WARN] PackLoader:240 - Cannot read IP mode file for STMicroelectronics.FP-SNS-FLIGHT1.5.1.0
2025-05-27 08:47:32,510 [WARN] PackLoader:240 - Cannot read IP mode file for STMicroelectronics.X-CUBE-MEMS1.11.1.0
2025-05-27 08:47:32,715 [INFO] LogOutputStream:77 - [STDOUT_REDIRECT] 1 : Invalid condition id : UX_CORESTACK_Condition cause : null
2025-05-27 08:47:32,716 [INFO] LogOutputStream:77 - [STDOUT_REDIRECT] 1 : Invalid condition id : UX_CORESTACK_Condition cause : null
2025-05-27 08:47:32,717 [INFO] LogOutputStream:77 - [STDOUT_REDIRECT] 1 : Invalid condition id : UX_CORESTACK_Condition cause : null
2025-05-27 08:47:32,718 [INFO] LogOutputStream:77 - [STDOUT_REDIRECT] 1 : Invalid condition id : UX_CORESTACK_Condition cause : null
2025-05-27 08:47:32,718 [INFO] LogOutputStream:77 - [STDOUT_REDIRECT] 1 : Invalid condition id : UX_CORESTACK_Condition cause : null
2025-05-27 08:47:32,727 [WARN] PackLoader:240 - Cannot read IP mode file for STMicroelectronics.X-CUBE-AZRTOS-WL.2.0.0
2025-05-27 08:47:32,738 [WARN] PackLoader:240 - Cannot read IP mode file for STMicroelectronics.FP-SNS-MOTENV1.5.0.0
2025-05-27 08:47:32,745 [WARN] PackLoader:240 - Cannot read IP mode file for wolfSSL.I-CUBE-wolfMQTT.1.19.0
2025-05-27 08:47:32,756 [WARN] PackLoader:240 - Cannot read IP mode file for WES.I-CUBE-Cesium.1.3.0
2025-05-27 08:47:32,764 [WARN] PackLoader:240 - Cannot read IP mode file for STMicroelectronics.X-CUBE-BLE2.3.3.0
2025-05-27 08:47:32,777 [WARN] PackLoader:240 - Cannot read IP mode file for STMicroelectronics.X-CUBE-NFC9.1.0.0
2025-05-27 08:47:32,787 [WARN] PackLoader:240 - Cannot read IP mode file for STMicroelectronics.X-CUBE-BLE1.7.1.0
2025-05-27 08:47:32,822 [WARN] PackLoader:240 - Cannot read IP mode file for STMicroelectronics.X-CUBE-TCPP.4.1.0
2025-05-27 08:47:32,942 [WARN] PackLoader:240 - Cannot read IP mode file for STMicroelectronics.X-CUBE-MEMS1.11.2.0
2025-05-27 08:47:33,133 [WARN] PackLoader:240 - Cannot read IP mode file for STMicroelectronics.X-CUBE-AZRTOS-G0.1.1.0
2025-05-27 08:47:33,143 [WARN] PackLoader:240 - Cannot read IP mode file for STMicroelectronics.X-CUBE-SAFEA1.1.2.2
2025-05-27 08:47:33,150 [WARN] PackLoader:240 - Cannot read IP mode file for STMicroelectronics.X-CUBE-NFC4.3.0.0
2025-05-27 08:47:33,160 [WARN] PackLoader:240 - Cannot read IP mode file for EmbeddedOffice.I-CUBE-FS-RTOS.1.0.1
2025-05-27 08:47:33,167 [WARN] PackLoader:240 - Cannot read IP mode file for STMicroelectronics.X-CUBE-WB05N.2.0.0
2025-05-27 08:47:33,174 [WARN] PackLoader:240 - Cannot read IP mode file for STMicroelectronics.X-CUBE-TCPP.4.2.0
2025-05-27 08:47:33,185 [WARN] PackLoader:240 - Cannot read IP mode file for RealThread.X-CUBE-RT-Thread_Nano.4.1.1
2025-05-27 08:47:33,189 [WARN] PackLoader:240 - Cannot read IP mode file for STMicroelectronics.FP-ATR-SIGFOX1.3.2.0
2025-05-27 08:47:33,196 [WARN] ConditionMgr:438 - getConditionDescription Invalid condition id : Cortex-A Device cause : null
2025-05-27 08:47:33,211 [WARN] ConditionMgr:1044 - genDependencies : Invalid condition id : Cortex-A Device cause : null
2025-05-27 08:47:33,211 [WARN] ConditionMgr:1044 - genDependencies : Invalid condition id : Cortex-A Device cause : null
2025-05-27 08:47:33,212 [WARN] ConditionMgr:1044 - genDependencies : Invalid condition id : Cortex-A Device cause : null
2025-05-27 08:47:33,219 [WARN] PackLoader:240 - Cannot read IP mode file for STMicroelectronics.X-CUBE-EEPRMA1.5.1.0
2025-05-27 08:47:33,227 [WARN] PackLoader:240 - Cannot read IP mode file for wolfSSL.I-CUBE-wolfSSL.5.7.4
2025-05-27 08:47:33,237 [WARN] PackLoader:240 - Cannot read IP mode file for ITTIA_DB.I-CUBE-ITTIADB.8.9.0
2025-05-27 08:47:33,287 [WARN] PackLoader:240 - Cannot read IP mode file for SEGGER.I-CUBE-embOS.1.3.1
2025-05-27 08:47:33,369 [WARN] PackLoader:240 - Cannot read IP mode file for STMicroelectronics.X-CUBE-ALGOBUILD.1.4.0
2025-05-27 08:47:33,376 [WARN] PackLoader:240 - Cannot read IP mode file for STMicroelectronics.X-CUBE-AI.9.1.0
2025-05-27 08:47:33,412 [WARN] PackLoader:240 - Cannot read IP mode file for STMicroelectronics.X-CUBE-AZRTOS-F4.1.1.0
2025-05-27 08:47:33,422 [WARN] PackLoader:240 - Cannot read IP mode file for Avnet-IotConnect.X-CUBE-IoTC-DA16k-PMOD.1.0.0
2025-05-27 08:47:33,428 [WARN] PackLoader:240 - Cannot read IP mode file for STMicroelectronics.X-CUBE-ISPU.2.1.0
2025-05-27 08:47:33,436 [WARN] PackLoader:240 - Cannot read IP mode file for STMicroelectronics.X-CUBE-FREERTOS.1.2.0
2025-05-27 08:47:33,472 [WARN] PackLoader:240 - Cannot read IP mode file for STMicroelectronics.X-CUBE-AZRTOS-L5.2.0.0
2025-05-27 08:47:33,491 [WARN] PackLoader:240 - Cannot read IP mode file for STMicroelectronics.X-CUBE-NFC6.3.1.0
2025-05-27 08:47:33,504 [WARN] PackLoader:240 - Cannot read IP mode file for STMicroelectronics.X-CUBE-DPower.1.2.0
2025-05-27 08:47:33,514 [WARN] PackLoader:240 - Cannot read IP mode file for STMicroelectronics.X-CUBE-FREERTOS.1.3.1
2025-05-27 08:47:33,521 [WARN] PackLoader:240 - Cannot read IP mode file for STMicroelectronics.X-CUBE-FREERTOS.1.3.0
2025-05-27 08:47:33,529 [WARN] PackLoader:240 - Cannot read IP mode file for STMicroelectronics.X-CUBE-NFC7.1.0.1
2025-05-27 08:47:33,538 [WARN] PackLoader:240 - Cannot read IP mode file for STMicroelectronics.X-CUBE-DPower.1.3.0
2025-05-27 08:47:33,578 [WARN] ConditionMgr:438 - getConditionDescription Invalid condition id : LAN8742 Phy interface Condition cause : null
2025-05-27 08:47:33,579 [WARN] PackLoader:240 - Cannot read IP mode file for STMicroelectronics.X-CUBE-AZRTOS-L4.2.0.0
2025-05-27 08:47:33,582 [WARN] ConditionMgr:1044 - genDependencies : Invalid condition id : LAN8742 Phy interface Condition cause : null
2025-05-27 08:47:33,583 [WARN] ConditionMgr:1044 - genDependencies : Invalid condition id : LAN8742 Phy interface Condition cause : null
2025-05-27 08:47:33,584 [WARN] ConditionMgr:1044 - genDependencies : Invalid condition id : LAN8742 Phy interface Condition cause : null
2025-05-27 08:47:33,597 [WARN] PackLoader:240 - Cannot read IP mode file for STMicroelectronics.X-CUBE-SFXS2LP1.4.0.0
2025-05-27 08:47:33,633 [WARN] PackLoader:240 - Cannot read IP mode file for STMicroelectronics.X-CUBE-AZRTOS-H7.3.3.0
2025-05-27 08:47:33,649 [WARN] PackLoader:240 - Cannot read IP mode file for STMicroelectronics.X-CUBE-IPS.3.0.0
2025-05-27 08:47:33,670 [WARN] ConditionMgr:438 - getConditionDescription Invalid condition id : UX DEVICE CLASS RTOS Condition cause : null
2025-05-27 08:47:33,670 [WARN] ConditionMgr:438 - getConditionDescription Invalid condition id : UX DEVICE CLASS RTOS Condition cause : null
2025-05-27 08:47:33,673 [WARN] PackLoader:240 - Cannot read IP mode file for STMicroelectronics.X-CUBE-AZRTOS-WB.2.0.0
2025-05-27 08:47:33,674 [WARN] ConditionMgr:1044 - genDependencies : Invalid condition id : UX DEVICE CLASS RTOS Condition cause : null
2025-05-27 08:47:33,674 [WARN] ConditionMgr:1044 - genDependencies : Invalid condition id : UX DEVICE CLASS RTOS Condition cause : null
2025-05-27 08:47:33,675 [WARN] ConditionMgr:1044 - genDependencies : Invalid condition id : UX DEVICE CLASS RTOS Condition cause : null
2025-05-27 08:47:33,675 [WARN] ConditionMgr:1044 - genDependencies : Invalid condition id : UX DEVICE CLASS RTOS Condition cause : null
2025-05-27 08:47:33,676 [WARN] ConditionMgr:1044 - genDependencies : Invalid condition id : UX DEVICE CLASS RTOS Condition cause : null
2025-05-27 08:47:33,682 [WARN] PackLoader:240 - Cannot read IP mode file for STMicroelectronics.X-CUBE-GNSS1.7.0.0
2025-05-27 08:47:33,691 [WARN] PackLoader:240 - Cannot read IP mode file for STMicroelectronics.X-CUBE-GNSS1.7.0.1
2025-05-27 08:47:33,697 [WARN] PackLoader:240 - Cannot read IP mode file for STMicroelectronics.X-CUBE-TOUCHGFX.4.25.0
2025-05-27 08:47:33,705 [WARN] PackLoader:240 - Cannot read IP mode file for STMicroelectronics.FP-SNS-STBOX1.2.0.0
2025-05-27 08:47:33,723 [WARN] PackLoader:240 - Cannot read IP mode file for STMicroelectronics.X-CUBE-SUBG2.5.0.0
2025-05-27 08:47:33,761 [WARN] PackLoader:240 - Cannot read IP mode file for STMicroelectronics.X-CUBE-AZRTOS-H7RS.1.1.0
2025-05-27 08:47:33,769 [WARN] PackLoader:240 - Cannot read IP mode file for Cesanta.I-CUBE-Mongoose.7.13.0
2025-05-27 08:47:33,787 [WARN] PackLoader:240 - Cannot read IP mode file for STMicroelectronics.X-CUBE-AZRTOS-G4.2.0.0
2025-05-27 08:47:33,794 [WARN] PackLoader:240 - Cannot read IP mode file for STMicroelectronics.X-CUBE-NFC7.2.0.0
2025-05-27 08:47:33,836 [WARN] PackLoader:240 - Cannot read IP mode file for STMicroelectronics.X-CUBE-IPS.3.1.0
2025-05-27 08:47:33,866 [WARN] PackLoader:240 - Cannot read IP mode file for STMicroelectronics.X-CUBE-ALS.1.0.2
2025-05-27 08:47:33,872 [WARN] PackLoader:240 - Cannot read IP mode file for STMicroelectronics.X-CUBE-TOUCHGFX.4.24.2
2025-05-27 08:47:33,876 [WARN] PackLoader:240 - Cannot read IP mode file for STMicroelectronics.X-CUBE-TOUCHGFX.4.24.1
2025-05-27 08:47:33,881 [WARN] PackLoader:240 - Cannot read IP mode file for wolfSSL.I-CUBE-wolfTPM.3.4.0
2025-05-27 08:47:33,890 [WARN] PackLoader:240 - Cannot read IP mode file for portGmbH.I-Cube-SoM-uGOAL.1.1.0
2025-05-27 08:47:33,935 [WARN] PackLoader:240 - Cannot read IP mode file for STMicroelectronics.X-CUBE-AZRTOS-H7RS.1.0.0
2025-05-27 08:47:33,965 [WARN] PackLoader:240 - Cannot read IP mode file for STMicroelectronics.X-CUBE-TOF1.3.4.2
2025-05-27 08:47:34,033 [WARN] PackLoader:240 - Cannot read IP mode file for STMicroelectronics.X-CUBE-TOF1.3.4.3
2025-05-27 08:47:34,081 [WARN] PackLoader:240 - Cannot read IP mode file for Infineon.AIROC-Wi-Fi-Bluetooth-STM32.1.6.1
2025-05-27 08:47:34,088 [WARN] PackLoader:240 - Cannot read IP mode file for wolfSSL.I-CUBE-wolfSSH.1.4.17
2025-05-27 08:47:34,089 [INFO] ThirdParty:978 - Integrity check success = true
2025-05-27 08:47:34,090 [INFO] IntegrityCheckThread:100 - exiting critical section [integrity check]
2025-05-27 08:47:34,090 [INFO] IntegrityCheckThread:103 - End integrity checks thread
2025-05-27 08:48:20,365 [ERROR] ConfigurationRetriever:142 - IOException on connection: sw-center.st.com
2025-05-27 08:48:20,367 [ERROR] ConfigurationRetriever:142 - IOException on connection: sw-center.st.com
2025-05-27 08:48:20,369 [ERROR] ConfigurationRetriever:142 - IOException on connection: sw-center.st.com
2025-05-27 08:53:34,518 [ERROR] ConfigurationRetriever:142 - IOException on connection: sw-center.st.com
2025-05-27 08:53:34,520 [ERROR] ConfigurationRetriever:142 - IOException on connection: sw-center.st.com
2025-05-27 08:53:34,521 [ERROR] ConfigurationRetriever:142 - IOException on connection: sw-center.st.com
2025-05-27 08:55:32,820 [INFO] Activator:176 - 


2025-05-27 08:55:32,823 [INFO] Activator:177 - !SESSION log4j initialized
2025-05-27 08:55:38,644 [INFO] LogOutputStream:77 - [STDOUT_REDIRECT] 
2025-05-27 08:55:39,295 [ERROR] ConfigurationRetriever:142 - IOException on connection: sw-center.st.com
2025-05-27 08:55:39,297 [ERROR] ConfigurationRetriever:142 - IOException on connection: sw-center.st.com
2025-05-27 08:55:39,298 [ERROR] ConfigurationRetriever:142 - IOException on connection: sw-center.st.com
2025-05-27 08:55:39,774 [INFO] ApplicationProperties:184 - Using Application install path: /opt/st/stm32cubeide_1.17.0/plugins/com.st.stm32cube.common.mx_6.13.0.202411220809
2025-05-27 08:55:39,814 [INFO] DbMcusXml:78 - Set database path to: /opt/st/stm32cubeide_1.17.0/plugins/com.st.stm32cube.common.mx_6.13.0.202411220809//db//mcu/
2025-05-27 08:55:39,815 [INFO] ApiDb:274 - Set plugin database path to: /opt/st/stm32cubeide_1.17.0/plugins/com.st.stm32cube.common.mx_6.13.0.202411220809//db//plugins/boardmanager/
2025-05-27 08:55:39,815 [WARN] ApiDb:259 - Overriding images path with different value:  => /opt/st/stm32cubeide_1.17.0/plugins/com.st.stm32cube.common.mx_6.13.0.202411220809//db//plugins/mcufinder/images/
2025-05-27 08:55:39,822 [INFO] ApiDb:250 - Set database path to: /home/maciej/.stmcufinder/plugins/mcufinder//mcu/
2025-05-27 08:55:39,824 [INFO] DbMcusAds:125 - Set database path to: /home/maciej/.stmcufinder/plugins/mcufinder//mcu/
2025-05-27 08:55:39,828 [INFO] CrossReferenceDbSqlite:203 - Set database path to: /home/maciej/.stmcufinder/plugins/mcufinder//mcu/cs/
2025-05-27 08:55:40,087 [INFO] RulesReader:64 - Compatibility file has been processed (297 Rules)
2025-05-27 08:55:40,240 [INFO] DbMcusXml:78 - Set database path to: /opt/st/stm32cubeide_1.17.0/plugins/com.st.stm32cube.common.mx_6.13.0.202411220809//db//mcu/
2025-05-27 08:55:40,241 [INFO] ApiDb:274 - Set plugin database path to: /opt/st/stm32cubeide_1.17.0/plugins/com.st.stm32cube.common.mx_6.13.0.202411220809//db//plugins/boardmanager/
2025-05-27 08:55:40,241 [INFO] ApiDb:261 - Set plugin images path to: /opt/st/stm32cubeide_1.17.0/plugins/com.st.stm32cube.common.mx_6.13.0.202411220809//db//plugins/mcufinder/images/
2025-05-27 08:55:40,242 [WARN] DbFile:41 - Overriding database path with different value: /home/maciej/.stmcufinder/plugins/mcufinder/ => /home/maciej/.stmcufinder/plugins/mcufinder
2025-05-27 08:55:40,242 [INFO] ApiDb:250 - Set database path to: /home/maciej/.stmcufinder/plugins/mcufinder//mcu/
2025-05-27 08:55:40,242 [WARN] DbFile:41 - Overriding database path with different value: /home/maciej/.stmcufinder/plugins/mcufinder/ => /home/maciej/.stmcufinder/plugins/mcufinder
2025-05-27 08:55:40,242 [INFO] DbMcusAds:125 - Set database path to: /home/maciej/.stmcufinder/plugins/mcufinder//mcu/
2025-05-27 08:55:40,243 [WARN] DbFile:41 - Overriding database path with different value: /home/maciej/.stmcufinder/plugins/mcufinder/ => /home/maciej/.stmcufinder/plugins/mcufinder
2025-05-27 08:55:40,243 [WARN] DbFile:41 - Overriding database path with different value: /home/maciej/.stmcufinder/plugins/mcufinder/ => /home/maciej/.stmcufinder/plugins/mcufinder
2025-05-27 08:55:40,243 [INFO] CrossReferenceDbSqlite:203 - Set database path to: /home/maciej/.stmcufinder/plugins/mcufinder//mcu/cs/
2025-05-27 08:55:40,379 [INFO] MainPanel:272 - HeapMemory: 268435456
2025-05-27 08:55:40,636 [INFO] DbMcusXml:78 - Set database path to: /opt/st/stm32cubeide_1.17.0/plugins/com.st.stm32cube.common.mx_6.13.0.202411220809//db//mcu/
2025-05-27 08:55:40,637 [INFO] ApiDb:274 - Set plugin database path to: /opt/st/stm32cubeide_1.17.0/plugins/com.st.stm32cube.common.mx_6.13.0.202411220809//db//plugins/boardmanager/
2025-05-27 08:55:40,637 [INFO] ApiDb:261 - Set plugin images path to: /opt/st/stm32cubeide_1.17.0/plugins/com.st.stm32cube.common.mx_6.13.0.202411220809//db//plugins/mcufinder/images/
2025-05-27 08:55:40,638 [WARN] DbFile:41 - Overriding database path with different value: /home/maciej/.stmcufinder/plugins/mcufinder/ => /home/maciej/.stmcufinder/plugins/mcufinder
2025-05-27 08:55:40,638 [INFO] ApiDb:250 - Set database path to: /home/maciej/.stmcufinder/plugins/mcufinder//mcu/
2025-05-27 08:55:40,638 [WARN] DbFile:41 - Overriding database path with different value: /home/maciej/.stmcufinder/plugins/mcufinder/ => /home/maciej/.stmcufinder/plugins/mcufinder
2025-05-27 08:55:40,639 [INFO] DbMcusAds:125 - Set database path to: /home/maciej/.stmcufinder/plugins/mcufinder//mcu/
2025-05-27 08:55:40,639 [WARN] DbFile:41 - Overriding database path with different value: /home/maciej/.stmcufinder/plugins/mcufinder/ => /home/maciej/.stmcufinder/plugins/mcufinder
2025-05-27 08:55:40,639 [WARN] DbFile:41 - Overriding database path with different value: /home/maciej/.stmcufinder/plugins/mcufinder/ => /home/maciej/.stmcufinder/plugins/mcufinder
2025-05-27 08:55:40,640 [INFO] CrossReferenceDbSqlite:203 - Set database path to: /home/maciej/.stmcufinder/plugins/mcufinder//mcu/cs/
2025-05-27 08:55:40,676 [INFO] ApplicationProperties:184 - Using Application install path: /opt/st/stm32cubeide_1.17.0/plugins/com.st.stm32cube.common.mx_6.13.0.202411220809
2025-05-27 08:55:40,679 [INFO] PluginManage:196 - Search for loadable plugins [exclusion list=, ]
2025-05-27 08:55:40,682 [INFO] PluginManage:310 - Check plugin analytics
2025-05-27 08:55:41,048 [INFO] AnalyticsPlugin:253 - Accepted Software Licenses: STM32CubeMX.6.12.1,STM32CubeMX.6.14.1
2025-05-27 08:55:41,049 [INFO] AnalyticsPlugin:255 - Accepted CMSIS Pack Licenses: 
2025-05-27 08:55:41,049 [INFO] AnalyticsPlugin:257 - Accepted Firmware Licenses: FW.L4.1.18.0,FW.F4.1.28.0,FW.G4.1.6.0
2025-05-27 08:55:41,054 [INFO] PluginManage:359 - Loaded plugin analytics (category:tool,tabindex:-1)
2025-05-27 08:55:41,055 [INFO] PluginManage:310 - Check plugin cadmodel
2025-05-27 08:55:41,055 [ERROR] ConfigurationRetriever:142 - IOException on connection: sw-center.st.com
2025-05-27 08:55:41,057 [ERROR] ConfigurationRetriever:142 - IOException on connection: sw-center.st.com
2025-05-27 08:55:41,058 [ERROR] ConfigurationRetriever:142 - IOException on connection: sw-center.st.com
2025-05-27 08:55:41,061 [INFO] CADModel:105 - Init CAD model plugin
2025-05-27 08:55:41,061 [INFO] PluginManage:359 - Loaded plugin cadmodel (category:power,tabindex:5)
2025-05-27 08:55:41,062 [INFO] PluginManage:310 - Check plugin clock
2025-05-27 08:55:41,073 [INFO] PluginManage:359 - Loaded plugin clock (category:base,tabindex:2)
2025-05-27 08:55:41,074 [INFO] PluginManage:310 - Check plugin ddr
2025-05-27 08:55:41,077 [INFO] PluginManage:359 - Loaded plugin ddr (category:tool,tabindex:6)
2025-05-27 08:55:41,077 [INFO] PluginManage:310 - Check plugin filemanager
2025-05-27 08:55:41,292 [INFO] PluginManage:359 - Loaded plugin filemanager (category:base,tabindex:10)
2025-05-27 08:55:41,292 [INFO] PluginManage:310 - Check plugin ipmanager
2025-05-27 08:55:41,299 [INFO] PluginManage:359 - Loaded plugin ipmanager (category:base,tabindex:5)
2025-05-27 08:55:41,300 [INFO] PluginManage:310 - Check plugin lpbam
2025-05-27 08:55:41,313 [INFO] PluginManage:359 - Loaded plugin lpbam (category:base,tabindex:0)
2025-05-27 08:55:41,313 [INFO] PluginManage:310 - Check plugin memorymap
2025-05-27 08:55:41,328 [INFO] PluginManage:359 - Loaded plugin memorymap (category:base,tabindex:4)
2025-05-27 08:55:41,329 [INFO] PluginManage:310 - Check plugin pinoutandconfiguration
2025-05-27 08:55:41,340 [INFO] PluginManage:359 - Loaded plugin pinoutandconfiguration (category:base,tabindex:1)
2025-05-27 08:55:41,340 [INFO] PluginManage:310 - Check plugin pinoutconfig
2025-05-27 08:55:41,491 [WARN] SupportedApi:132 - Cannot load RTOS API schema: s4s-elt-must-match.1: The content of 'definitions' must match (annotation?, (simpleType | complexType)?, (unique | key | keyref)*)). A problem was found starting at: attribute.
2025-05-27 08:55:41,710 [INFO] PluginManage:359 - Loaded plugin pinoutconfig (category:base,tabindex:0)
2025-05-27 08:55:41,710 [INFO] PluginManage:310 - Check plugin power
2025-05-27 08:55:41,722 [INFO] PluginManage:359 - Loaded plugin power (category:power,tabindex:4)
2025-05-27 08:55:41,722 [INFO] PluginManage:310 - Check plugin projectmanager
2025-05-27 08:55:41,748 [INFO] PluginManage:359 - Loaded plugin projectmanager (category:projectmanager,tabindex:4)
2025-05-27 08:55:41,748 [INFO] PluginManage:310 - Check plugin rif
2025-05-27 08:55:41,757 [INFO] PluginManage:359 - Loaded plugin rif (category:base,tabindex:3)
2025-05-27 08:55:41,757 [INFO] PluginManage:310 - Check plugin thirdparty
2025-05-27 08:55:41,936 [INFO] PluginManage:359 - Loaded plugin thirdparty (category:base,tabindex:-1)
2025-05-27 08:55:41,936 [WARN] IntegrityCheckThread:84 - waiting for thirdparty lock release [integrity check]
2025-05-27 08:55:41,937 [INFO] IntegrityCheckThread:86 - entering critical section [integrity check]
2025-05-27 08:55:41,937 [INFO] PluginManage:310 - Check plugin tools
2025-05-27 08:55:41,938 [INFO] ThirdPartyUpdaterWithRetryManager:70 - Updater plugin not ready yet. [1/15]
2025-05-27 08:55:41,940 [INFO] PluginManage:359 - Loaded plugin tools (category:base,tabindex:7)
2025-05-27 08:55:41,941 [INFO] PluginManage:310 - Check plugin tutovideos
2025-05-27 08:55:42,205 [INFO] PluginManage:359 - Loaded plugin tutovideos (category:base,tabindex:-1)
2025-05-27 08:55:42,205 [INFO] PluginManage:310 - Check plugin updater
2025-05-27 08:55:42,250 [INFO] PluginManage:359 - Loaded plugin updater (category:base,tabindex:12)
2025-05-27 08:55:42,250 [INFO] PluginManage:310 - Check plugin userauth
2025-05-27 08:55:42,256 [INFO] UserAuth:118 - Init User Auth plugin
2025-05-27 08:55:42,257 [INFO] PluginManage:359 - Loaded plugin userauth (category:base,tabindex:14)
2025-05-27 08:55:42,258 [INFO] PluginManage:283 - PluginManage : Loaded plugins [18]
2025-05-27 08:55:42,519 [INFO] PinOutPanel:1589 - setPackage(No Configuration,No Configuration)
2025-05-27 08:55:42,623 [INFO] CADModel:165 - CPN selected for project level
2025-05-27 08:55:42,624 [INFO] CADModel:114 - Register for checkConnection events
2025-05-27 08:55:42,640 [INFO] IPUIPlugin:80 - create IPUIPlugin
2025-05-27 08:55:42,641 [INFO] PluginManager:220 - loadIPPluginJar : add gic
2025-05-27 08:55:42,656 [INFO] IPUIPlugin:80 - create IPUIPlugin
2025-05-27 08:55:42,657 [INFO] PluginManager:220 - loadIPPluginJar : add adc
2025-05-27 08:55:42,660 [INFO] IPUIPlugin:80 - create IPUIPlugin
2025-05-27 08:55:42,660 [INFO] PluginManager:220 - loadIPPluginJar : add hash
2025-05-27 08:55:42,662 [INFO] IPUIPlugin:80 - create IPUIPlugin
2025-05-27 08:55:42,662 [INFO] PluginManager:220 - loadIPPluginJar : add ts
2025-05-27 08:55:42,667 [INFO] IPUIPlugin:80 - create IPUIPlugin
2025-05-27 08:55:42,667 [INFO] PluginManager:220 - loadIPPluginJar : add gpio
2025-05-27 08:55:42,670 [INFO] IPUIPlugin:80 - create IPUIPlugin
2025-05-27 08:55:42,670 [INFO] PluginManager:220 - loadIPPluginJar : add dfsdm
2025-05-27 08:55:42,674 [INFO] IPUIPlugin:80 - create IPUIPlugin
2025-05-27 08:55:42,674 [INFO] PluginManager:220 - loadIPPluginJar : add touchsensing
2025-05-27 08:55:42,681 [INFO] IPUIPlugin:80 - create IPUIPlugin
2025-05-27 08:55:42,681 [INFO] PluginManager:220 - loadIPPluginJar : add stm32_wpan
2025-05-27 08:55:42,684 [INFO] IPUIPlugin:80 - create IPUIPlugin
2025-05-27 08:55:42,684 [INFO] PluginManager:220 - loadIPPluginJar : add i2c
2025-05-27 08:55:42,687 [INFO] IPUIPlugin:80 - create IPUIPlugin
2025-05-27 08:55:42,687 [INFO] PluginManager:220 - loadIPPluginJar : add gfxmmu
2025-05-27 08:55:42,690 [INFO] IPUIPlugin:80 - create IPUIPlugin
2025-05-27 08:55:42,690 [INFO] PluginManager:220 - loadIPPluginJar : add extmemmanager
2025-05-27 08:55:42,693 [INFO] IPUIPlugin:80 - create IPUIPlugin
2025-05-27 08:55:42,693 [INFO] PluginManager:220 - loadIPPluginJar : add ddr_ctrl_phy
2025-05-27 08:55:42,695 [INFO] IPUIPlugin:80 - create IPUIPlugin
2025-05-27 08:55:42,695 [INFO] PluginManager:220 - loadIPPluginJar : add fatfs
2025-05-27 08:55:42,698 [INFO] IPUIPlugin:80 - create IPUIPlugin
2025-05-27 08:55:42,698 [INFO] PluginManager:220 - loadIPPluginJar : add gtzc
2025-05-27 08:55:42,704 [INFO] IPUIPlugin:80 - create IPUIPlugin
2025-05-27 08:55:42,704 [INFO] PluginManager:220 - loadIPPluginJar : add fmc
2025-05-27 08:55:42,707 [INFO] IPUIPlugin:80 - create IPUIPlugin
2025-05-27 08:55:42,707 [INFO] PluginManager:220 - loadIPPluginJar : add pdm2pcm
2025-05-27 08:55:42,710 [INFO] IPUIPlugin:80 - create IPUIPlugin
2025-05-27 08:55:42,710 [INFO] PluginManager:220 - loadIPPluginJar : add i2s
2025-05-27 08:55:42,718 [INFO] IPUIPlugin:80 - create IPUIPlugin
2025-05-27 08:55:42,718 [INFO] PluginManager:220 - loadIPPluginJar : add mdma
2025-05-27 08:55:42,721 [INFO] IPUIPlugin:80 - create IPUIPlugin
2025-05-27 08:55:42,721 [INFO] PluginManager:220 - loadIPPluginJar : add opamp
2025-05-27 08:55:42,725 [INFO] IPUIPlugin:80 - create IPUIPlugin
2025-05-27 08:55:42,726 [INFO] PluginManager:220 - loadIPPluginJar : add resmgrutility
2025-05-27 08:55:42,727 [INFO] IPUIPlugin:80 - create IPUIPlugin
2025-05-27 08:55:42,728 [INFO] PluginManager:220 - loadIPPluginJar : add genericplugin
2025-05-27 08:55:42,732 [INFO] IPUIPlugin:80 - create IPUIPlugin
2025-05-27 08:55:42,732 [INFO] PluginManager:220 - loadIPPluginJar : add nvic
2025-05-27 08:55:42,734 [INFO] IPUIPlugin:80 - create IPUIPlugin
2025-05-27 08:55:42,734 [INFO] PluginManager:220 - loadIPPluginJar : add ltdc
2025-05-27 08:55:42,744 [INFO] IPUIPlugin:80 - create IPUIPlugin
2025-05-27 08:55:42,744 [INFO] PluginManager:220 - loadIPPluginJar : add linkedlist
2025-05-27 08:55:42,746 [INFO] IPUIPlugin:80 - create IPUIPlugin
2025-05-27 08:55:42,747 [INFO] PluginManager:220 - loadIPPluginJar : add spi
2025-05-27 08:55:42,750 [INFO] IPUIPlugin:80 - create IPUIPlugin
2025-05-27 08:55:42,750 [INFO] PluginManager:220 - loadIPPluginJar : add openamp
2025-05-27 08:55:42,753 [INFO] IPUIPlugin:80 - create IPUIPlugin
2025-05-27 08:55:42,754 [INFO] PluginManager:220 - loadIPPluginJar : add usbx
2025-05-27 08:55:42,756 [INFO] IPUIPlugin:80 - create IPUIPlugin
2025-05-27 08:55:42,756 [INFO] PluginManager:220 - loadIPPluginJar : add cryp
2025-05-27 08:55:42,759 [INFO] IPUIPlugin:80 - create IPUIPlugin
2025-05-27 08:55:42,760 [INFO] PluginManager:220 - loadIPPluginJar : add lorawan
2025-05-27 08:55:42,761 [INFO] IPUIPlugin:80 - create IPUIPlugin
2025-05-27 08:55:42,762 [INFO] PluginManager:220 - loadIPPluginJar : add radio
2025-05-27 08:55:42,768 [INFO] IPUIPlugin:80 - create IPUIPlugin
2025-05-27 08:55:42,769 [INFO] PluginManager:220 - loadIPPluginJar : add freertos
2025-05-27 08:55:42,771 [INFO] IPUIPlugin:80 - create IPUIPlugin
2025-05-27 08:55:42,771 [INFO] PluginManager:220 - loadIPPluginJar : add ucpd
2025-05-27 08:55:42,773 [INFO] IPUIPlugin:80 - create IPUIPlugin
2025-05-27 08:55:42,773 [INFO] PluginManager:220 - loadIPPluginJar : add comp
2025-05-27 08:55:42,776 [INFO] IPUIPlugin:80 - create IPUIPlugin
2025-05-27 08:55:42,777 [INFO] PluginManager:220 - loadIPPluginJar : add usart
2025-05-27 08:55:42,780 [INFO] IPUIPlugin:80 - create IPUIPlugin
2025-05-27 08:55:42,780 [INFO] PluginManager:220 - loadIPPluginJar : add aes
2025-05-27 08:55:42,782 [INFO] IPUIPlugin:80 - create IPUIPlugin
2025-05-27 08:55:42,782 [INFO] PluginManager:220 - loadIPPluginJar : add tim
2025-05-27 08:55:42,786 [INFO] IPUIPlugin:80 - create IPUIPlugin
2025-05-27 08:55:42,786 [INFO] PluginManager:220 - loadIPPluginJar : add sai
2025-05-27 08:55:42,789 [INFO] IPUIPlugin:80 - create IPUIPlugin
2025-05-27 08:55:42,789 [INFO] PluginManager:220 - loadIPPluginJar : add dma3
2025-05-27 08:55:42,792 [INFO] IPUIPlugin:80 - create IPUIPlugin
2025-05-27 08:55:42,793 [INFO] PluginManager:220 - loadIPPluginJar : add can
2025-05-27 08:55:42,794 [INFO] IPUIPlugin:80 - create IPUIPlugin
2025-05-27 08:55:42,795 [INFO] PluginManager:220 - loadIPPluginJar : add quadspi
2025-05-27 08:55:42,798 [INFO] IPUIPlugin:80 - create IPUIPlugin
2025-05-27 08:55:42,798 [INFO] PluginManager:220 - loadIPPluginJar : add i3c
2025-05-27 08:55:42,802 [INFO] IPUIPlugin:80 - create IPUIPlugin
2025-05-27 08:55:42,802 [INFO] PluginManager:220 - loadIPPluginJar : add ipddr
2025-05-27 08:55:42,804 [INFO] IPUIPlugin:80 - create IPUIPlugin
2025-05-27 08:55:42,804 [INFO] PluginManager:220 - loadIPPluginJar : add tsc
2025-05-27 08:55:42,812 [INFO] IPUIPlugin:80 - create IPUIPlugin
2025-05-27 08:55:42,816 [INFO] PluginManager:220 - loadIPPluginJar : add plateformsettings
2025-05-27 08:55:42,824 [INFO] IPUIPlugin:80 - create IPUIPlugin
2025-05-27 08:55:42,825 [INFO] PluginManager:220 - loadIPPluginJar : add dma
2025-05-27 08:55:42,827 [INFO] IPUIPlugin:80 - create IPUIPlugin
2025-05-27 08:55:42,827 [INFO] PluginManager:220 - loadIPPluginJar : add tracer_emb
2025-05-27 08:55:42,962 [FATAL] Updater:351 - Updater called before beeing initialized
2025-05-27 08:55:43,031 [INFO] RulesReader:64 - Compatibility file has been processed (297 Rules)
2025-05-27 08:55:43,049 [INFO] RulesReader:64 - Compatibility file has been processed (297 Rules)
2025-05-27 08:55:43,063 [INFO] CADModel:165 - CPN selected for project level
2025-05-27 08:55:43,063 [INFO] CADModel:114 - Register for checkConnection events
2025-05-27 08:55:43,063 [FATAL] Updater:351 - Updater called before beeing initialized
2025-05-27 08:55:43,063 [ERROR] CADModel:125 - Updater not yet initialized, retry later 
2025-05-27 08:55:43,247 [FATAL] Updater:351 - Updater called before beeing initialized
2025-05-27 08:55:43,249 [INFO] CADModel:165 - CPN selected for project level
2025-05-27 08:55:43,249 [INFO] CADModel:114 - Register for checkConnection events
2025-05-27 08:55:43,249 [FATAL] Updater:351 - Updater called before beeing initialized
2025-05-27 08:55:43,249 [ERROR] CADModel:125 - Updater not yet initialized, retry later 
2025-05-27 08:55:43,255 [FATAL] Updater:351 - Updater called before beeing initialized
2025-05-27 08:55:43,407 [FATAL] Updater:351 - Updater called before beeing initialized
2025-05-27 08:55:43,413 [INFO] DbMcusAds:53 - JSON generation date=Wed May 07 11:07:55 CEST 2025 (1746608875513)
2025-05-27 08:55:43,413 [FATAL] Updater:351 - Updater called before beeing initialized
2025-05-27 08:55:43,471 [WARN] DetailPanel:346 - Failed to get advertising image, set to default
2025-05-27 08:55:43,980 [FATAL] Updater:351 - Updater called before beeing initialized
2025-05-27 08:55:43,983 [FATAL] Updater:351 - Updater called before beeing initialized
2025-05-27 08:55:43,983 [FATAL] Updater:351 - Updater called before beeing initialized
2025-05-27 08:55:43,983 [WARN] DetailPanel:346 - Failed to get advertising image, set to default
2025-05-27 08:55:43,984 [FATAL] Updater:351 - Updater called before beeing initialized
2025-05-27 08:55:44,038 [ERROR] Updater:1198 - MainUpdater not yet initialized. External WinMGr cannot be set.
2025-05-27 08:55:44,041 [INFO] Updater:1134 - Updater Version found : 6.13.0
2025-05-27 08:55:44,068 [INFO] ApplicationProperties:184 - Using Application install path: /opt/st/stm32cubeide_1.17.0/plugins/com.st.stm32cube.common.mx_6.13.0.202411220809
2025-05-27 08:55:44,374 [INFO] MainUpdater:2872 - connection check result : 22
2025-05-27 08:55:44,375 [INFO] MainUpdater:289 - Updater Check For Update Now.
2025-05-27 08:55:44,376 [INFO] MicroXplorer:498 - Change Database Version : DB.6.0.130
2025-05-27 08:55:44,385 [INFO] McuFinderGlobals:63 - Set McuFinder mode to 2 (CubeIDE integrated)
2025-05-27 08:55:44,386 [INFO] UserAuth:486 - Internet connection configuration mode: 2
2025-05-27 08:55:44,397 [INFO] UserAuth:486 - Internet connection configuration mode: 2
2025-05-27 08:55:44,653 [INFO] CheckServerUpdateThread:120 - End of CheckServer Thread
2025-05-27 08:55:45,257 [WARN] PackLoader:240 - Cannot read IP mode file for STMicroelectronics.FP-SNS-MOTENVWB1.1.4.0
2025-05-27 08:55:45,273 [WARN] PackLoader:240 - Cannot read IP mode file for STMicroelectronics.FP-ATR-ASTRA1.2.0.2
2025-05-27 08:55:45,280 [WARN] PackLoader:240 - Cannot read IP mode file for STMicroelectronics.FP-ATR-ASTRA1.2.0.1
2025-05-27 08:55:45,294 [WARN] PackLoader:240 - Cannot read IP mode file for STMicroelectronics.X-CUBE-SMBUS.2.1.0
2025-05-27 08:55:45,310 [WARN] PackLoader:240 - Cannot read IP mode file for STMicroelectronics.X-CUBE-WB05N.1.1.0
2025-05-27 08:55:45,321 [WARN] PackLoader:240 - Cannot read IP mode file for STMicroelectronics.X-CUBE-ST60.1.0.0
2025-05-27 08:55:45,406 [WARN] PackLoader:240 - Cannot read IP mode file for STMicroelectronics.X-CUBE-AZRTOS-F7.1.1.0
2025-05-27 08:55:45,622 [WARN] PackLoader:240 - Cannot read IP mode file for STMicroelectronics.X-CUBE-MEMS1.11.0.0
2025-05-27 08:55:46,331 [WARN] PackLoader:240 - Cannot read IP mode file for STMicroelectronics.FP-SNS-FLIGHT1.5.0.2
2025-05-27 08:55:46,340 [WARN] PackLoader:240 - Cannot read IP mode file for STMicroelectronics.X-CUBE-DISPLAY.3.0.0
2025-05-27 08:55:46,355 [WARN] PackLoader:240 - Cannot read IP mode file for STMicroelectronics.X-CUBE-BLE1.7.0.0
2025-05-27 08:55:46,363 [WARN] PackLoader:240 - Cannot read IP mode file for STMicroelectronics.X-CUBE-NFC10.1.0.0
2025-05-27 08:55:46,384 [WARN] PackLoader:240 - Cannot read IP mode file for STMicroelectronics.X-CUBE-BLEMGR.4.0.0
2025-05-27 08:55:46,402 [WARN] PackLoader:240 - Cannot read IP mode file for emotas.I-CUBE-CANOPEN.1.3.0
2025-05-27 08:55:46,424 [WARN] PackLoader:240 - Cannot read IP mode file for STMicroelectronics.X-CUBE-BLEMGR.3.1.0
2025-05-27 08:55:46,436 [WARN] PackLoader:240 - Cannot read IP mode file for STMicroelectronics.X-CUBE-AI.10.0.0
2025-05-27 08:55:46,444 [WARN] PackLoader:240 - Cannot read IP mode file for STMicroelectronics.FP-SNS-SMARTAG2.1.2.0
2025-05-27 08:55:46,451 [WARN] PackLoader:240 - Cannot read IP mode file for STMicroelectronics.FP-SNS-FLIGHT1.5.1.0
2025-05-27 08:55:46,580 [WARN] PackLoader:240 - Cannot read IP mode file for STMicroelectronics.X-CUBE-MEMS1.11.1.0
2025-05-27 08:55:46,955 [INFO] LogOutputStream:77 - [STDOUT_REDIRECT] 1 : Invalid condition id : UX_CORESTACK_Condition cause : null
2025-05-27 08:55:46,958 [INFO] LogOutputStream:77 - [STDOUT_REDIRECT] 1 : Invalid condition id : UX_CORESTACK_Condition cause : null
2025-05-27 08:55:46,960 [INFO] LogOutputStream:77 - [STDOUT_REDIRECT] 1 : Invalid condition id : UX_CORESTACK_Condition cause : null
2025-05-27 08:55:46,961 [INFO] LogOutputStream:77 - [STDOUT_REDIRECT] 1 : Invalid condition id : UX_CORESTACK_Condition cause : null
2025-05-27 08:55:46,961 [INFO] LogOutputStream:77 - [STDOUT_REDIRECT] 1 : Invalid condition id : UX_CORESTACK_Condition cause : null
2025-05-27 08:55:46,970 [WARN] PackLoader:240 - Cannot read IP mode file for STMicroelectronics.X-CUBE-AZRTOS-WL.2.0.0
2025-05-27 08:55:46,982 [WARN] PackLoader:240 - Cannot read IP mode file for STMicroelectronics.FP-SNS-MOTENV1.5.0.0
2025-05-27 08:55:46,991 [WARN] PackLoader:240 - Cannot read IP mode file for wolfSSL.I-CUBE-wolfMQTT.1.19.0
2025-05-27 08:55:47,004 [WARN] PackLoader:240 - Cannot read IP mode file for WES.I-CUBE-Cesium.1.3.0
2025-05-27 08:55:47,014 [WARN] PackLoader:240 - Cannot read IP mode file for STMicroelectronics.X-CUBE-BLE2.3.3.0
2025-05-27 08:55:47,027 [WARN] PackLoader:240 - Cannot read IP mode file for STMicroelectronics.X-CUBE-NFC9.1.0.0
2025-05-27 08:55:47,040 [WARN] PackLoader:240 - Cannot read IP mode file for STMicroelectronics.X-CUBE-BLE1.7.1.0
2025-05-27 08:55:47,051 [WARN] PackLoader:240 - Cannot read IP mode file for STMicroelectronics.X-CUBE-TCPP.4.1.0
2025-05-27 08:55:47,232 [WARN] PackLoader:240 - Cannot read IP mode file for STMicroelectronics.X-CUBE-MEMS1.11.2.0
2025-05-27 08:55:47,565 [WARN] PackLoader:240 - Cannot read IP mode file for STMicroelectronics.X-CUBE-AZRTOS-G0.1.1.0
2025-05-27 08:55:47,584 [WARN] PackLoader:240 - Cannot read IP mode file for STMicroelectronics.X-CUBE-SAFEA1.1.2.2
2025-05-27 08:55:47,597 [WARN] PackLoader:240 - Cannot read IP mode file for STMicroelectronics.X-CUBE-NFC4.3.0.0
2025-05-27 08:55:47,620 [WARN] PackLoader:240 - Cannot read IP mode file for EmbeddedOffice.I-CUBE-FS-RTOS.1.0.1
2025-05-27 08:55:47,632 [WARN] PackLoader:240 - Cannot read IP mode file for STMicroelectronics.X-CUBE-WB05N.2.0.0
2025-05-27 08:55:47,644 [WARN] PackLoader:240 - Cannot read IP mode file for STMicroelectronics.X-CUBE-TCPP.4.2.0
2025-05-27 08:55:47,655 [WARN] PackLoader:240 - Cannot read IP mode file for RealThread.X-CUBE-RT-Thread_Nano.4.1.1
2025-05-27 08:55:47,660 [WARN] PackLoader:240 - Cannot read IP mode file for STMicroelectronics.FP-ATR-SIGFOX1.3.2.0
2025-05-27 08:55:47,665 [WARN] ConditionMgr:438 - getConditionDescription Invalid condition id : Cortex-A Device cause : null
2025-05-27 08:55:47,681 [WARN] ConditionMgr:1044 - genDependencies : Invalid condition id : Cortex-A Device cause : null
2025-05-27 08:55:47,681 [WARN] ConditionMgr:1044 - genDependencies : Invalid condition id : Cortex-A Device cause : null
2025-05-27 08:55:47,682 [WARN] ConditionMgr:1044 - genDependencies : Invalid condition id : Cortex-A Device cause : null
2025-05-27 08:55:47,690 [WARN] PackLoader:240 - Cannot read IP mode file for STMicroelectronics.X-CUBE-EEPRMA1.5.1.0
2025-05-27 08:55:47,695 [WARN] PackLoader:240 - Cannot read IP mode file for wolfSSL.I-CUBE-wolfSSL.5.7.4
2025-05-27 08:55:47,701 [WARN] PackLoader:240 - Cannot read IP mode file for ITTIA_DB.I-CUBE-ITTIADB.8.9.0
2025-05-27 08:55:47,746 [WARN] PackLoader:240 - Cannot read IP mode file for SEGGER.I-CUBE-embOS.1.3.1
2025-05-27 08:55:47,823 [WARN] PackLoader:240 - Cannot read IP mode file for STMicroelectronics.X-CUBE-ALGOBUILD.1.4.0
2025-05-27 08:55:47,829 [WARN] PackLoader:240 - Cannot read IP mode file for STMicroelectronics.X-CUBE-AI.9.1.0
2025-05-27 08:55:47,866 [WARN] PackLoader:240 - Cannot read IP mode file for STMicroelectronics.X-CUBE-AZRTOS-F4.1.1.0
2025-05-27 08:55:47,875 [WARN] PackLoader:240 - Cannot read IP mode file for Avnet-IotConnect.X-CUBE-IoTC-DA16k-PMOD.1.0.0
2025-05-27 08:55:47,881 [WARN] PackLoader:240 - Cannot read IP mode file for STMicroelectronics.X-CUBE-ISPU.2.1.0
2025-05-27 08:55:47,889 [WARN] PackLoader:240 - Cannot read IP mode file for STMicroelectronics.X-CUBE-FREERTOS.1.2.0
2025-05-27 08:55:47,915 [WARN] PackLoader:240 - Cannot read IP mode file for STMicroelectronics.X-CUBE-AZRTOS-L5.2.0.0
2025-05-27 08:55:47,928 [WARN] PackLoader:240 - Cannot read IP mode file for STMicroelectronics.X-CUBE-NFC6.3.1.0
2025-05-27 08:55:47,937 [WARN] PackLoader:240 - Cannot read IP mode file for STMicroelectronics.X-CUBE-DPower.1.2.0
2025-05-27 08:55:47,943 [WARN] PackLoader:240 - Cannot read IP mode file for STMicroelectronics.X-CUBE-FREERTOS.1.3.1
2025-05-27 08:55:47,947 [WARN] PackLoader:240 - Cannot read IP mode file for STMicroelectronics.X-CUBE-FREERTOS.1.3.0
2025-05-27 08:55:47,954 [WARN] PackLoader:240 - Cannot read IP mode file for STMicroelectronics.X-CUBE-NFC7.1.0.1
2025-05-27 08:55:47,960 [WARN] PackLoader:240 - Cannot read IP mode file for STMicroelectronics.X-CUBE-DPower.1.3.0
2025-05-27 08:55:47,986 [WARN] ConditionMgr:438 - getConditionDescription Invalid condition id : LAN8742 Phy interface Condition cause : null
2025-05-27 08:55:47,987 [WARN] PackLoader:240 - Cannot read IP mode file for STMicroelectronics.X-CUBE-AZRTOS-L4.2.0.0
2025-05-27 08:55:47,988 [WARN] ConditionMgr:1044 - genDependencies : Invalid condition id : LAN8742 Phy interface Condition cause : null
2025-05-27 08:55:47,989 [WARN] ConditionMgr:1044 - genDependencies : Invalid condition id : LAN8742 Phy interface Condition cause : null
2025-05-27 08:55:47,989 [WARN] ConditionMgr:1044 - genDependencies : Invalid condition id : LAN8742 Phy interface Condition cause : null
2025-05-27 08:55:47,996 [WARN] PackLoader:240 - Cannot read IP mode file for STMicroelectronics.X-CUBE-SFXS2LP1.4.0.0
2025-05-27 08:55:48,022 [WARN] PackLoader:240 - Cannot read IP mode file for STMicroelectronics.X-CUBE-AZRTOS-H7.3.3.0
2025-05-27 08:55:48,036 [WARN] PackLoader:240 - Cannot read IP mode file for STMicroelectronics.X-CUBE-IPS.3.0.0
2025-05-27 08:55:48,054 [WARN] ConditionMgr:438 - getConditionDescription Invalid condition id : UX DEVICE CLASS RTOS Condition cause : null
2025-05-27 08:55:48,054 [WARN] ConditionMgr:438 - getConditionDescription Invalid condition id : UX DEVICE CLASS RTOS Condition cause : null
2025-05-27 08:55:48,057 [WARN] PackLoader:240 - Cannot read IP mode file for STMicroelectronics.X-CUBE-AZRTOS-WB.2.0.0
2025-05-27 08:55:48,058 [WARN] ConditionMgr:1044 - genDependencies : Invalid condition id : UX DEVICE CLASS RTOS Condition cause : null
2025-05-27 08:55:48,058 [WARN] ConditionMgr:1044 - genDependencies : Invalid condition id : UX DEVICE CLASS RTOS Condition cause : null
2025-05-27 08:55:48,058 [WARN] ConditionMgr:1044 - genDependencies : Invalid condition id : UX DEVICE CLASS RTOS Condition cause : null
2025-05-27 08:55:48,059 [WARN] ConditionMgr:1044 - genDependencies : Invalid condition id : UX DEVICE CLASS RTOS Condition cause : null
2025-05-27 08:55:48,059 [WARN] ConditionMgr:1044 - genDependencies : Invalid condition id : UX DEVICE CLASS RTOS Condition cause : null
2025-05-27 08:55:48,065 [WARN] PackLoader:240 - Cannot read IP mode file for STMicroelectronics.X-CUBE-GNSS1.7.0.0
2025-05-27 08:55:48,070 [WARN] PackLoader:240 - Cannot read IP mode file for STMicroelectronics.X-CUBE-GNSS1.7.0.1
2025-05-27 08:55:48,076 [WARN] PackLoader:240 - Cannot read IP mode file for STMicroelectronics.X-CUBE-TOUCHGFX.4.25.0
2025-05-27 08:55:48,086 [WARN] PackLoader:240 - Cannot read IP mode file for STMicroelectronics.FP-SNS-STBOX1.2.0.0
2025-05-27 08:55:48,108 [WARN] PackLoader:240 - Cannot read IP mode file for STMicroelectronics.X-CUBE-SUBG2.5.0.0
2025-05-27 08:55:48,154 [WARN] PackLoader:240 - Cannot read IP mode file for STMicroelectronics.X-CUBE-AZRTOS-H7RS.1.1.0
2025-05-27 08:55:48,162 [WARN] PackLoader:240 - Cannot read IP mode file for Cesanta.I-CUBE-Mongoose.7.13.0
2025-05-27 08:55:48,183 [WARN] PackLoader:240 - Cannot read IP mode file for STMicroelectronics.X-CUBE-AZRTOS-G4.2.0.0
2025-05-27 08:55:48,191 [WARN] PackLoader:240 - Cannot read IP mode file for STMicroelectronics.X-CUBE-NFC7.2.0.0
2025-05-27 08:55:48,209 [WARN] PackLoader:240 - Cannot read IP mode file for STMicroelectronics.X-CUBE-IPS.3.1.0
2025-05-27 08:55:48,225 [WARN] PackLoader:240 - Cannot read IP mode file for STMicroelectronics.X-CUBE-ALS.1.0.2
2025-05-27 08:55:48,229 [WARN] PackLoader:240 - Cannot read IP mode file for STMicroelectronics.X-CUBE-TOUCHGFX.4.24.2
2025-05-27 08:55:48,232 [WARN] PackLoader:240 - Cannot read IP mode file for STMicroelectronics.X-CUBE-TOUCHGFX.4.24.1
2025-05-27 08:55:48,235 [WARN] PackLoader:240 - Cannot read IP mode file for wolfSSL.I-CUBE-wolfTPM.3.4.0
2025-05-27 08:55:48,240 [WARN] PackLoader:240 - Cannot read IP mode file for portGmbH.I-Cube-SoM-uGOAL.1.1.0
2025-05-27 08:55:48,278 [WARN] PackLoader:240 - Cannot read IP mode file for STMicroelectronics.X-CUBE-AZRTOS-H7RS.1.0.0
2025-05-27 08:55:48,293 [WARN] PackLoader:240 - Cannot read IP mode file for STMicroelectronics.X-CUBE-TOF1.3.4.2
2025-05-27 08:55:48,319 [WARN] PackLoader:240 - Cannot read IP mode file for STMicroelectronics.X-CUBE-TOF1.3.4.3
2025-05-27 08:55:48,354 [WARN] PackLoader:240 - Cannot read IP mode file for Infineon.AIROC-Wi-Fi-Bluetooth-STM32.1.6.1
2025-05-27 08:55:48,361 [WARN] PackLoader:240 - Cannot read IP mode file for wolfSSL.I-CUBE-wolfSSH.1.4.17
2025-05-27 08:55:48,362 [INFO] ThirdParty:978 - Integrity check success = true
2025-05-27 08:55:48,362 [INFO] IntegrityCheckThread:100 - exiting critical section [integrity check]
2025-05-27 08:55:48,362 [INFO] IntegrityCheckThread:103 - End integrity checks thread
