2025-05-04 17:01:01,199 [INFO] Activator:176 - 


2025-05-04 17:01:01,204 [INFO] Activator:177 - !SESSION log4j initialized
2025-05-04 17:01:06,149 [INFO] LogOutputStream:77 - [STDOUT_REDIRECT] 
2025-05-04 17:01:06,763 [INFO] ApplicationProperties:184 - Using Application install path: /opt/st/stm32cubeide_1.17.0/plugins/com.st.stm32cube.common.mx_6.13.0.202411220809
2025-05-04 17:01:06,783 [INFO] DbMcusXml:78 - Set database path to: /opt/st/stm32cubeide_1.17.0/plugins/com.st.stm32cube.common.mx_6.13.0.202411220809//db//mcu/
2025-05-04 17:01:06,783 [INFO] ApiDb:274 - Set plugin database path to: /opt/st/stm32cubeide_1.17.0/plugins/com.st.stm32cube.common.mx_6.13.0.202411220809//db//plugins/boardmanager/
2025-05-04 17:01:06,783 [WARN] ApiDb:259 - Overriding images path with different value:  => /opt/st/stm32cubeide_1.17.0/plugins/com.st.stm32cube.common.mx_6.13.0.202411220809//db//plugins/mcufinder/images/
2025-05-04 17:01:06,792 [INFO] ApiDb:250 - Set database path to: /home/maciej/.stmcufinder/plugins/mcufinder//mcu/
2025-05-04 17:01:06,794 [INFO] DbMcusAds:125 - Set database path to: /home/maciej/.stmcufinder/plugins/mcufinder//mcu/
2025-05-04 17:01:06,797 [INFO] CrossReferenceDbSqlite:203 - Set database path to: /home/maciej/.stmcufinder/plugins/mcufinder//mcu/cs/
2025-05-04 17:01:06,920 [INFO] RulesReader:64 - Compatibility file has been processed (297 Rules)
2025-05-04 17:01:06,982 [INFO] DbMcusXml:78 - Set database path to: /opt/st/stm32cubeide_1.17.0/plugins/com.st.stm32cube.common.mx_6.13.0.202411220809//db//mcu/
2025-05-04 17:01:06,982 [INFO] ApiDb:274 - Set plugin database path to: /opt/st/stm32cubeide_1.17.0/plugins/com.st.stm32cube.common.mx_6.13.0.202411220809//db//plugins/boardmanager/
2025-05-04 17:01:06,983 [INFO] ApiDb:261 - Set plugin images path to: /opt/st/stm32cubeide_1.17.0/plugins/com.st.stm32cube.common.mx_6.13.0.202411220809//db//plugins/mcufinder/images/
2025-05-04 17:01:06,983 [WARN] DbFile:41 - Overriding database path with different value: /home/maciej/.stmcufinder/plugins/mcufinder/ => /home/maciej/.stmcufinder/plugins/mcufinder
2025-05-04 17:01:06,983 [INFO] ApiDb:250 - Set database path to: /home/maciej/.stmcufinder/plugins/mcufinder//mcu/
2025-05-04 17:01:06,983 [WARN] DbFile:41 - Overriding database path with different value: /home/maciej/.stmcufinder/plugins/mcufinder/ => /home/maciej/.stmcufinder/plugins/mcufinder
2025-05-04 17:01:06,983 [INFO] DbMcusAds:125 - Set database path to: /home/maciej/.stmcufinder/plugins/mcufinder//mcu/
2025-05-04 17:01:06,983 [WARN] DbFile:41 - Overriding database path with different value: /home/maciej/.stmcufinder/plugins/mcufinder/ => /home/maciej/.stmcufinder/plugins/mcufinder
2025-05-04 17:01:06,983 [WARN] DbFile:41 - Overriding database path with different value: /home/maciej/.stmcufinder/plugins/mcufinder/ => /home/maciej/.stmcufinder/plugins/mcufinder
2025-05-04 17:01:06,984 [INFO] CrossReferenceDbSqlite:203 - Set database path to: /home/maciej/.stmcufinder/plugins/mcufinder//mcu/cs/
2025-05-04 17:01:07,058 [INFO] MainPanel:272 - HeapMemory: 268435456
2025-05-04 17:01:07,195 [INFO] DbMcusXml:78 - Set database path to: /opt/st/stm32cubeide_1.17.0/plugins/com.st.stm32cube.common.mx_6.13.0.202411220809//db//mcu/
2025-05-04 17:01:07,195 [INFO] ApiDb:274 - Set plugin database path to: /opt/st/stm32cubeide_1.17.0/plugins/com.st.stm32cube.common.mx_6.13.0.202411220809//db//plugins/boardmanager/
2025-05-04 17:01:07,195 [INFO] ApiDb:261 - Set plugin images path to: /opt/st/stm32cubeide_1.17.0/plugins/com.st.stm32cube.common.mx_6.13.0.202411220809//db//plugins/mcufinder/images/
2025-05-04 17:01:07,195 [WARN] DbFile:41 - Overriding database path with different value: /home/maciej/.stmcufinder/plugins/mcufinder/ => /home/maciej/.stmcufinder/plugins/mcufinder
2025-05-04 17:01:07,195 [INFO] ApiDb:250 - Set database path to: /home/maciej/.stmcufinder/plugins/mcufinder//mcu/
2025-05-04 17:01:07,195 [WARN] DbFile:41 - Overriding database path with different value: /home/maciej/.stmcufinder/plugins/mcufinder/ => /home/maciej/.stmcufinder/plugins/mcufinder
2025-05-04 17:01:07,195 [INFO] DbMcusAds:125 - Set database path to: /home/maciej/.stmcufinder/plugins/mcufinder//mcu/
2025-05-04 17:01:07,196 [WARN] DbFile:41 - Overriding database path with different value: /home/maciej/.stmcufinder/plugins/mcufinder/ => /home/maciej/.stmcufinder/plugins/mcufinder
2025-05-04 17:01:07,196 [WARN] DbFile:41 - Overriding database path with different value: /home/maciej/.stmcufinder/plugins/mcufinder/ => /home/maciej/.stmcufinder/plugins/mcufinder
2025-05-04 17:01:07,196 [INFO] CrossReferenceDbSqlite:203 - Set database path to: /home/maciej/.stmcufinder/plugins/mcufinder//mcu/cs/
2025-05-04 17:01:07,211 [INFO] ApplicationProperties:184 - Using Application install path: /opt/st/stm32cubeide_1.17.0/plugins/com.st.stm32cube.common.mx_6.13.0.202411220809
2025-05-04 17:01:07,213 [INFO] PluginManage:196 - Search for loadable plugins [exclusion list=, ]
2025-05-04 17:01:07,214 [INFO] PluginManage:310 - Check plugin analytics
2025-05-04 17:01:07,386 [INFO] AnalyticsPlugin:253 - Accepted Software Licenses: STM32CubeMX.6.12.1,STM32CubeMX.6.14.1
2025-05-04 17:01:07,386 [INFO] AnalyticsPlugin:255 - Accepted CMSIS Pack Licenses: 
2025-05-04 17:01:07,386 [INFO] AnalyticsPlugin:257 - Accepted Firmware Licenses: FW.L4.1.18.0,FW.F4.1.28.0,FW.G4.1.6.0
2025-05-04 17:01:07,388 [INFO] PluginManage:359 - Loaded plugin analytics (category:tool,tabindex:-1)
2025-05-04 17:01:07,388 [INFO] PluginManage:310 - Check plugin cadmodel
2025-05-04 17:01:07,393 [INFO] CADModel:105 - Init CAD model plugin
2025-05-04 17:01:07,394 [INFO] PluginManage:359 - Loaded plugin cadmodel (category:power,tabindex:5)
2025-05-04 17:01:07,394 [INFO] PluginManage:310 - Check plugin clock
2025-05-04 17:01:07,403 [INFO] PluginManage:359 - Loaded plugin clock (category:base,tabindex:2)
2025-05-04 17:01:07,404 [INFO] PluginManage:310 - Check plugin ddr
2025-05-04 17:01:07,406 [INFO] PluginManage:359 - Loaded plugin ddr (category:tool,tabindex:6)
2025-05-04 17:01:07,406 [INFO] PluginManage:310 - Check plugin filemanager
2025-05-04 17:01:07,556 [INFO] PluginManage:359 - Loaded plugin filemanager (category:base,tabindex:10)
2025-05-04 17:01:07,557 [INFO] PluginManage:310 - Check plugin ipmanager
2025-05-04 17:01:07,562 [INFO] PluginManage:359 - Loaded plugin ipmanager (category:base,tabindex:5)
2025-05-04 17:01:07,562 [INFO] PluginManage:310 - Check plugin lpbam
2025-05-04 17:01:07,572 [INFO] PluginManage:359 - Loaded plugin lpbam (category:base,tabindex:0)
2025-05-04 17:01:07,572 [INFO] PluginManage:310 - Check plugin memorymap
2025-05-04 17:01:07,585 [INFO] PluginManage:359 - Loaded plugin memorymap (category:base,tabindex:4)
2025-05-04 17:01:07,585 [INFO] PluginManage:310 - Check plugin pinoutandconfiguration
2025-05-04 17:01:07,595 [INFO] PluginManage:359 - Loaded plugin pinoutandconfiguration (category:base,tabindex:1)
2025-05-04 17:01:07,595 [INFO] PluginManage:310 - Check plugin pinoutconfig
2025-05-04 17:01:07,680 [WARN] SupportedApi:132 - Cannot load RTOS API schema: s4s-elt-must-match.1: The content of 'definitions' must match (annotation?, (simpleType | complexType)?, (unique | key | keyref)*)). A problem was found starting at: attribute.
2025-05-04 17:01:07,811 [INFO] PluginManage:359 - Loaded plugin pinoutconfig (category:base,tabindex:0)
2025-05-04 17:01:07,811 [INFO] PluginManage:310 - Check plugin power
2025-05-04 17:01:07,822 [INFO] PluginManage:359 - Loaded plugin power (category:power,tabindex:4)
2025-05-04 17:01:07,822 [INFO] PluginManage:310 - Check plugin projectmanager
2025-05-04 17:01:07,836 [INFO] PluginManage:359 - Loaded plugin projectmanager (category:projectmanager,tabindex:4)
2025-05-04 17:01:07,836 [INFO] PluginManage:310 - Check plugin rif
2025-05-04 17:01:07,844 [INFO] PluginManage:359 - Loaded plugin rif (category:base,tabindex:3)
2025-05-04 17:01:07,844 [INFO] PluginManage:310 - Check plugin thirdparty
2025-05-04 17:01:07,968 [WARN] IntegrityCheckThread:84 - waiting for thirdparty lock release [integrity check]
2025-05-04 17:01:07,968 [INFO] PluginManage:359 - Loaded plugin thirdparty (category:base,tabindex:-1)
2025-05-04 17:01:07,968 [INFO] IntegrityCheckThread:86 - entering critical section [integrity check]
2025-05-04 17:01:07,968 [INFO] PluginManage:310 - Check plugin tools
2025-05-04 17:01:07,969 [INFO] ThirdPartyUpdaterWithRetryManager:70 - Updater plugin not ready yet. [1/15]
2025-05-04 17:01:07,971 [INFO] PluginManage:359 - Loaded plugin tools (category:base,tabindex:7)
2025-05-04 17:01:07,972 [INFO] PluginManage:310 - Check plugin tutovideos
2025-05-04 17:01:08,167 [INFO] PluginManage:359 - Loaded plugin tutovideos (category:base,tabindex:-1)
2025-05-04 17:01:08,167 [INFO] PluginManage:310 - Check plugin updater
2025-05-04 17:01:08,197 [INFO] PluginManage:359 - Loaded plugin updater (category:base,tabindex:12)
2025-05-04 17:01:08,197 [INFO] PluginManage:310 - Check plugin userauth
2025-05-04 17:01:08,202 [INFO] UserAuth:118 - Init User Auth plugin
2025-05-04 17:01:08,203 [INFO] PluginManage:359 - Loaded plugin userauth (category:base,tabindex:14)
2025-05-04 17:01:08,203 [INFO] PluginManage:283 - PluginManage : Loaded plugins [18]
2025-05-04 17:01:08,392 [INFO] PinOutPanel:1589 - setPackage(No Configuration,No Configuration)
2025-05-04 17:01:08,462 [INFO] CADModel:165 - CPN selected for project level
2025-05-04 17:01:08,462 [INFO] CADModel:114 - Register for checkConnection events
2025-05-04 17:01:08,475 [INFO] IPUIPlugin:80 - create IPUIPlugin
2025-05-04 17:01:08,475 [INFO] PluginManager:220 - loadIPPluginJar : add gic
2025-05-04 17:01:08,487 [INFO] IPUIPlugin:80 - create IPUIPlugin
2025-05-04 17:01:08,487 [INFO] PluginManager:220 - loadIPPluginJar : add adc
2025-05-04 17:01:08,490 [INFO] IPUIPlugin:80 - create IPUIPlugin
2025-05-04 17:01:08,490 [INFO] PluginManager:220 - loadIPPluginJar : add hash
2025-05-04 17:01:08,492 [INFO] IPUIPlugin:80 - create IPUIPlugin
2025-05-04 17:01:08,492 [INFO] PluginManager:220 - loadIPPluginJar : add ts
2025-05-04 17:01:08,497 [INFO] IPUIPlugin:80 - create IPUIPlugin
2025-05-04 17:01:08,497 [INFO] PluginManager:220 - loadIPPluginJar : add gpio
2025-05-04 17:01:08,499 [INFO] IPUIPlugin:80 - create IPUIPlugin
2025-05-04 17:01:08,499 [INFO] PluginManager:220 - loadIPPluginJar : add dfsdm
2025-05-04 17:01:08,502 [INFO] IPUIPlugin:80 - create IPUIPlugin
2025-05-04 17:01:08,502 [INFO] PluginManager:220 - loadIPPluginJar : add touchsensing
2025-05-04 17:01:08,507 [INFO] IPUIPlugin:80 - create IPUIPlugin
2025-05-04 17:01:08,508 [INFO] PluginManager:220 - loadIPPluginJar : add stm32_wpan
2025-05-04 17:01:08,510 [INFO] IPUIPlugin:80 - create IPUIPlugin
2025-05-04 17:01:08,510 [INFO] PluginManager:220 - loadIPPluginJar : add i2c
2025-05-04 17:01:08,513 [INFO] IPUIPlugin:80 - create IPUIPlugin
2025-05-04 17:01:08,513 [INFO] PluginManager:220 - loadIPPluginJar : add gfxmmu
2025-05-04 17:01:08,516 [INFO] IPUIPlugin:80 - create IPUIPlugin
2025-05-04 17:01:08,516 [INFO] PluginManager:220 - loadIPPluginJar : add extmemmanager
2025-05-04 17:01:08,519 [INFO] IPUIPlugin:80 - create IPUIPlugin
2025-05-04 17:01:08,520 [INFO] PluginManager:220 - loadIPPluginJar : add ddr_ctrl_phy
2025-05-04 17:01:08,521 [INFO] IPUIPlugin:80 - create IPUIPlugin
2025-05-04 17:01:08,522 [INFO] PluginManager:220 - loadIPPluginJar : add fatfs
2025-05-04 17:01:08,525 [INFO] IPUIPlugin:80 - create IPUIPlugin
2025-05-04 17:01:08,525 [INFO] PluginManager:220 - loadIPPluginJar : add gtzc
2025-05-04 17:01:08,529 [INFO] IPUIPlugin:80 - create IPUIPlugin
2025-05-04 17:01:08,529 [INFO] PluginManager:220 - loadIPPluginJar : add fmc
2025-05-04 17:01:08,531 [INFO] IPUIPlugin:80 - create IPUIPlugin
2025-05-04 17:01:08,531 [INFO] PluginManager:220 - loadIPPluginJar : add pdm2pcm
2025-05-04 17:01:08,534 [INFO] IPUIPlugin:80 - create IPUIPlugin
2025-05-04 17:01:08,534 [INFO] PluginManager:220 - loadIPPluginJar : add i2s
2025-05-04 17:01:08,540 [INFO] IPUIPlugin:80 - create IPUIPlugin
2025-05-04 17:01:08,541 [INFO] PluginManager:220 - loadIPPluginJar : add mdma
2025-05-04 17:01:08,543 [INFO] IPUIPlugin:80 - create IPUIPlugin
2025-05-04 17:01:08,543 [INFO] PluginManager:220 - loadIPPluginJar : add opamp
2025-05-04 17:01:08,548 [INFO] IPUIPlugin:80 - create IPUIPlugin
2025-05-04 17:01:08,548 [INFO] PluginManager:220 - loadIPPluginJar : add resmgrutility
2025-05-04 17:01:08,549 [INFO] IPUIPlugin:80 - create IPUIPlugin
2025-05-04 17:01:08,550 [INFO] PluginManager:220 - loadIPPluginJar : add genericplugin
2025-05-04 17:01:08,553 [INFO] IPUIPlugin:80 - create IPUIPlugin
2025-05-04 17:01:08,553 [INFO] PluginManager:220 - loadIPPluginJar : add nvic
2025-05-04 17:01:08,555 [INFO] IPUIPlugin:80 - create IPUIPlugin
2025-05-04 17:01:08,555 [INFO] PluginManager:220 - loadIPPluginJar : add ltdc
2025-05-04 17:01:08,562 [INFO] IPUIPlugin:80 - create IPUIPlugin
2025-05-04 17:01:08,562 [INFO] PluginManager:220 - loadIPPluginJar : add linkedlist
2025-05-04 17:01:08,565 [INFO] IPUIPlugin:80 - create IPUIPlugin
2025-05-04 17:01:08,565 [INFO] PluginManager:220 - loadIPPluginJar : add spi
2025-05-04 17:01:08,568 [INFO] IPUIPlugin:80 - create IPUIPlugin
2025-05-04 17:01:08,568 [INFO] PluginManager:220 - loadIPPluginJar : add openamp
2025-05-04 17:01:08,570 [INFO] IPUIPlugin:80 - create IPUIPlugin
2025-05-04 17:01:08,571 [INFO] PluginManager:220 - loadIPPluginJar : add usbx
2025-05-04 17:01:08,573 [INFO] IPUIPlugin:80 - create IPUIPlugin
2025-05-04 17:01:08,574 [INFO] PluginManager:220 - loadIPPluginJar : add cryp
2025-05-04 17:01:08,576 [INFO] IPUIPlugin:80 - create IPUIPlugin
2025-05-04 17:01:08,576 [INFO] PluginManager:220 - loadIPPluginJar : add lorawan
2025-05-04 17:01:08,578 [INFO] IPUIPlugin:80 - create IPUIPlugin
2025-05-04 17:01:08,578 [INFO] PluginManager:220 - loadIPPluginJar : add radio
2025-05-04 17:01:08,584 [INFO] IPUIPlugin:80 - create IPUIPlugin
2025-05-04 17:01:08,584 [INFO] PluginManager:220 - loadIPPluginJar : add freertos
2025-05-04 17:01:08,586 [INFO] IPUIPlugin:80 - create IPUIPlugin
2025-05-04 17:01:08,587 [INFO] PluginManager:220 - loadIPPluginJar : add ucpd
2025-05-04 17:01:08,588 [INFO] IPUIPlugin:80 - create IPUIPlugin
2025-05-04 17:01:08,588 [INFO] PluginManager:220 - loadIPPluginJar : add comp
2025-05-04 17:01:08,591 [INFO] IPUIPlugin:80 - create IPUIPlugin
2025-05-04 17:01:08,591 [INFO] PluginManager:220 - loadIPPluginJar : add usart
2025-05-04 17:01:08,594 [INFO] IPUIPlugin:80 - create IPUIPlugin
2025-05-04 17:01:08,594 [INFO] PluginManager:220 - loadIPPluginJar : add aes
2025-05-04 17:01:08,596 [INFO] IPUIPlugin:80 - create IPUIPlugin
2025-05-04 17:01:08,596 [INFO] PluginManager:220 - loadIPPluginJar : add tim
2025-05-04 17:01:08,599 [INFO] IPUIPlugin:80 - create IPUIPlugin
2025-05-04 17:01:08,600 [INFO] PluginManager:220 - loadIPPluginJar : add sai
2025-05-04 17:01:08,602 [INFO] IPUIPlugin:80 - create IPUIPlugin
2025-05-04 17:01:08,603 [INFO] PluginManager:220 - loadIPPluginJar : add dma3
2025-05-04 17:01:08,605 [INFO] IPUIPlugin:80 - create IPUIPlugin
2025-05-04 17:01:08,606 [INFO] PluginManager:220 - loadIPPluginJar : add can
2025-05-04 17:01:08,607 [INFO] IPUIPlugin:80 - create IPUIPlugin
2025-05-04 17:01:08,607 [INFO] PluginManager:220 - loadIPPluginJar : add quadspi
2025-05-04 17:01:08,610 [INFO] IPUIPlugin:80 - create IPUIPlugin
2025-05-04 17:01:08,610 [INFO] PluginManager:220 - loadIPPluginJar : add i3c
2025-05-04 17:01:08,614 [INFO] IPUIPlugin:80 - create IPUIPlugin
2025-05-04 17:01:08,614 [INFO] PluginManager:220 - loadIPPluginJar : add ipddr
2025-05-04 17:01:08,616 [INFO] IPUIPlugin:80 - create IPUIPlugin
2025-05-04 17:01:08,616 [INFO] PluginManager:220 - loadIPPluginJar : add tsc
2025-05-04 17:01:08,624 [INFO] IPUIPlugin:80 - create IPUIPlugin
2025-05-04 17:01:08,627 [INFO] PluginManager:220 - loadIPPluginJar : add plateformsettings
2025-05-04 17:01:08,633 [INFO] IPUIPlugin:80 - create IPUIPlugin
2025-05-04 17:01:08,634 [INFO] PluginManager:220 - loadIPPluginJar : add dma
2025-05-04 17:01:08,636 [INFO] IPUIPlugin:80 - create IPUIPlugin
2025-05-04 17:01:08,636 [INFO] PluginManager:220 - loadIPPluginJar : add tracer_emb
2025-05-04 17:01:08,744 [FATAL] Updater:351 - Updater called before beeing initialized
2025-05-04 17:01:08,773 [INFO] RulesReader:64 - Compatibility file has been processed (297 Rules)
2025-05-04 17:01:08,786 [INFO] RulesReader:64 - Compatibility file has been processed (297 Rules)
2025-05-04 17:01:08,792 [INFO] CADModel:165 - CPN selected for project level
2025-05-04 17:01:08,792 [INFO] CADModel:114 - Register for checkConnection events
2025-05-04 17:01:08,792 [FATAL] Updater:351 - Updater called before beeing initialized
2025-05-04 17:01:08,792 [ERROR] CADModel:125 - Updater not yet initialized, retry later 
2025-05-04 17:01:08,924 [FATAL] Updater:351 - Updater called before beeing initialized
2025-05-04 17:01:08,926 [INFO] CADModel:165 - CPN selected for project level
2025-05-04 17:01:08,926 [INFO] CADModel:114 - Register for checkConnection events
2025-05-04 17:01:08,926 [FATAL] Updater:351 - Updater called before beeing initialized
2025-05-04 17:01:08,926 [ERROR] CADModel:125 - Updater not yet initialized, retry later 
2025-05-04 17:01:08,929 [FATAL] Updater:351 - Updater called before beeing initialized
2025-05-04 17:01:08,997 [FATAL] Updater:351 - Updater called before beeing initialized
2025-05-04 17:01:09,000 [INFO] DbMcusAds:53 - JSON generation date=Thu Mar 06 15:54:22 CET 2025 (1741272862078)
2025-05-04 17:01:09,000 [FATAL] Updater:351 - Updater called before beeing initialized
2025-05-04 17:01:09,047 [WARN] DetailPanel:346 - Failed to get advertising image, set to default
2025-05-04 17:01:09,298 [FATAL] Updater:351 - Updater called before beeing initialized
2025-05-04 17:01:09,299 [FATAL] Updater:351 - Updater called before beeing initialized
2025-05-04 17:01:09,300 [FATAL] Updater:351 - Updater called before beeing initialized
2025-05-04 17:01:09,300 [WARN] DetailPanel:346 - Failed to get advertising image, set to default
2025-05-04 17:01:09,301 [FATAL] Updater:351 - Updater called before beeing initialized
2025-05-04 17:01:09,336 [ERROR] Updater:1198 - MainUpdater not yet initialized. External WinMGr cannot be set.
2025-05-04 17:01:09,338 [INFO] Updater:1134 - Updater Version found : 6.13.0
2025-05-04 17:01:09,356 [INFO] ApplicationProperties:184 - Using Application install path: /opt/st/stm32cubeide_1.17.0/plugins/com.st.stm32cube.common.mx_6.13.0.202411220809
2025-05-04 17:01:09,395 [INFO] MainUpdater:525 - Copy updater definitions from MX database
2025-05-04 17:01:09,713 [INFO] MainUpdater:2872 - connection check result : 10
2025-05-04 17:01:09,713 [INFO] MainUpdater:3566 - Updater definition file requires update
2025-05-04 17:01:09,714 [INFO] MainUpdater:289 - Updater Check For Update Now.
2025-05-04 17:01:09,714 [INFO] MicroXplorer:498 - Change Database Version : DB.6.0.130
2025-05-04 17:01:09,718 [INFO] McuFinderGlobals:63 - Set McuFinder mode to 2 (CubeIDE integrated)
2025-05-04 17:01:09,719 [INFO] UserAuth:486 - Internet connection configuration mode: 1
2025-05-04 17:01:09,734 [INFO] JxBrowserEngine:152 - Initiate JxBrowser Engine with user profile folder
2025-05-04 17:01:09,833 [INFO] ServerAccessManage:473 - Download File updaters.zip
2025-05-04 17:01:09,975 [INFO] FileExtend:240 - Unzip File : updaters.zip
2025-05-04 17:01:09,975 [INFO] FileExtend:255 - Standard Zip Deflate
2025-05-04 17:01:10,321 [INFO] ServerAccessManage:473 - Download File PacksControlFlags.xml
2025-05-04 17:01:10,484 [INFO] ServerAccessManage:473 - Download File cubemx.pidx
2025-05-04 17:01:10,602 [INFO] LoadServerUpdatesThread:375 - End of LoadServerUpdate Thread
2025-05-04 17:01:10,777 [INFO] CheckServerUpdateThread:120 - End of CheckServer Thread
2025-05-04 17:01:11,127 [WARN] PackLoader:240 - Cannot read IP mode file for STMicroelectronics.FP-SNS-MOTENVWB1.1.4.0
2025-05-04 17:01:11,139 [WARN] PackLoader:240 - Cannot read IP mode file for STMicroelectronics.FP-ATR-ASTRA1.2.0.2
2025-05-04 17:01:11,146 [WARN] PackLoader:240 - Cannot read IP mode file for STMicroelectronics.FP-ATR-ASTRA1.2.0.1
2025-05-04 17:01:11,162 [WARN] PackLoader:240 - Cannot read IP mode file for STMicroelectronics.X-CUBE-SMBUS.2.1.0
2025-05-04 17:01:11,172 [WARN] PackLoader:240 - Cannot read IP mode file for STMicroelectronics.X-CUBE-WB05N.1.1.0
2025-05-04 17:01:11,218 [WARN] PackLoader:240 - Cannot read IP mode file for STMicroelectronics.X-CUBE-AZRTOS-F7.1.1.0
2025-05-04 17:01:11,314 [WARN] PackLoader:240 - Cannot read IP mode file for STMicroelectronics.X-CUBE-MEMS1.11.0.0
2025-05-04 17:01:11,324 [INFO] WebApp:168 - Instantiating new browser for Auth
2025-05-04 17:01:11,518 [WARN] PackLoader:240 - Cannot read IP mode file for STMicroelectronics.FP-SNS-FLIGHT1.5.0.2
2025-05-04 17:01:11,526 [WARN] PackLoader:240 - Cannot read IP mode file for STMicroelectronics.X-CUBE-DISPLAY.3.0.0
2025-05-04 17:01:11,534 [WARN] PackLoader:240 - Cannot read IP mode file for STMicroelectronics.X-CUBE-BLE1.7.0.0
2025-05-04 17:01:11,543 [WARN] PackLoader:240 - Cannot read IP mode file for STMicroelectronics.X-CUBE-NFC10.1.0.0
2025-05-04 17:01:11,559 [WARN] PackLoader:240 - Cannot read IP mode file for STMicroelectronics.X-CUBE-BLEMGR.4.0.0
2025-05-04 17:01:11,570 [WARN] PackLoader:240 - Cannot read IP mode file for emotas.I-CUBE-CANOPEN.1.3.0
2025-05-04 17:01:11,582 [WARN] PackLoader:240 - Cannot read IP mode file for STMicroelectronics.X-CUBE-BLEMGR.3.1.0
2025-05-04 17:01:11,591 [WARN] PackLoader:240 - Cannot read IP mode file for STMicroelectronics.X-CUBE-AI.10.0.0
2025-05-04 17:01:11,598 [WARN] PackLoader:240 - Cannot read IP mode file for STMicroelectronics.FP-SNS-SMARTAG2.1.2.0
2025-05-04 17:01:11,604 [WARN] PackLoader:240 - Cannot read IP mode file for STMicroelectronics.FP-SNS-FLIGHT1.5.1.0
2025-05-04 17:01:11,683 [WARN] PackLoader:240 - Cannot read IP mode file for STMicroelectronics.X-CUBE-MEMS1.11.1.0
2025-05-04 17:01:11,912 [INFO] LogOutputStream:77 - [STDOUT_REDIRECT] 1 : Invalid condition id : UX_CORESTACK_Condition cause : null
2025-05-04 17:01:11,912 [INFO] LogOutputStream:77 - [STDOUT_REDIRECT] 1 : Invalid condition id : UX_CORESTACK_Condition cause : null
2025-05-04 17:01:11,913 [INFO] LogOutputStream:77 - [STDOUT_REDIRECT] 1 : Invalid condition id : UX_CORESTACK_Condition cause : null
2025-05-04 17:01:11,913 [INFO] LogOutputStream:77 - [STDOUT_REDIRECT] 1 : Invalid condition id : UX_CORESTACK_Condition cause : null
2025-05-04 17:01:11,913 [INFO] LogOutputStream:77 - [STDOUT_REDIRECT] 1 : Invalid condition id : UX_CORESTACK_Condition cause : null
2025-05-04 17:01:11,917 [WARN] PackLoader:240 - Cannot read IP mode file for STMicroelectronics.X-CUBE-AZRTOS-WL.2.0.0
2025-05-04 17:01:11,922 [WARN] PackLoader:240 - Cannot read IP mode file for STMicroelectronics.FP-SNS-MOTENV1.5.0.0
2025-05-04 17:01:11,926 [WARN] PackLoader:240 - Cannot read IP mode file for wolfSSL.I-CUBE-wolfMQTT.1.19.0
2025-05-04 17:01:11,932 [WARN] PackLoader:240 - Cannot read IP mode file for WES.I-CUBE-Cesium.1.3.0
2025-05-04 17:01:11,936 [WARN] PackLoader:240 - Cannot read IP mode file for STMicroelectronics.X-CUBE-BLE2.3.3.0
2025-05-04 17:01:11,942 [WARN] PackLoader:240 - Cannot read IP mode file for STMicroelectronics.X-CUBE-NFC9.1.0.0
2025-05-04 17:01:11,948 [WARN] PackLoader:240 - Cannot read IP mode file for STMicroelectronics.X-CUBE-BLE1.7.1.0
2025-05-04 17:01:11,954 [WARN] PackLoader:240 - Cannot read IP mode file for STMicroelectronics.X-CUBE-TCPP.4.1.0
2025-05-04 17:01:12,028 [WARN] PackLoader:240 - Cannot read IP mode file for STMicroelectronics.X-CUBE-MEMS1.11.2.0
2025-05-04 17:01:12,293 [WARN] PackLoader:240 - Cannot read IP mode file for STMicroelectronics.X-CUBE-AZRTOS-G0.1.1.0
2025-05-04 17:01:12,312 [WARN] PackLoader:240 - Cannot read IP mode file for STMicroelectronics.X-CUBE-SAFEA1.1.2.2
2025-05-04 17:01:12,328 [WARN] PackLoader:240 - Cannot read IP mode file for STMicroelectronics.X-CUBE-NFC4.3.0.0
2025-05-04 17:01:12,354 [WARN] PackLoader:240 - Cannot read IP mode file for EmbeddedOffice.I-CUBE-FS-RTOS.1.0.1
2025-05-04 17:01:12,366 [WARN] PackLoader:240 - Cannot read IP mode file for STMicroelectronics.X-CUBE-WB05N.2.0.0
2025-05-04 17:01:12,379 [WARN] PackLoader:240 - Cannot read IP mode file for STMicroelectronics.X-CUBE-TCPP.4.2.0
2025-05-04 17:01:12,391 [WARN] PackLoader:240 - Cannot read IP mode file for RealThread.X-CUBE-RT-Thread_Nano.4.1.1
2025-05-04 17:01:12,399 [WARN] PackLoader:240 - Cannot read IP mode file for STMicroelectronics.FP-ATR-SIGFOX1.3.2.0
2025-05-04 17:01:12,405 [WARN] ConditionMgr:438 - getConditionDescription Invalid condition id : Cortex-A Device cause : null
2025-05-04 17:01:12,421 [WARN] ConditionMgr:1044 - genDependencies : Invalid condition id : Cortex-A Device cause : null
2025-05-04 17:01:12,422 [WARN] ConditionMgr:1044 - genDependencies : Invalid condition id : Cortex-A Device cause : null
2025-05-04 17:01:12,422 [WARN] ConditionMgr:1044 - genDependencies : Invalid condition id : Cortex-A Device cause : null
2025-05-04 17:01:12,434 [WARN] PackLoader:240 - Cannot read IP mode file for STMicroelectronics.X-CUBE-EEPRMA1.5.1.0
2025-05-04 17:01:12,445 [WARN] PackLoader:240 - Cannot read IP mode file for wolfSSL.I-CUBE-wolfSSL.5.7.4
2025-05-04 17:01:12,457 [WARN] PackLoader:240 - Cannot read IP mode file for ITTIA_DB.I-CUBE-ITTIADB.8.9.0
2025-05-04 17:01:12,512 [INFO] WebApp:449 - Apply proxy settings
2025-05-04 17:01:12,513 [INFO] WebApp:534 - Chromium requires no authentication
2025-05-04 17:01:12,531 [INFO] WebApp:477 - Direct internet connection detected
2025-05-04 17:01:12,552 [WARN] PackLoader:240 - Cannot read IP mode file for SEGGER.I-CUBE-embOS.1.3.1
2025-05-04 17:01:12,576 [INFO] WebApp:880 - Register for checkConnection events
2025-05-04 17:01:12,577 [INFO] WebApp:449 - Apply proxy settings
2025-05-04 17:01:12,577 [INFO] WebApp:534 - Chromium requires no authentication
2025-05-04 17:01:12,578 [INFO] WebApp:477 - Direct internet connection detected
2025-05-04 17:01:12,663 [WARN] PackLoader:240 - Cannot read IP mode file for STMicroelectronics.X-CUBE-ALGOBUILD.1.4.0
2025-05-04 17:01:12,668 [WARN] PackLoader:240 - Cannot read IP mode file for STMicroelectronics.X-CUBE-AI.9.1.0
2025-05-04 17:01:12,705 [WARN] PackLoader:240 - Cannot read IP mode file for STMicroelectronics.X-CUBE-AZRTOS-F4.1.1.0
2025-05-04 17:01:12,718 [WARN] PackLoader:240 - Cannot read IP mode file for Avnet-IotConnect.X-CUBE-IoTC-DA16k-PMOD.1.0.0
2025-05-04 17:01:12,723 [WARN] PackLoader:240 - Cannot read IP mode file for STMicroelectronics.X-CUBE-ISPU.2.1.0
2025-05-04 17:01:12,733 [WARN] PackLoader:240 - Cannot read IP mode file for STMicroelectronics.X-CUBE-FREERTOS.1.2.0
2025-05-04 17:01:12,766 [WARN] PackLoader:240 - Cannot read IP mode file for STMicroelectronics.X-CUBE-AZRTOS-L5.2.0.0
2025-05-04 17:01:12,787 [WARN] PackLoader:240 - Cannot read IP mode file for STMicroelectronics.X-CUBE-NFC6.3.1.0
2025-05-04 17:01:12,811 [WARN] PackLoader:240 - Cannot read IP mode file for STMicroelectronics.X-CUBE-DPower.1.2.0
2025-05-04 17:01:12,823 [WARN] PackLoader:240 - Cannot read IP mode file for STMicroelectronics.X-CUBE-FREERTOS.1.3.0
2025-05-04 17:01:12,837 [WARN] PackLoader:240 - Cannot read IP mode file for STMicroelectronics.X-CUBE-NFC7.1.0.1
2025-05-04 17:01:12,850 [WARN] PackLoader:240 - Cannot read IP mode file for STMicroelectronics.X-CUBE-DPower.1.3.0
2025-05-04 17:01:12,863 [INFO] WebApp:187 - Connection restablished
2025-05-04 17:01:12,892 [INFO] WebApp:221 - Starting web application
2025-05-04 17:01:12,892 [INFO] WebApp:579 - Web application path used /opt/st/stm32cubeide_1.17.0/plugins/com.st.stm32cube.common.mx_6.13.0.202411220809/db/plugins/mcufinder/reactClient1/index.html
2025-05-04 17:01:12,901 [WARN] ConditionMgr:438 - getConditionDescription Invalid condition id : LAN8742 Phy interface Condition cause : null
2025-05-04 17:01:12,903 [WARN] PackLoader:240 - Cannot read IP mode file for STMicroelectronics.X-CUBE-AZRTOS-L4.2.0.0
2025-05-04 17:01:12,905 [WARN] ConditionMgr:1044 - genDependencies : Invalid condition id : LAN8742 Phy interface Condition cause : null
2025-05-04 17:01:12,906 [WARN] ConditionMgr:1044 - genDependencies : Invalid condition id : LAN8742 Phy interface Condition cause : null
2025-05-04 17:01:12,908 [WARN] ConditionMgr:1044 - genDependencies : Invalid condition id : LAN8742 Phy interface Condition cause : null
2025-05-04 17:01:12,929 [WARN] PackLoader:240 - Cannot read IP mode file for STMicroelectronics.X-CUBE-SFXS2LP1.4.0.0
2025-05-04 17:01:12,999 [WARN] PackLoader:240 - Cannot read IP mode file for STMicroelectronics.X-CUBE-AZRTOS-H7.3.3.0
2025-05-04 17:01:13,035 [WARN] PackLoader:240 - Cannot read IP mode file for STMicroelectronics.X-CUBE-IPS.3.0.0
2025-05-04 17:01:13,073 [WARN] ConditionMgr:438 - getConditionDescription Invalid condition id : UX DEVICE CLASS RTOS Condition cause : null
2025-05-04 17:01:13,074 [WARN] ConditionMgr:438 - getConditionDescription Invalid condition id : UX DEVICE CLASS RTOS Condition cause : null
2025-05-04 17:01:13,078 [WARN] PackLoader:240 - Cannot read IP mode file for STMicroelectronics.X-CUBE-AZRTOS-WB.2.0.0
2025-05-04 17:01:13,079 [WARN] ConditionMgr:1044 - genDependencies : Invalid condition id : UX DEVICE CLASS RTOS Condition cause : null
2025-05-04 17:01:13,079 [WARN] ConditionMgr:1044 - genDependencies : Invalid condition id : UX DEVICE CLASS RTOS Condition cause : null
2025-05-04 17:01:13,080 [WARN] ConditionMgr:1044 - genDependencies : Invalid condition id : UX DEVICE CLASS RTOS Condition cause : null
2025-05-04 17:01:13,081 [WARN] ConditionMgr:1044 - genDependencies : Invalid condition id : UX DEVICE CLASS RTOS Condition cause : null
2025-05-04 17:01:13,081 [WARN] ConditionMgr:1044 - genDependencies : Invalid condition id : UX DEVICE CLASS RTOS Condition cause : null
2025-05-04 17:01:13,091 [WARN] PackLoader:240 - Cannot read IP mode file for STMicroelectronics.X-CUBE-GNSS1.7.0.0
2025-05-04 17:01:13,101 [WARN] PackLoader:240 - Cannot read IP mode file for STMicroelectronics.X-CUBE-GNSS1.7.0.1
2025-05-04 17:01:13,112 [WARN] PackLoader:240 - Cannot read IP mode file for STMicroelectronics.X-CUBE-TOUCHGFX.4.25.0
2025-05-04 17:01:13,115 [INFO] UserAuth:486 - Internet connection configuration mode: 1
2025-05-04 17:01:13,125 [WARN] PackLoader:240 - Cannot read IP mode file for STMicroelectronics.FP-SNS-STBOX1.2.0.0
2025-05-04 17:01:13,157 [WARN] PackLoader:240 - Cannot read IP mode file for STMicroelectronics.X-CUBE-SUBG2.5.0.0
2025-05-04 17:01:13,226 [WARN] PackLoader:240 - Cannot read IP mode file for STMicroelectronics.X-CUBE-AZRTOS-H7RS.1.1.0
2025-05-04 17:01:13,239 [WARN] PackLoader:240 - Cannot read IP mode file for Cesanta.I-CUBE-Mongoose.7.13.0
2025-05-04 17:01:13,279 [WARN] PackLoader:240 - Cannot read IP mode file for STMicroelectronics.X-CUBE-AZRTOS-G4.2.0.0
2025-05-04 17:01:13,291 [WARN] PackLoader:240 - Cannot read IP mode file for STMicroelectronics.X-CUBE-NFC7.2.0.0
2025-05-04 17:01:13,330 [WARN] PackLoader:240 - Cannot read IP mode file for STMicroelectronics.X-CUBE-IPS.3.1.0
2025-05-04 17:01:13,361 [WARN] PackLoader:240 - Cannot read IP mode file for STMicroelectronics.X-CUBE-ALS.1.0.2
2025-05-04 17:01:13,368 [WARN] PackLoader:240 - Cannot read IP mode file for STMicroelectronics.X-CUBE-TOUCHGFX.4.24.2
2025-05-04 17:01:13,376 [WARN] PackLoader:240 - Cannot read IP mode file for STMicroelectronics.X-CUBE-TOUCHGFX.4.24.1
2025-05-04 17:01:13,384 [WARN] PackLoader:240 - Cannot read IP mode file for wolfSSL.I-CUBE-wolfTPM.3.4.0
2025-05-04 17:01:13,396 [WARN] PackLoader:240 - Cannot read IP mode file for portGmbH.I-Cube-SoM-uGOAL.1.1.0
2025-05-04 17:01:13,457 [WARN] PackLoader:240 - Cannot read IP mode file for STMicroelectronics.X-CUBE-AZRTOS-H7RS.1.0.0
2025-05-04 17:01:13,498 [WARN] PackLoader:240 - Cannot read IP mode file for STMicroelectronics.X-CUBE-TOF1.3.4.2
2025-05-04 17:01:13,550 [WARN] PackLoader:240 - Cannot read IP mode file for STMicroelectronics.X-CUBE-TOF1.3.4.3
2025-05-04 17:01:13,617 [WARN] PackLoader:240 - Cannot read IP mode file for Infineon.AIROC-Wi-Fi-Bluetooth-STM32.1.6.1
2025-05-04 17:01:13,629 [WARN] PackLoader:240 - Cannot read IP mode file for wolfSSL.I-CUBE-wolfSSH.1.4.17
2025-05-04 17:01:13,630 [INFO] ThirdParty:978 - Integrity check success = true
2025-05-04 17:01:13,630 [INFO] IntegrityCheckThread:100 - exiting critical section [integrity check]
2025-05-04 17:01:13,630 [INFO] IntegrityCheckThread:103 - End integrity checks thread
2025-05-04 22:37:13,589 [ERROR] LogOutputStream:75 - [STDERR_REDIRECT] 
