2025-05-10 12:37:40,945 [INFO] Activator:176 - 


2025-05-10 12:37:40,949 [INFO] Activator:177 - !SESSION log4j initialized
2025-05-10 12:37:45,907 [INFO] LogOutputStream:77 - [STDOUT_REDIRECT] 
2025-05-10 12:37:47,020 [INFO] ApplicationProperties:184 - Using Application install path: /opt/st/stm32cubeide_1.17.0/plugins/com.st.stm32cube.common.mx_6.13.0.202411220809
2025-05-10 12:37:47,038 [INFO] DbMcusXml:78 - Set database path to: /opt/st/stm32cubeide_1.17.0/plugins/com.st.stm32cube.common.mx_6.13.0.202411220809//db//mcu/
2025-05-10 12:37:47,038 [INFO] ApiDb:274 - Set plugin database path to: /opt/st/stm32cubeide_1.17.0/plugins/com.st.stm32cube.common.mx_6.13.0.202411220809//db//plugins/boardmanager/
2025-05-10 12:37:47,039 [WARN] ApiDb:259 - Overriding images path with different value:  => /opt/st/stm32cubeide_1.17.0/plugins/com.st.stm32cube.common.mx_6.13.0.202411220809//db//plugins/mcufinder/images/
2025-05-10 12:37:47,043 [INFO] ApiDb:250 - Set database path to: /home/maciej/.stmcufinder/plugins/mcufinder//mcu/
2025-05-10 12:37:47,044 [INFO] DbMcusAds:125 - Set database path to: /home/maciej/.stmcufinder/plugins/mcufinder//mcu/
2025-05-10 12:37:47,047 [INFO] CrossReferenceDbSqlite:203 - Set database path to: /home/maciej/.stmcufinder/plugins/mcufinder//mcu/cs/
2025-05-10 12:37:47,253 [INFO] RulesReader:64 - Compatibility file has been processed (297 Rules)
2025-05-10 12:37:47,363 [INFO] DbMcusXml:78 - Set database path to: /opt/st/stm32cubeide_1.17.0/plugins/com.st.stm32cube.common.mx_6.13.0.202411220809//db//mcu/
2025-05-10 12:37:47,364 [INFO] ApiDb:274 - Set plugin database path to: /opt/st/stm32cubeide_1.17.0/plugins/com.st.stm32cube.common.mx_6.13.0.202411220809//db//plugins/boardmanager/
2025-05-10 12:37:47,365 [INFO] ApiDb:261 - Set plugin images path to: /opt/st/stm32cubeide_1.17.0/plugins/com.st.stm32cube.common.mx_6.13.0.202411220809//db//plugins/mcufinder/images/
2025-05-10 12:37:47,365 [WARN] DbFile:41 - Overriding database path with different value: /home/maciej/.stmcufinder/plugins/mcufinder/ => /home/maciej/.stmcufinder/plugins/mcufinder
2025-05-10 12:37:47,366 [INFO] ApiDb:250 - Set database path to: /home/maciej/.stmcufinder/plugins/mcufinder//mcu/
2025-05-10 12:37:47,366 [WARN] DbFile:41 - Overriding database path with different value: /home/maciej/.stmcufinder/plugins/mcufinder/ => /home/maciej/.stmcufinder/plugins/mcufinder
2025-05-10 12:37:47,366 [INFO] DbMcusAds:125 - Set database path to: /home/maciej/.stmcufinder/plugins/mcufinder//mcu/
2025-05-10 12:37:47,366 [WARN] DbFile:41 - Overriding database path with different value: /home/maciej/.stmcufinder/plugins/mcufinder/ => /home/maciej/.stmcufinder/plugins/mcufinder
2025-05-10 12:37:47,367 [WARN] DbFile:41 - Overriding database path with different value: /home/maciej/.stmcufinder/plugins/mcufinder/ => /home/maciej/.stmcufinder/plugins/mcufinder
2025-05-10 12:37:47,367 [INFO] CrossReferenceDbSqlite:203 - Set database path to: /home/maciej/.stmcufinder/plugins/mcufinder//mcu/cs/
2025-05-10 12:37:47,440 [INFO] MainPanel:272 - HeapMemory: 268435456
2025-05-10 12:37:47,567 [INFO] DbMcusXml:78 - Set database path to: /opt/st/stm32cubeide_1.17.0/plugins/com.st.stm32cube.common.mx_6.13.0.202411220809//db//mcu/
2025-05-10 12:37:47,567 [INFO] ApiDb:274 - Set plugin database path to: /opt/st/stm32cubeide_1.17.0/plugins/com.st.stm32cube.common.mx_6.13.0.202411220809//db//plugins/boardmanager/
2025-05-10 12:37:47,567 [INFO] ApiDb:261 - Set plugin images path to: /opt/st/stm32cubeide_1.17.0/plugins/com.st.stm32cube.common.mx_6.13.0.202411220809//db//plugins/mcufinder/images/
2025-05-10 12:37:47,568 [WARN] DbFile:41 - Overriding database path with different value: /home/maciej/.stmcufinder/plugins/mcufinder/ => /home/maciej/.stmcufinder/plugins/mcufinder
2025-05-10 12:37:47,568 [INFO] ApiDb:250 - Set database path to: /home/maciej/.stmcufinder/plugins/mcufinder//mcu/
2025-05-10 12:37:47,568 [WARN] DbFile:41 - Overriding database path with different value: /home/maciej/.stmcufinder/plugins/mcufinder/ => /home/maciej/.stmcufinder/plugins/mcufinder
2025-05-10 12:37:47,568 [INFO] DbMcusAds:125 - Set database path to: /home/maciej/.stmcufinder/plugins/mcufinder//mcu/
2025-05-10 12:37:47,569 [WARN] DbFile:41 - Overriding database path with different value: /home/maciej/.stmcufinder/plugins/mcufinder/ => /home/maciej/.stmcufinder/plugins/mcufinder
2025-05-10 12:37:47,569 [WARN] DbFile:41 - Overriding database path with different value: /home/maciej/.stmcufinder/plugins/mcufinder/ => /home/maciej/.stmcufinder/plugins/mcufinder
2025-05-10 12:37:47,569 [INFO] CrossReferenceDbSqlite:203 - Set database path to: /home/maciej/.stmcufinder/plugins/mcufinder//mcu/cs/
2025-05-10 12:37:47,591 [INFO] ApplicationProperties:184 - Using Application install path: /opt/st/stm32cubeide_1.17.0/plugins/com.st.stm32cube.common.mx_6.13.0.202411220809
2025-05-10 12:37:47,593 [INFO] PluginManage:196 - Search for loadable plugins [exclusion list=, ]
2025-05-10 12:37:47,595 [INFO] PluginManage:310 - Check plugin analytics
2025-05-10 12:37:47,920 [INFO] AnalyticsPlugin:253 - Accepted Software Licenses: STM32CubeMX.6.12.1,STM32CubeMX.6.14.1
2025-05-10 12:37:47,920 [INFO] AnalyticsPlugin:255 - Accepted CMSIS Pack Licenses: 
2025-05-10 12:37:47,920 [INFO] AnalyticsPlugin:257 - Accepted Firmware Licenses: FW.L4.1.18.0,FW.F4.1.28.0,FW.G4.1.6.0
2025-05-10 12:37:47,925 [INFO] PluginManage:359 - Loaded plugin analytics (category:tool,tabindex:-1)
2025-05-10 12:37:47,925 [INFO] PluginManage:310 - Check plugin cadmodel
2025-05-10 12:37:47,934 [INFO] CADModel:105 - Init CAD model plugin
2025-05-10 12:37:47,934 [INFO] PluginManage:359 - Loaded plugin cadmodel (category:power,tabindex:5)
2025-05-10 12:37:47,934 [INFO] PluginManage:310 - Check plugin clock
2025-05-10 12:37:47,945 [INFO] PluginManage:359 - Loaded plugin clock (category:base,tabindex:2)
2025-05-10 12:37:47,945 [INFO] PluginManage:310 - Check plugin ddr
2025-05-10 12:37:47,947 [INFO] PluginManage:359 - Loaded plugin ddr (category:tool,tabindex:6)
2025-05-10 12:37:47,947 [INFO] PluginManage:310 - Check plugin filemanager
2025-05-10 12:37:48,100 [INFO] PluginManage:359 - Loaded plugin filemanager (category:base,tabindex:10)
2025-05-10 12:37:48,100 [INFO] PluginManage:310 - Check plugin ipmanager
2025-05-10 12:37:48,106 [INFO] PluginManage:359 - Loaded plugin ipmanager (category:base,tabindex:5)
2025-05-10 12:37:48,106 [INFO] PluginManage:310 - Check plugin lpbam
2025-05-10 12:37:48,117 [INFO] PluginManage:359 - Loaded plugin lpbam (category:base,tabindex:0)
2025-05-10 12:37:48,117 [INFO] PluginManage:310 - Check plugin memorymap
2025-05-10 12:37:48,131 [INFO] PluginManage:359 - Loaded plugin memorymap (category:base,tabindex:4)
2025-05-10 12:37:48,131 [INFO] PluginManage:310 - Check plugin pinoutandconfiguration
2025-05-10 12:37:48,141 [INFO] PluginManage:359 - Loaded plugin pinoutandconfiguration (category:base,tabindex:1)
2025-05-10 12:37:48,141 [INFO] PluginManage:310 - Check plugin pinoutconfig
2025-05-10 12:37:48,243 [WARN] SupportedApi:132 - Cannot load RTOS API schema: s4s-elt-must-match.1: The content of 'definitions' must match (annotation?, (simpleType | complexType)?, (unique | key | keyref)*)). A problem was found starting at: attribute.
2025-05-10 12:37:48,436 [INFO] PluginManage:359 - Loaded plugin pinoutconfig (category:base,tabindex:0)
2025-05-10 12:37:48,437 [INFO] PluginManage:310 - Check plugin power
2025-05-10 12:37:48,447 [INFO] PluginManage:359 - Loaded plugin power (category:power,tabindex:4)
2025-05-10 12:37:48,448 [INFO] PluginManage:310 - Check plugin projectmanager
2025-05-10 12:37:48,471 [INFO] PluginManage:359 - Loaded plugin projectmanager (category:projectmanager,tabindex:4)
2025-05-10 12:37:48,471 [INFO] PluginManage:310 - Check plugin rif
2025-05-10 12:37:48,479 [INFO] PluginManage:359 - Loaded plugin rif (category:base,tabindex:3)
2025-05-10 12:37:48,480 [INFO] PluginManage:310 - Check plugin thirdparty
2025-05-10 12:37:48,658 [WARN] IntegrityCheckThread:84 - waiting for thirdparty lock release [integrity check]
2025-05-10 12:37:48,658 [INFO] PluginManage:359 - Loaded plugin thirdparty (category:base,tabindex:-1)
2025-05-10 12:37:48,658 [INFO] IntegrityCheckThread:86 - entering critical section [integrity check]
2025-05-10 12:37:48,659 [INFO] PluginManage:310 - Check plugin tools
2025-05-10 12:37:48,659 [INFO] ThirdPartyUpdaterWithRetryManager:70 - Updater plugin not ready yet. [1/15]
2025-05-10 12:37:48,662 [INFO] PluginManage:359 - Loaded plugin tools (category:base,tabindex:7)
2025-05-10 12:37:48,663 [INFO] PluginManage:310 - Check plugin tutovideos
2025-05-10 12:37:48,896 [INFO] PluginManage:359 - Loaded plugin tutovideos (category:base,tabindex:-1)
2025-05-10 12:37:48,897 [INFO] PluginManage:310 - Check plugin updater
2025-05-10 12:37:48,922 [INFO] PluginManage:359 - Loaded plugin updater (category:base,tabindex:12)
2025-05-10 12:37:48,923 [INFO] PluginManage:310 - Check plugin userauth
2025-05-10 12:37:48,926 [INFO] UserAuth:118 - Init User Auth plugin
2025-05-10 12:37:48,927 [INFO] PluginManage:359 - Loaded plugin userauth (category:base,tabindex:14)
2025-05-10 12:37:48,927 [INFO] PluginManage:283 - PluginManage : Loaded plugins [18]
2025-05-10 12:37:49,130 [INFO] PinOutPanel:1589 - setPackage(No Configuration,No Configuration)
2025-05-10 12:37:49,207 [INFO] CADModel:165 - CPN selected for project level
2025-05-10 12:37:49,208 [INFO] CADModel:114 - Register for checkConnection events
2025-05-10 12:37:49,223 [INFO] IPUIPlugin:80 - create IPUIPlugin
2025-05-10 12:37:49,223 [INFO] PluginManager:220 - loadIPPluginJar : add gic
2025-05-10 12:37:49,238 [INFO] IPUIPlugin:80 - create IPUIPlugin
2025-05-10 12:37:49,238 [INFO] PluginManager:220 - loadIPPluginJar : add adc
2025-05-10 12:37:49,241 [INFO] IPUIPlugin:80 - create IPUIPlugin
2025-05-10 12:37:49,241 [INFO] PluginManager:220 - loadIPPluginJar : add hash
2025-05-10 12:37:49,244 [INFO] IPUIPlugin:80 - create IPUIPlugin
2025-05-10 12:37:49,244 [INFO] PluginManager:220 - loadIPPluginJar : add ts
2025-05-10 12:37:49,250 [INFO] IPUIPlugin:80 - create IPUIPlugin
2025-05-10 12:37:49,250 [INFO] PluginManager:220 - loadIPPluginJar : add gpio
2025-05-10 12:37:49,254 [INFO] IPUIPlugin:80 - create IPUIPlugin
2025-05-10 12:37:49,254 [INFO] PluginManager:220 - loadIPPluginJar : add dfsdm
2025-05-10 12:37:49,258 [INFO] IPUIPlugin:80 - create IPUIPlugin
2025-05-10 12:37:49,259 [INFO] PluginManager:220 - loadIPPluginJar : add touchsensing
2025-05-10 12:37:49,267 [INFO] IPUIPlugin:80 - create IPUIPlugin
2025-05-10 12:37:49,267 [INFO] PluginManager:220 - loadIPPluginJar : add stm32_wpan
2025-05-10 12:37:49,270 [INFO] IPUIPlugin:80 - create IPUIPlugin
2025-05-10 12:37:49,270 [INFO] PluginManager:220 - loadIPPluginJar : add i2c
2025-05-10 12:37:49,273 [INFO] IPUIPlugin:80 - create IPUIPlugin
2025-05-10 12:37:49,273 [INFO] PluginManager:220 - loadIPPluginJar : add gfxmmu
2025-05-10 12:37:49,276 [INFO] IPUIPlugin:80 - create IPUIPlugin
2025-05-10 12:37:49,276 [INFO] PluginManager:220 - loadIPPluginJar : add extmemmanager
2025-05-10 12:37:49,280 [INFO] IPUIPlugin:80 - create IPUIPlugin
2025-05-10 12:37:49,280 [INFO] PluginManager:220 - loadIPPluginJar : add ddr_ctrl_phy
2025-05-10 12:37:49,282 [INFO] IPUIPlugin:80 - create IPUIPlugin
2025-05-10 12:37:49,282 [INFO] PluginManager:220 - loadIPPluginJar : add fatfs
2025-05-10 12:37:49,286 [INFO] IPUIPlugin:80 - create IPUIPlugin
2025-05-10 12:37:49,286 [INFO] PluginManager:220 - loadIPPluginJar : add gtzc
2025-05-10 12:37:49,291 [INFO] IPUIPlugin:80 - create IPUIPlugin
2025-05-10 12:37:49,292 [INFO] PluginManager:220 - loadIPPluginJar : add fmc
2025-05-10 12:37:49,295 [INFO] IPUIPlugin:80 - create IPUIPlugin
2025-05-10 12:37:49,295 [INFO] PluginManager:220 - loadIPPluginJar : add pdm2pcm
2025-05-10 12:37:49,298 [INFO] IPUIPlugin:80 - create IPUIPlugin
2025-05-10 12:37:49,298 [INFO] PluginManager:220 - loadIPPluginJar : add i2s
2025-05-10 12:37:49,306 [INFO] IPUIPlugin:80 - create IPUIPlugin
2025-05-10 12:37:49,306 [INFO] PluginManager:220 - loadIPPluginJar : add mdma
2025-05-10 12:37:49,310 [INFO] IPUIPlugin:80 - create IPUIPlugin
2025-05-10 12:37:49,310 [INFO] PluginManager:220 - loadIPPluginJar : add opamp
2025-05-10 12:37:49,314 [INFO] IPUIPlugin:80 - create IPUIPlugin
2025-05-10 12:37:49,314 [INFO] PluginManager:220 - loadIPPluginJar : add resmgrutility
2025-05-10 12:37:49,316 [INFO] IPUIPlugin:80 - create IPUIPlugin
2025-05-10 12:37:49,316 [INFO] PluginManager:220 - loadIPPluginJar : add genericplugin
2025-05-10 12:37:49,320 [INFO] IPUIPlugin:80 - create IPUIPlugin
2025-05-10 12:37:49,321 [INFO] PluginManager:220 - loadIPPluginJar : add nvic
2025-05-10 12:37:49,322 [INFO] IPUIPlugin:80 - create IPUIPlugin
2025-05-10 12:37:49,323 [INFO] PluginManager:220 - loadIPPluginJar : add ltdc
2025-05-10 12:37:49,332 [INFO] IPUIPlugin:80 - create IPUIPlugin
2025-05-10 12:37:49,332 [INFO] PluginManager:220 - loadIPPluginJar : add linkedlist
2025-05-10 12:37:49,335 [INFO] IPUIPlugin:80 - create IPUIPlugin
2025-05-10 12:37:49,335 [INFO] PluginManager:220 - loadIPPluginJar : add spi
2025-05-10 12:37:49,339 [INFO] IPUIPlugin:80 - create IPUIPlugin
2025-05-10 12:37:49,339 [INFO] PluginManager:220 - loadIPPluginJar : add openamp
2025-05-10 12:37:49,342 [INFO] IPUIPlugin:80 - create IPUIPlugin
2025-05-10 12:37:49,343 [INFO] PluginManager:220 - loadIPPluginJar : add usbx
2025-05-10 12:37:49,346 [INFO] IPUIPlugin:80 - create IPUIPlugin
2025-05-10 12:37:49,347 [INFO] PluginManager:220 - loadIPPluginJar : add cryp
2025-05-10 12:37:49,350 [INFO] IPUIPlugin:80 - create IPUIPlugin
2025-05-10 12:37:49,350 [INFO] PluginManager:220 - loadIPPluginJar : add lorawan
2025-05-10 12:37:49,352 [INFO] IPUIPlugin:80 - create IPUIPlugin
2025-05-10 12:37:49,353 [INFO] PluginManager:220 - loadIPPluginJar : add radio
2025-05-10 12:37:49,360 [INFO] IPUIPlugin:80 - create IPUIPlugin
2025-05-10 12:37:49,360 [INFO] PluginManager:220 - loadIPPluginJar : add freertos
2025-05-10 12:37:49,362 [INFO] IPUIPlugin:80 - create IPUIPlugin
2025-05-10 12:37:49,363 [INFO] PluginManager:220 - loadIPPluginJar : add ucpd
2025-05-10 12:37:49,364 [INFO] IPUIPlugin:80 - create IPUIPlugin
2025-05-10 12:37:49,365 [INFO] PluginManager:220 - loadIPPluginJar : add comp
2025-05-10 12:37:49,368 [INFO] IPUIPlugin:80 - create IPUIPlugin
2025-05-10 12:37:49,368 [INFO] PluginManager:220 - loadIPPluginJar : add usart
2025-05-10 12:37:49,371 [INFO] IPUIPlugin:80 - create IPUIPlugin
2025-05-10 12:37:49,372 [INFO] PluginManager:220 - loadIPPluginJar : add aes
2025-05-10 12:37:49,374 [INFO] IPUIPlugin:80 - create IPUIPlugin
2025-05-10 12:37:49,374 [INFO] PluginManager:220 - loadIPPluginJar : add tim
2025-05-10 12:37:49,378 [INFO] IPUIPlugin:80 - create IPUIPlugin
2025-05-10 12:37:49,378 [INFO] PluginManager:220 - loadIPPluginJar : add sai
2025-05-10 12:37:49,381 [INFO] IPUIPlugin:80 - create IPUIPlugin
2025-05-10 12:37:49,382 [INFO] PluginManager:220 - loadIPPluginJar : add dma3
2025-05-10 12:37:49,385 [INFO] IPUIPlugin:80 - create IPUIPlugin
2025-05-10 12:37:49,385 [INFO] PluginManager:220 - loadIPPluginJar : add can
2025-05-10 12:37:49,387 [INFO] IPUIPlugin:80 - create IPUIPlugin
2025-05-10 12:37:49,388 [INFO] PluginManager:220 - loadIPPluginJar : add quadspi
2025-05-10 12:37:49,391 [INFO] IPUIPlugin:80 - create IPUIPlugin
2025-05-10 12:37:49,392 [INFO] PluginManager:220 - loadIPPluginJar : add i3c
2025-05-10 12:37:49,396 [INFO] IPUIPlugin:80 - create IPUIPlugin
2025-05-10 12:37:49,396 [INFO] PluginManager:220 - loadIPPluginJar : add ipddr
2025-05-10 12:37:49,398 [INFO] IPUIPlugin:80 - create IPUIPlugin
2025-05-10 12:37:49,398 [INFO] PluginManager:220 - loadIPPluginJar : add tsc
2025-05-10 12:37:49,406 [INFO] IPUIPlugin:80 - create IPUIPlugin
2025-05-10 12:37:49,410 [INFO] PluginManager:220 - loadIPPluginJar : add plateformsettings
2025-05-10 12:37:49,418 [INFO] IPUIPlugin:80 - create IPUIPlugin
2025-05-10 12:37:49,418 [INFO] PluginManager:220 - loadIPPluginJar : add dma
2025-05-10 12:37:49,420 [INFO] IPUIPlugin:80 - create IPUIPlugin
2025-05-10 12:37:49,421 [INFO] PluginManager:220 - loadIPPluginJar : add tracer_emb
2025-05-10 12:37:49,543 [FATAL] Updater:351 - Updater called before beeing initialized
2025-05-10 12:37:49,603 [INFO] RulesReader:64 - Compatibility file has been processed (297 Rules)
2025-05-10 12:37:49,621 [INFO] RulesReader:64 - Compatibility file has been processed (297 Rules)
2025-05-10 12:37:49,631 [INFO] CADModel:165 - CPN selected for project level
2025-05-10 12:37:49,631 [INFO] CADModel:114 - Register for checkConnection events
2025-05-10 12:37:49,631 [FATAL] Updater:351 - Updater called before beeing initialized
2025-05-10 12:37:49,631 [ERROR] CADModel:125 - Updater not yet initialized, retry later 
2025-05-10 12:37:49,804 [FATAL] Updater:351 - Updater called before beeing initialized
2025-05-10 12:37:49,806 [INFO] CADModel:165 - CPN selected for project level
2025-05-10 12:37:49,806 [INFO] CADModel:114 - Register for checkConnection events
2025-05-10 12:37:49,806 [FATAL] Updater:351 - Updater called before beeing initialized
2025-05-10 12:37:49,806 [ERROR] CADModel:125 - Updater not yet initialized, retry later 
2025-05-10 12:37:49,811 [FATAL] Updater:351 - Updater called before beeing initialized
2025-05-10 12:37:49,916 [FATAL] Updater:351 - Updater called before beeing initialized
2025-05-10 12:37:49,920 [INFO] DbMcusAds:53 - JSON generation date=Tue Dec 17 17:01:15 CET 2024 (1734451275143)
2025-05-10 12:37:49,920 [FATAL] Updater:351 - Updater called before beeing initialized
2025-05-10 12:37:49,954 [WARN] DetailPanel:346 - Failed to get advertising image, set to default
2025-05-10 12:37:50,270 [FATAL] Updater:351 - Updater called before beeing initialized
2025-05-10 12:37:50,272 [FATAL] Updater:351 - Updater called before beeing initialized
2025-05-10 12:37:50,272 [FATAL] Updater:351 - Updater called before beeing initialized
2025-05-10 12:37:50,272 [WARN] DetailPanel:346 - Failed to get advertising image, set to default
2025-05-10 12:37:50,273 [FATAL] Updater:351 - Updater called before beeing initialized
2025-05-10 12:37:50,306 [ERROR] Updater:1198 - MainUpdater not yet initialized. External WinMGr cannot be set.
2025-05-10 12:37:50,308 [INFO] Updater:1134 - Updater Version found : 6.13.0
2025-05-10 12:37:50,321 [INFO] ApplicationProperties:184 - Using Application install path: /opt/st/stm32cubeide_1.17.0/plugins/com.st.stm32cube.common.mx_6.13.0.202411220809
2025-05-10 12:37:50,647 [INFO] MainUpdater:2872 - connection check result : 10
2025-05-10 12:37:50,649 [INFO] MainUpdater:289 - Updater Check For Update Now.
2025-05-10 12:37:50,649 [INFO] MicroXplorer:498 - Change Database Version : DB.6.0.130
2025-05-10 12:37:50,659 [INFO] McuFinderGlobals:63 - Set McuFinder mode to 2 (CubeIDE integrated)
2025-05-10 12:37:50,660 [INFO] UserAuth:486 - Internet connection configuration mode: 1
2025-05-10 12:37:50,685 [INFO] JxBrowserEngine:152 - Initiate JxBrowser Engine with user profile folder
2025-05-10 12:37:50,959 [INFO] CheckServerUpdateThread:120 - End of CheckServer Thread
2025-05-10 12:37:51,916 [INFO] WebApp:168 - Instantiating new browser for Auth
2025-05-10 12:37:51,988 [WARN] PackLoader:240 - Cannot read IP mode file for STMicroelectronics.FP-SNS-MOTENVWB1.1.4.0
2025-05-10 12:37:52,003 [WARN] PackLoader:240 - Cannot read IP mode file for STMicroelectronics.FP-ATR-ASTRA1.2.0.2
2025-05-10 12:37:52,013 [WARN] PackLoader:240 - Cannot read IP mode file for STMicroelectronics.FP-ATR-ASTRA1.2.0.1
2025-05-10 12:37:52,027 [WARN] PackLoader:240 - Cannot read IP mode file for STMicroelectronics.X-CUBE-SMBUS.2.1.0
2025-05-10 12:37:52,045 [WARN] PackLoader:240 - Cannot read IP mode file for STMicroelectronics.X-CUBE-WB05N.1.1.0
2025-05-10 12:37:52,124 [WARN] PackLoader:240 - Cannot read IP mode file for STMicroelectronics.X-CUBE-AZRTOS-F7.1.1.0
2025-05-10 12:37:52,246 [WARN] PackLoader:240 - Cannot read IP mode file for STMicroelectronics.X-CUBE-MEMS1.11.0.0
2025-05-10 12:37:52,629 [WARN] PackLoader:240 - Cannot read IP mode file for STMicroelectronics.FP-SNS-FLIGHT1.5.0.2
2025-05-10 12:37:52,639 [WARN] PackLoader:240 - Cannot read IP mode file for STMicroelectronics.X-CUBE-DISPLAY.3.0.0
2025-05-10 12:37:52,652 [WARN] PackLoader:240 - Cannot read IP mode file for STMicroelectronics.X-CUBE-BLE1.7.0.0
2025-05-10 12:37:52,661 [WARN] PackLoader:240 - Cannot read IP mode file for STMicroelectronics.X-CUBE-NFC10.1.0.0
2025-05-10 12:37:52,677 [WARN] PackLoader:240 - Cannot read IP mode file for STMicroelectronics.X-CUBE-BLEMGR.4.0.0
2025-05-10 12:37:52,689 [WARN] PackLoader:240 - Cannot read IP mode file for emotas.I-CUBE-CANOPEN.1.3.0
2025-05-10 12:37:52,702 [WARN] PackLoader:240 - Cannot read IP mode file for STMicroelectronics.X-CUBE-BLEMGR.3.1.0
2025-05-10 12:37:52,710 [WARN] PackLoader:240 - Cannot read IP mode file for STMicroelectronics.X-CUBE-AI.10.0.0
2025-05-10 12:37:52,715 [WARN] PackLoader:240 - Cannot read IP mode file for STMicroelectronics.FP-SNS-SMARTAG2.1.2.0
2025-05-10 12:37:52,720 [WARN] PackLoader:240 - Cannot read IP mode file for STMicroelectronics.FP-SNS-FLIGHT1.5.1.0
2025-05-10 12:37:52,800 [WARN] PackLoader:240 - Cannot read IP mode file for STMicroelectronics.X-CUBE-MEMS1.11.1.0
2025-05-10 12:37:53,054 [INFO] LogOutputStream:77 - [STDOUT_REDIRECT] 1 : Invalid condition id : UX_CORESTACK_Condition cause : null
2025-05-10 12:37:53,055 [INFO] LogOutputStream:77 - [STDOUT_REDIRECT] 1 : Invalid condition id : UX_CORESTACK_Condition cause : null
2025-05-10 12:37:53,055 [INFO] LogOutputStream:77 - [STDOUT_REDIRECT] 1 : Invalid condition id : UX_CORESTACK_Condition cause : null
2025-05-10 12:37:53,056 [INFO] LogOutputStream:77 - [STDOUT_REDIRECT] 1 : Invalid condition id : UX_CORESTACK_Condition cause : null
2025-05-10 12:37:53,056 [INFO] LogOutputStream:77 - [STDOUT_REDIRECT] 1 : Invalid condition id : UX_CORESTACK_Condition cause : null
2025-05-10 12:37:53,060 [WARN] PackLoader:240 - Cannot read IP mode file for STMicroelectronics.X-CUBE-AZRTOS-WL.2.0.0
2025-05-10 12:37:53,067 [WARN] PackLoader:240 - Cannot read IP mode file for STMicroelectronics.FP-SNS-MOTENV1.5.0.0
2025-05-10 12:37:53,072 [WARN] PackLoader:240 - Cannot read IP mode file for wolfSSL.I-CUBE-wolfMQTT.1.19.0
2025-05-10 12:37:53,079 [WARN] PackLoader:240 - Cannot read IP mode file for WES.I-CUBE-Cesium.1.3.0
2025-05-10 12:37:53,083 [WARN] PackLoader:240 - Cannot read IP mode file for STMicroelectronics.X-CUBE-BLE2.3.3.0
2025-05-10 12:37:53,096 [WARN] PackLoader:240 - Cannot read IP mode file for STMicroelectronics.X-CUBE-NFC9.1.0.0
2025-05-10 12:37:53,102 [WARN] PackLoader:240 - Cannot read IP mode file for STMicroelectronics.X-CUBE-BLE1.7.1.0
2025-05-10 12:37:53,106 [WARN] PackLoader:240 - Cannot read IP mode file for STMicroelectronics.X-CUBE-TCPP.4.1.0
2025-05-10 12:37:53,165 [WARN] PackLoader:240 - Cannot read IP mode file for STMicroelectronics.X-CUBE-MEMS1.11.2.0
2025-05-10 12:37:53,285 [INFO] WebApp:449 - Apply proxy settings
2025-05-10 12:37:53,287 [INFO] WebApp:534 - Chromium requires no authentication
2025-05-10 12:37:53,296 [INFO] WebApp:477 - Direct internet connection detected
2025-05-10 12:37:53,310 [WARN] PackLoader:240 - Cannot read IP mode file for STMicroelectronics.X-CUBE-AZRTOS-G0.1.1.0
2025-05-10 12:37:53,318 [WARN] PackLoader:240 - Cannot read IP mode file for STMicroelectronics.X-CUBE-SAFEA1.1.2.2
2025-05-10 12:37:53,322 [INFO] WebApp:880 - Register for checkConnection events
2025-05-10 12:37:53,323 [INFO] WebApp:449 - Apply proxy settings
2025-05-10 12:37:53,323 [INFO] WebApp:534 - Chromium requires no authentication
2025-05-10 12:37:53,323 [WARN] PackLoader:240 - Cannot read IP mode file for STMicroelectronics.X-CUBE-NFC4.3.0.0
2025-05-10 12:37:53,324 [INFO] WebApp:477 - Direct internet connection detected
2025-05-10 12:37:53,330 [WARN] PackLoader:240 - Cannot read IP mode file for EmbeddedOffice.I-CUBE-FS-RTOS.1.0.1
2025-05-10 12:37:53,334 [WARN] PackLoader:240 - Cannot read IP mode file for STMicroelectronics.X-CUBE-WB05N.2.0.0
2025-05-10 12:37:53,340 [WARN] PackLoader:240 - Cannot read IP mode file for STMicroelectronics.X-CUBE-TCPP.4.2.0
2025-05-10 12:37:53,344 [WARN] PackLoader:240 - Cannot read IP mode file for RealThread.X-CUBE-RT-Thread_Nano.4.1.1
2025-05-10 12:37:53,349 [WARN] PackLoader:240 - Cannot read IP mode file for STMicroelectronics.FP-ATR-SIGFOX1.3.2.0
2025-05-10 12:37:53,353 [WARN] ConditionMgr:438 - getConditionDescription Invalid condition id : Cortex-A Device cause : null
2025-05-10 12:37:53,374 [WARN] ConditionMgr:1044 - genDependencies : Invalid condition id : Cortex-A Device cause : null
2025-05-10 12:37:53,374 [WARN] ConditionMgr:1044 - genDependencies : Invalid condition id : Cortex-A Device cause : null
2025-05-10 12:37:53,375 [WARN] ConditionMgr:1044 - genDependencies : Invalid condition id : Cortex-A Device cause : null
2025-05-10 12:37:53,381 [WARN] PackLoader:240 - Cannot read IP mode file for STMicroelectronics.X-CUBE-EEPRMA1.5.1.0
2025-05-10 12:37:53,387 [WARN] PackLoader:240 - Cannot read IP mode file for wolfSSL.I-CUBE-wolfSSL.5.7.4
2025-05-10 12:37:53,392 [WARN] PackLoader:240 - Cannot read IP mode file for ITTIA_DB.I-CUBE-ITTIADB.8.9.0
2025-05-10 12:37:53,421 [WARN] PackLoader:240 - Cannot read IP mode file for SEGGER.I-CUBE-embOS.1.3.1
2025-05-10 12:37:53,453 [WARN] PackLoader:240 - Cannot read IP mode file for STMicroelectronics.X-CUBE-ALGOBUILD.1.4.0
2025-05-10 12:37:53,456 [WARN] PackLoader:240 - Cannot read IP mode file for STMicroelectronics.X-CUBE-AI.9.1.0
2025-05-10 12:37:53,476 [WARN] PackLoader:240 - Cannot read IP mode file for STMicroelectronics.X-CUBE-AZRTOS-F4.1.1.0
2025-05-10 12:37:53,481 [WARN] PackLoader:240 - Cannot read IP mode file for Avnet-IotConnect.X-CUBE-IoTC-DA16k-PMOD.1.0.0
2025-05-10 12:37:53,486 [WARN] PackLoader:240 - Cannot read IP mode file for STMicroelectronics.X-CUBE-ISPU.2.1.0
2025-05-10 12:37:53,491 [WARN] PackLoader:240 - Cannot read IP mode file for STMicroelectronics.X-CUBE-FREERTOS.1.2.0
2025-05-10 12:37:53,513 [WARN] PackLoader:240 - Cannot read IP mode file for STMicroelectronics.X-CUBE-AZRTOS-L5.2.0.0
2025-05-10 12:37:53,516 [INFO] WebApp:221 - Starting web application
2025-05-10 12:37:53,517 [INFO] WebApp:579 - Web application path used /opt/st/stm32cubeide_1.17.0/plugins/com.st.stm32cube.common.mx_6.13.0.202411220809/db/plugins/mcufinder/reactClient1/index.html
2025-05-10 12:37:53,525 [WARN] PackLoader:240 - Cannot read IP mode file for STMicroelectronics.X-CUBE-NFC6.3.1.0
2025-05-10 12:37:53,529 [INFO] WebApp:187 - Connection restablished
2025-05-10 12:37:53,534 [WARN] PackLoader:240 - Cannot read IP mode file for STMicroelectronics.X-CUBE-DPower.1.2.0
2025-05-10 12:37:53,542 [WARN] PackLoader:240 - Cannot read IP mode file for STMicroelectronics.X-CUBE-FREERTOS.1.3.1
2025-05-10 12:37:53,547 [WARN] PackLoader:240 - Cannot read IP mode file for STMicroelectronics.X-CUBE-FREERTOS.1.3.0
2025-05-10 12:37:53,554 [WARN] PackLoader:240 - Cannot read IP mode file for STMicroelectronics.X-CUBE-NFC7.1.0.1
2025-05-10 12:37:53,561 [WARN] PackLoader:240 - Cannot read IP mode file for STMicroelectronics.X-CUBE-DPower.1.3.0
2025-05-10 12:37:53,587 [WARN] ConditionMgr:438 - getConditionDescription Invalid condition id : LAN8742 Phy interface Condition cause : null
2025-05-10 12:37:53,588 [WARN] PackLoader:240 - Cannot read IP mode file for STMicroelectronics.X-CUBE-AZRTOS-L4.2.0.0
2025-05-10 12:37:53,590 [WARN] ConditionMgr:1044 - genDependencies : Invalid condition id : LAN8742 Phy interface Condition cause : null
2025-05-10 12:37:53,591 [WARN] ConditionMgr:1044 - genDependencies : Invalid condition id : LAN8742 Phy interface Condition cause : null
2025-05-10 12:37:53,592 [WARN] ConditionMgr:1044 - genDependencies : Invalid condition id : LAN8742 Phy interface Condition cause : null
2025-05-10 12:37:53,602 [WARN] PackLoader:240 - Cannot read IP mode file for STMicroelectronics.X-CUBE-SFXS2LP1.4.0.0
2025-05-10 12:37:53,628 [WARN] PackLoader:240 - Cannot read IP mode file for STMicroelectronics.X-CUBE-AZRTOS-H7.3.3.0
2025-05-10 12:37:53,645 [WARN] PackLoader:240 - Cannot read IP mode file for STMicroelectronics.X-CUBE-IPS.3.0.0
2025-05-10 12:37:53,680 [WARN] ConditionMgr:438 - getConditionDescription Invalid condition id : UX DEVICE CLASS RTOS Condition cause : null
2025-05-10 12:37:53,681 [WARN] ConditionMgr:438 - getConditionDescription Invalid condition id : UX DEVICE CLASS RTOS Condition cause : null
2025-05-10 12:37:53,685 [WARN] PackLoader:240 - Cannot read IP mode file for STMicroelectronics.X-CUBE-AZRTOS-WB.2.0.0
2025-05-10 12:37:53,686 [WARN] ConditionMgr:1044 - genDependencies : Invalid condition id : UX DEVICE CLASS RTOS Condition cause : null
2025-05-10 12:37:53,687 [WARN] ConditionMgr:1044 - genDependencies : Invalid condition id : UX DEVICE CLASS RTOS Condition cause : null
2025-05-10 12:37:53,688 [WARN] ConditionMgr:1044 - genDependencies : Invalid condition id : UX DEVICE CLASS RTOS Condition cause : null
2025-05-10 12:37:53,688 [WARN] ConditionMgr:1044 - genDependencies : Invalid condition id : UX DEVICE CLASS RTOS Condition cause : null
2025-05-10 12:37:53,689 [WARN] ConditionMgr:1044 - genDependencies : Invalid condition id : UX DEVICE CLASS RTOS Condition cause : null
2025-05-10 12:37:53,696 [WARN] PackLoader:240 - Cannot read IP mode file for STMicroelectronics.X-CUBE-GNSS1.7.0.0
2025-05-10 12:37:53,703 [WARN] PackLoader:240 - Cannot read IP mode file for STMicroelectronics.X-CUBE-GNSS1.7.0.1
2025-05-10 12:37:53,708 [WARN] PackLoader:240 - Cannot read IP mode file for STMicroelectronics.X-CUBE-TOUCHGFX.4.25.0
2025-05-10 12:37:53,715 [WARN] PackLoader:240 - Cannot read IP mode file for STMicroelectronics.FP-SNS-STBOX1.2.0.0
2025-05-10 12:37:53,723 [INFO] UserAuth:486 - Internet connection configuration mode: 1
2025-05-10 12:37:53,731 [WARN] PackLoader:240 - Cannot read IP mode file for STMicroelectronics.X-CUBE-SUBG2.5.0.0
2025-05-10 12:37:53,763 [WARN] PackLoader:240 - Cannot read IP mode file for STMicroelectronics.X-CUBE-AZRTOS-H7RS.1.1.0
2025-05-10 12:37:53,772 [WARN] PackLoader:240 - Cannot read IP mode file for Cesanta.I-CUBE-Mongoose.7.13.0
2025-05-10 12:37:53,793 [WARN] PackLoader:240 - Cannot read IP mode file for STMicroelectronics.X-CUBE-AZRTOS-G4.2.0.0
2025-05-10 12:37:53,802 [WARN] PackLoader:240 - Cannot read IP mode file for STMicroelectronics.X-CUBE-NFC7.2.0.0
2025-05-10 12:37:53,822 [WARN] PackLoader:240 - Cannot read IP mode file for STMicroelectronics.X-CUBE-IPS.3.1.0
2025-05-10 12:37:53,849 [WARN] PackLoader:240 - Cannot read IP mode file for STMicroelectronics.X-CUBE-ALS.1.0.2
2025-05-10 12:37:53,855 [WARN] PackLoader:240 - Cannot read IP mode file for STMicroelectronics.X-CUBE-TOUCHGFX.4.24.2
2025-05-10 12:37:53,858 [WARN] PackLoader:240 - Cannot read IP mode file for STMicroelectronics.X-CUBE-TOUCHGFX.4.24.1
2025-05-10 12:37:53,862 [WARN] PackLoader:240 - Cannot read IP mode file for wolfSSL.I-CUBE-wolfTPM.3.4.0
2025-05-10 12:37:53,868 [WARN] PackLoader:240 - Cannot read IP mode file for portGmbH.I-Cube-SoM-uGOAL.1.1.0
2025-05-10 12:37:53,902 [WARN] PackLoader:240 - Cannot read IP mode file for STMicroelectronics.X-CUBE-AZRTOS-H7RS.1.0.0
2025-05-10 12:37:53,926 [WARN] PackLoader:240 - Cannot read IP mode file for STMicroelectronics.X-CUBE-TOF1.3.4.2
2025-05-10 12:37:53,964 [WARN] PackLoader:240 - Cannot read IP mode file for STMicroelectronics.X-CUBE-TOF1.3.4.3
2025-05-10 12:37:54,015 [WARN] PackLoader:240 - Cannot read IP mode file for Infineon.AIROC-Wi-Fi-Bluetooth-STM32.1.6.1
2025-05-10 12:37:54,023 [WARN] PackLoader:240 - Cannot read IP mode file for wolfSSL.I-CUBE-wolfSSH.1.4.17
2025-05-10 12:37:54,024 [INFO] ThirdParty:978 - Integrity check success = true
2025-05-10 12:37:54,024 [INFO] IntegrityCheckThread:100 - exiting critical section [integrity check]
2025-05-10 12:37:54,024 [INFO] IntegrityCheckThread:103 - End integrity checks thread
2025-05-10 12:42:19,684 [ERROR] LogOutputStream:75 - [STDERR_REDIRECT] 
2025-05-10 13:30:15,650 [INFO] Activator:176 - 


2025-05-10 13:30:15,652 [INFO] Activator:177 - !SESSION log4j initialized
2025-05-10 13:30:31,134 [INFO] LogOutputStream:77 - [STDOUT_REDIRECT] 
2025-05-10 13:30:32,018 [INFO] ApplicationProperties:184 - Using Application install path: /opt/st/stm32cubeide_1.17.0/plugins/com.st.stm32cube.common.mx_6.13.0.202411220809
2025-05-10 13:30:32,043 [INFO] DbMcusXml:78 - Set database path to: /opt/st/stm32cubeide_1.17.0/plugins/com.st.stm32cube.common.mx_6.13.0.202411220809//db//mcu/
2025-05-10 13:30:32,043 [INFO] ApiDb:274 - Set plugin database path to: /opt/st/stm32cubeide_1.17.0/plugins/com.st.stm32cube.common.mx_6.13.0.202411220809//db//plugins/boardmanager/
2025-05-10 13:30:32,044 [WARN] ApiDb:259 - Overriding images path with different value:  => /opt/st/stm32cubeide_1.17.0/plugins/com.st.stm32cube.common.mx_6.13.0.202411220809//db//plugins/mcufinder/images/
2025-05-10 13:30:32,054 [INFO] ApiDb:250 - Set database path to: /home/maciej/.stmcufinder/plugins/mcufinder//mcu/
2025-05-10 13:30:32,056 [INFO] DbMcusAds:125 - Set database path to: /home/maciej/.stmcufinder/plugins/mcufinder//mcu/
2025-05-10 13:30:32,059 [INFO] CrossReferenceDbSqlite:203 - Set database path to: /home/maciej/.stmcufinder/plugins/mcufinder//mcu/cs/
2025-05-10 13:30:32,227 [INFO] RulesReader:64 - Compatibility file has been processed (297 Rules)
2025-05-10 13:30:32,329 [INFO] DbMcusXml:78 - Set database path to: /opt/st/stm32cubeide_1.17.0/plugins/com.st.stm32cube.common.mx_6.13.0.202411220809//db//mcu/
2025-05-10 13:30:32,330 [INFO] ApiDb:274 - Set plugin database path to: /opt/st/stm32cubeide_1.17.0/plugins/com.st.stm32cube.common.mx_6.13.0.202411220809//db//plugins/boardmanager/
2025-05-10 13:30:32,330 [INFO] ApiDb:261 - Set plugin images path to: /opt/st/stm32cubeide_1.17.0/plugins/com.st.stm32cube.common.mx_6.13.0.202411220809//db//plugins/mcufinder/images/
2025-05-10 13:30:32,330 [WARN] DbFile:41 - Overriding database path with different value: /home/maciej/.stmcufinder/plugins/mcufinder/ => /home/maciej/.stmcufinder/plugins/mcufinder
2025-05-10 13:30:32,331 [INFO] ApiDb:250 - Set database path to: /home/maciej/.stmcufinder/plugins/mcufinder//mcu/
2025-05-10 13:30:32,331 [WARN] DbFile:41 - Overriding database path with different value: /home/maciej/.stmcufinder/plugins/mcufinder/ => /home/maciej/.stmcufinder/plugins/mcufinder
2025-05-10 13:30:32,331 [INFO] DbMcusAds:125 - Set database path to: /home/maciej/.stmcufinder/plugins/mcufinder//mcu/
2025-05-10 13:30:32,331 [WARN] DbFile:41 - Overriding database path with different value: /home/maciej/.stmcufinder/plugins/mcufinder/ => /home/maciej/.stmcufinder/plugins/mcufinder
2025-05-10 13:30:32,331 [WARN] DbFile:41 - Overriding database path with different value: /home/maciej/.stmcufinder/plugins/mcufinder/ => /home/maciej/.stmcufinder/plugins/mcufinder
2025-05-10 13:30:32,332 [INFO] CrossReferenceDbSqlite:203 - Set database path to: /home/maciej/.stmcufinder/plugins/mcufinder//mcu/cs/
2025-05-10 13:30:32,424 [INFO] MainPanel:272 - HeapMemory: 268435456
2025-05-10 13:30:32,586 [INFO] DbMcusXml:78 - Set database path to: /opt/st/stm32cubeide_1.17.0/plugins/com.st.stm32cube.common.mx_6.13.0.202411220809//db//mcu/
2025-05-10 13:30:32,586 [INFO] ApiDb:274 - Set plugin database path to: /opt/st/stm32cubeide_1.17.0/plugins/com.st.stm32cube.common.mx_6.13.0.202411220809//db//plugins/boardmanager/
2025-05-10 13:30:32,586 [INFO] ApiDb:261 - Set plugin images path to: /opt/st/stm32cubeide_1.17.0/plugins/com.st.stm32cube.common.mx_6.13.0.202411220809//db//plugins/mcufinder/images/
2025-05-10 13:30:32,587 [WARN] DbFile:41 - Overriding database path with different value: /home/maciej/.stmcufinder/plugins/mcufinder/ => /home/maciej/.stmcufinder/plugins/mcufinder
2025-05-10 13:30:32,587 [INFO] ApiDb:250 - Set database path to: /home/maciej/.stmcufinder/plugins/mcufinder//mcu/
2025-05-10 13:30:32,587 [WARN] DbFile:41 - Overriding database path with different value: /home/maciej/.stmcufinder/plugins/mcufinder/ => /home/maciej/.stmcufinder/plugins/mcufinder
2025-05-10 13:30:32,587 [INFO] DbMcusAds:125 - Set database path to: /home/maciej/.stmcufinder/plugins/mcufinder//mcu/
2025-05-10 13:30:32,587 [WARN] DbFile:41 - Overriding database path with different value: /home/maciej/.stmcufinder/plugins/mcufinder/ => /home/maciej/.stmcufinder/plugins/mcufinder
2025-05-10 13:30:32,587 [WARN] DbFile:41 - Overriding database path with different value: /home/maciej/.stmcufinder/plugins/mcufinder/ => /home/maciej/.stmcufinder/plugins/mcufinder
2025-05-10 13:30:32,587 [INFO] CrossReferenceDbSqlite:203 - Set database path to: /home/maciej/.stmcufinder/plugins/mcufinder//mcu/cs/
2025-05-10 13:30:32,605 [INFO] ApplicationProperties:184 - Using Application install path: /opt/st/stm32cubeide_1.17.0/plugins/com.st.stm32cube.common.mx_6.13.0.202411220809
2025-05-10 13:30:32,607 [INFO] PluginManage:196 - Search for loadable plugins [exclusion list=, ]
2025-05-10 13:30:32,608 [INFO] PluginManage:310 - Check plugin analytics
2025-05-10 13:30:32,778 [INFO] AnalyticsPlugin:253 - Accepted Software Licenses: STM32CubeMX.6.12.1,STM32CubeMX.6.14.1
2025-05-10 13:30:32,779 [INFO] AnalyticsPlugin:255 - Accepted CMSIS Pack Licenses: 
2025-05-10 13:30:32,779 [INFO] AnalyticsPlugin:257 - Accepted Firmware Licenses: FW.L4.1.18.0,FW.F4.1.28.0,FW.G4.1.6.0
2025-05-10 13:30:32,782 [INFO] PluginManage:359 - Loaded plugin analytics (category:tool,tabindex:-1)
2025-05-10 13:30:32,783 [INFO] PluginManage:310 - Check plugin cadmodel
2025-05-10 13:30:32,788 [INFO] CADModel:105 - Init CAD model plugin
2025-05-10 13:30:32,788 [INFO] PluginManage:359 - Loaded plugin cadmodel (category:power,tabindex:5)
2025-05-10 13:30:32,789 [INFO] PluginManage:310 - Check plugin clock
2025-05-10 13:30:32,800 [INFO] PluginManage:359 - Loaded plugin clock (category:base,tabindex:2)
2025-05-10 13:30:32,800 [INFO] PluginManage:310 - Check plugin ddr
2025-05-10 13:30:32,803 [INFO] PluginManage:359 - Loaded plugin ddr (category:tool,tabindex:6)
2025-05-10 13:30:32,803 [INFO] PluginManage:310 - Check plugin filemanager
2025-05-10 13:30:32,963 [INFO] PluginManage:359 - Loaded plugin filemanager (category:base,tabindex:10)
2025-05-10 13:30:32,964 [INFO] PluginManage:310 - Check plugin ipmanager
2025-05-10 13:30:32,969 [INFO] PluginManage:359 - Loaded plugin ipmanager (category:base,tabindex:5)
2025-05-10 13:30:32,970 [INFO] PluginManage:310 - Check plugin lpbam
2025-05-10 13:30:32,978 [INFO] PluginManage:359 - Loaded plugin lpbam (category:base,tabindex:0)
2025-05-10 13:30:32,978 [INFO] PluginManage:310 - Check plugin memorymap
2025-05-10 13:30:32,991 [INFO] PluginManage:359 - Loaded plugin memorymap (category:base,tabindex:4)
2025-05-10 13:30:32,992 [INFO] PluginManage:310 - Check plugin pinoutandconfiguration
2025-05-10 13:30:33,002 [INFO] PluginManage:359 - Loaded plugin pinoutandconfiguration (category:base,tabindex:1)
2025-05-10 13:30:33,002 [INFO] PluginManage:310 - Check plugin pinoutconfig
2025-05-10 13:30:33,090 [WARN] SupportedApi:132 - Cannot load RTOS API schema: s4s-elt-must-match.1: The content of 'definitions' must match (annotation?, (simpleType | complexType)?, (unique | key | keyref)*)). A problem was found starting at: attribute.
2025-05-10 13:30:33,225 [INFO] PluginManage:359 - Loaded plugin pinoutconfig (category:base,tabindex:0)
2025-05-10 13:30:33,226 [INFO] PluginManage:310 - Check plugin power
2025-05-10 13:30:33,236 [INFO] PluginManage:359 - Loaded plugin power (category:power,tabindex:4)
2025-05-10 13:30:33,237 [INFO] PluginManage:310 - Check plugin projectmanager
2025-05-10 13:30:33,256 [INFO] PluginManage:359 - Loaded plugin projectmanager (category:projectmanager,tabindex:4)
2025-05-10 13:30:33,256 [INFO] PluginManage:310 - Check plugin rif
2025-05-10 13:30:33,265 [INFO] PluginManage:359 - Loaded plugin rif (category:base,tabindex:3)
2025-05-10 13:30:33,265 [INFO] PluginManage:310 - Check plugin thirdparty
2025-05-10 13:30:33,418 [WARN] IntegrityCheckThread:84 - waiting for thirdparty lock release [integrity check]
2025-05-10 13:30:33,419 [INFO] IntegrityCheckThread:86 - entering critical section [integrity check]
2025-05-10 13:30:33,419 [INFO] PluginManage:359 - Loaded plugin thirdparty (category:base,tabindex:-1)
2025-05-10 13:30:33,419 [INFO] PluginManage:310 - Check plugin tools
2025-05-10 13:30:33,419 [INFO] ThirdPartyUpdaterWithRetryManager:70 - Updater plugin not ready yet. [1/15]
2025-05-10 13:30:33,422 [INFO] PluginManage:359 - Loaded plugin tools (category:base,tabindex:7)
2025-05-10 13:30:33,422 [INFO] PluginManage:310 - Check plugin tutovideos
2025-05-10 13:30:33,590 [INFO] PluginManage:359 - Loaded plugin tutovideos (category:base,tabindex:-1)
2025-05-10 13:30:33,591 [INFO] PluginManage:310 - Check plugin updater
2025-05-10 13:30:33,615 [INFO] PluginManage:359 - Loaded plugin updater (category:base,tabindex:12)
2025-05-10 13:30:33,615 [INFO] PluginManage:310 - Check plugin userauth
2025-05-10 13:30:33,619 [INFO] UserAuth:118 - Init User Auth plugin
2025-05-10 13:30:33,620 [INFO] PluginManage:359 - Loaded plugin userauth (category:base,tabindex:14)
2025-05-10 13:30:33,621 [INFO] PluginManage:283 - PluginManage : Loaded plugins [18]
2025-05-10 13:30:33,790 [INFO] PinOutPanel:1589 - setPackage(No Configuration,No Configuration)
2025-05-10 13:30:33,857 [INFO] CADModel:165 - CPN selected for project level
2025-05-10 13:30:33,857 [INFO] CADModel:114 - Register for checkConnection events
2025-05-10 13:30:33,868 [INFO] IPUIPlugin:80 - create IPUIPlugin
2025-05-10 13:30:33,869 [INFO] PluginManager:220 - loadIPPluginJar : add gic
2025-05-10 13:30:33,879 [INFO] IPUIPlugin:80 - create IPUIPlugin
2025-05-10 13:30:33,880 [INFO] PluginManager:220 - loadIPPluginJar : add adc
2025-05-10 13:30:33,882 [INFO] IPUIPlugin:80 - create IPUIPlugin
2025-05-10 13:30:33,882 [INFO] PluginManager:220 - loadIPPluginJar : add hash
2025-05-10 13:30:33,883 [INFO] IPUIPlugin:80 - create IPUIPlugin
2025-05-10 13:30:33,883 [INFO] PluginManager:220 - loadIPPluginJar : add ts
2025-05-10 13:30:33,887 [INFO] IPUIPlugin:80 - create IPUIPlugin
2025-05-10 13:30:33,888 [INFO] PluginManager:220 - loadIPPluginJar : add gpio
2025-05-10 13:30:33,889 [INFO] IPUIPlugin:80 - create IPUIPlugin
2025-05-10 13:30:33,890 [INFO] PluginManager:220 - loadIPPluginJar : add dfsdm
2025-05-10 13:30:33,893 [INFO] IPUIPlugin:80 - create IPUIPlugin
2025-05-10 13:30:33,893 [INFO] PluginManager:220 - loadIPPluginJar : add touchsensing
2025-05-10 13:30:33,899 [INFO] IPUIPlugin:80 - create IPUIPlugin
2025-05-10 13:30:33,899 [INFO] PluginManager:220 - loadIPPluginJar : add stm32_wpan
2025-05-10 13:30:33,901 [INFO] IPUIPlugin:80 - create IPUIPlugin
2025-05-10 13:30:33,901 [INFO] PluginManager:220 - loadIPPluginJar : add i2c
2025-05-10 13:30:33,904 [INFO] IPUIPlugin:80 - create IPUIPlugin
2025-05-10 13:30:33,904 [INFO] PluginManager:220 - loadIPPluginJar : add gfxmmu
2025-05-10 13:30:33,906 [INFO] IPUIPlugin:80 - create IPUIPlugin
2025-05-10 13:30:33,906 [INFO] PluginManager:220 - loadIPPluginJar : add extmemmanager
2025-05-10 13:30:33,909 [INFO] IPUIPlugin:80 - create IPUIPlugin
2025-05-10 13:30:33,910 [INFO] PluginManager:220 - loadIPPluginJar : add ddr_ctrl_phy
2025-05-10 13:30:33,911 [INFO] IPUIPlugin:80 - create IPUIPlugin
2025-05-10 13:30:33,911 [INFO] PluginManager:220 - loadIPPluginJar : add fatfs
2025-05-10 13:30:33,914 [INFO] IPUIPlugin:80 - create IPUIPlugin
2025-05-10 13:30:33,914 [INFO] PluginManager:220 - loadIPPluginJar : add gtzc
2025-05-10 13:30:33,919 [INFO] IPUIPlugin:80 - create IPUIPlugin
2025-05-10 13:30:33,919 [INFO] PluginManager:220 - loadIPPluginJar : add fmc
2025-05-10 13:30:33,921 [INFO] IPUIPlugin:80 - create IPUIPlugin
2025-05-10 13:30:33,921 [INFO] PluginManager:220 - loadIPPluginJar : add pdm2pcm
2025-05-10 13:30:33,924 [INFO] IPUIPlugin:80 - create IPUIPlugin
2025-05-10 13:30:33,924 [INFO] PluginManager:220 - loadIPPluginJar : add i2s
2025-05-10 13:30:33,930 [INFO] IPUIPlugin:80 - create IPUIPlugin
2025-05-10 13:30:33,930 [INFO] PluginManager:220 - loadIPPluginJar : add mdma
2025-05-10 13:30:33,932 [INFO] IPUIPlugin:80 - create IPUIPlugin
2025-05-10 13:30:33,933 [INFO] PluginManager:220 - loadIPPluginJar : add opamp
2025-05-10 13:30:33,955 [INFO] IPUIPlugin:80 - create IPUIPlugin
2025-05-10 13:30:33,956 [INFO] PluginManager:220 - loadIPPluginJar : add resmgrutility
2025-05-10 13:30:33,957 [INFO] IPUIPlugin:80 - create IPUIPlugin
2025-05-10 13:30:33,957 [INFO] PluginManager:220 - loadIPPluginJar : add genericplugin
2025-05-10 13:30:33,961 [INFO] IPUIPlugin:80 - create IPUIPlugin
2025-05-10 13:30:33,962 [INFO] PluginManager:220 - loadIPPluginJar : add nvic
2025-05-10 13:30:33,963 [INFO] IPUIPlugin:80 - create IPUIPlugin
2025-05-10 13:30:33,964 [INFO] PluginManager:220 - loadIPPluginJar : add ltdc
2025-05-10 13:30:33,971 [INFO] IPUIPlugin:80 - create IPUIPlugin
2025-05-10 13:30:33,971 [INFO] PluginManager:220 - loadIPPluginJar : add linkedlist
2025-05-10 13:30:33,973 [INFO] IPUIPlugin:80 - create IPUIPlugin
2025-05-10 13:30:33,974 [INFO] PluginManager:220 - loadIPPluginJar : add spi
2025-05-10 13:30:33,976 [INFO] IPUIPlugin:80 - create IPUIPlugin
2025-05-10 13:30:33,977 [INFO] PluginManager:220 - loadIPPluginJar : add openamp
2025-05-10 13:30:33,979 [INFO] IPUIPlugin:80 - create IPUIPlugin
2025-05-10 13:30:33,980 [INFO] PluginManager:220 - loadIPPluginJar : add usbx
2025-05-10 13:30:33,982 [INFO] IPUIPlugin:80 - create IPUIPlugin
2025-05-10 13:30:33,983 [INFO] PluginManager:220 - loadIPPluginJar : add cryp
2025-05-10 13:30:33,985 [INFO] IPUIPlugin:80 - create IPUIPlugin
2025-05-10 13:30:33,985 [INFO] PluginManager:220 - loadIPPluginJar : add lorawan
2025-05-10 13:30:33,987 [INFO] IPUIPlugin:80 - create IPUIPlugin
2025-05-10 13:30:33,988 [INFO] PluginManager:220 - loadIPPluginJar : add radio
2025-05-10 13:30:33,994 [INFO] IPUIPlugin:80 - create IPUIPlugin
2025-05-10 13:30:33,994 [INFO] PluginManager:220 - loadIPPluginJar : add freertos
2025-05-10 13:30:33,996 [INFO] IPUIPlugin:80 - create IPUIPlugin
2025-05-10 13:30:33,997 [INFO] PluginManager:220 - loadIPPluginJar : add ucpd
2025-05-10 13:30:33,998 [INFO] IPUIPlugin:80 - create IPUIPlugin
2025-05-10 13:30:33,998 [INFO] PluginManager:220 - loadIPPluginJar : add comp
2025-05-10 13:30:34,001 [INFO] IPUIPlugin:80 - create IPUIPlugin
2025-05-10 13:30:34,001 [INFO] PluginManager:220 - loadIPPluginJar : add usart
2025-05-10 13:30:34,004 [INFO] IPUIPlugin:80 - create IPUIPlugin
2025-05-10 13:30:34,004 [INFO] PluginManager:220 - loadIPPluginJar : add aes
2025-05-10 13:30:34,006 [INFO] IPUIPlugin:80 - create IPUIPlugin
2025-05-10 13:30:34,006 [INFO] PluginManager:220 - loadIPPluginJar : add tim
2025-05-10 13:30:34,009 [INFO] IPUIPlugin:80 - create IPUIPlugin
2025-05-10 13:30:34,010 [INFO] PluginManager:220 - loadIPPluginJar : add sai
2025-05-10 13:30:34,012 [INFO] IPUIPlugin:80 - create IPUIPlugin
2025-05-10 13:30:34,012 [INFO] PluginManager:220 - loadIPPluginJar : add dma3
2025-05-10 13:30:34,015 [INFO] IPUIPlugin:80 - create IPUIPlugin
2025-05-10 13:30:34,015 [INFO] PluginManager:220 - loadIPPluginJar : add can
2025-05-10 13:30:34,017 [INFO] IPUIPlugin:80 - create IPUIPlugin
2025-05-10 13:30:34,017 [INFO] PluginManager:220 - loadIPPluginJar : add quadspi
2025-05-10 13:30:34,020 [INFO] IPUIPlugin:80 - create IPUIPlugin
2025-05-10 13:30:34,020 [INFO] PluginManager:220 - loadIPPluginJar : add i3c
2025-05-10 13:30:34,024 [INFO] IPUIPlugin:80 - create IPUIPlugin
2025-05-10 13:30:34,024 [INFO] PluginManager:220 - loadIPPluginJar : add ipddr
2025-05-10 13:30:34,026 [INFO] IPUIPlugin:80 - create IPUIPlugin
2025-05-10 13:30:34,026 [INFO] PluginManager:220 - loadIPPluginJar : add tsc
2025-05-10 13:30:34,034 [INFO] IPUIPlugin:80 - create IPUIPlugin
2025-05-10 13:30:34,037 [INFO] PluginManager:220 - loadIPPluginJar : add plateformsettings
2025-05-10 13:30:34,043 [INFO] IPUIPlugin:80 - create IPUIPlugin
2025-05-10 13:30:34,043 [INFO] PluginManager:220 - loadIPPluginJar : add dma
2025-05-10 13:30:34,045 [INFO] IPUIPlugin:80 - create IPUIPlugin
2025-05-10 13:30:34,046 [INFO] PluginManager:220 - loadIPPluginJar : add tracer_emb
2025-05-10 13:30:34,156 [FATAL] Updater:351 - Updater called before beeing initialized
2025-05-10 13:30:34,194 [INFO] RulesReader:64 - Compatibility file has been processed (297 Rules)
2025-05-10 13:30:34,205 [INFO] RulesReader:64 - Compatibility file has been processed (297 Rules)
2025-05-10 13:30:34,213 [INFO] CADModel:165 - CPN selected for project level
2025-05-10 13:30:34,214 [INFO] CADModel:114 - Register for checkConnection events
2025-05-10 13:30:34,214 [FATAL] Updater:351 - Updater called before beeing initialized
2025-05-10 13:30:34,214 [ERROR] CADModel:125 - Updater not yet initialized, retry later 
2025-05-10 13:30:34,350 [FATAL] Updater:351 - Updater called before beeing initialized
2025-05-10 13:30:34,352 [INFO] CADModel:165 - CPN selected for project level
2025-05-10 13:30:34,352 [INFO] CADModel:114 - Register for checkConnection events
2025-05-10 13:30:34,352 [FATAL] Updater:351 - Updater called before beeing initialized
2025-05-10 13:30:34,352 [ERROR] CADModel:125 - Updater not yet initialized, retry later 
2025-05-10 13:30:34,356 [FATAL] Updater:351 - Updater called before beeing initialized
2025-05-10 13:30:34,451 [FATAL] Updater:351 - Updater called before beeing initialized
2025-05-10 13:30:34,456 [INFO] DbMcusAds:53 - JSON generation date=Tue Dec 17 17:01:15 CET 2024 (1734451275143)
2025-05-10 13:30:34,456 [FATAL] Updater:351 - Updater called before beeing initialized
2025-05-10 13:30:34,495 [WARN] DetailPanel:346 - Failed to get advertising image, set to default
2025-05-10 13:30:34,738 [FATAL] Updater:351 - Updater called before beeing initialized
2025-05-10 13:30:34,739 [FATAL] Updater:351 - Updater called before beeing initialized
2025-05-10 13:30:34,739 [FATAL] Updater:351 - Updater called before beeing initialized
2025-05-10 13:30:34,739 [WARN] DetailPanel:346 - Failed to get advertising image, set to default
2025-05-10 13:30:34,740 [FATAL] Updater:351 - Updater called before beeing initialized
2025-05-10 13:30:34,769 [ERROR] Updater:1198 - MainUpdater not yet initialized. External WinMGr cannot be set.
2025-05-10 13:30:34,771 [INFO] Updater:1134 - Updater Version found : 6.13.0
2025-05-10 13:30:34,791 [INFO] ApplicationProperties:184 - Using Application install path: /opt/st/stm32cubeide_1.17.0/plugins/com.st.stm32cube.common.mx_6.13.0.202411220809
2025-05-10 13:30:35,066 [INFO] MainUpdater:2872 - connection check result : 10
2025-05-10 13:30:35,067 [INFO] MainUpdater:289 - Updater Check For Update Now.
2025-05-10 13:30:35,067 [INFO] MicroXplorer:498 - Change Database Version : DB.6.0.130
2025-05-10 13:30:35,071 [INFO] McuFinderGlobals:63 - Set McuFinder mode to 2 (CubeIDE integrated)
2025-05-10 13:30:35,074 [INFO] UserAuth:486 - Internet connection configuration mode: 1
2025-05-10 13:30:35,092 [INFO] JxBrowserEngine:152 - Initiate JxBrowser Engine with user profile folder
2025-05-10 13:30:35,272 [INFO] CheckServerUpdateThread:120 - End of CheckServer Thread
2025-05-10 13:30:36,723 [WARN] PackLoader:240 - Cannot read IP mode file for STMicroelectronics.FP-SNS-MOTENVWB1.1.4.0
2025-05-10 13:30:36,736 [WARN] PackLoader:240 - Cannot read IP mode file for STMicroelectronics.FP-ATR-ASTRA1.2.0.2
2025-05-10 13:30:36,742 [WARN] PackLoader:240 - Cannot read IP mode file for STMicroelectronics.FP-ATR-ASTRA1.2.0.1
2025-05-10 13:30:36,754 [WARN] PackLoader:240 - Cannot read IP mode file for STMicroelectronics.X-CUBE-SMBUS.2.1.0
2025-05-10 13:30:36,765 [WARN] PackLoader:240 - Cannot read IP mode file for STMicroelectronics.X-CUBE-WB05N.1.1.0
2025-05-10 13:30:36,812 [INFO] WebApp:168 - Instantiating new browser for Auth
2025-05-10 13:30:36,817 [WARN] PackLoader:240 - Cannot read IP mode file for STMicroelectronics.X-CUBE-AZRTOS-F7.1.1.0
2025-05-10 13:30:36,920 [WARN] PackLoader:240 - Cannot read IP mode file for STMicroelectronics.X-CUBE-MEMS1.11.0.0
2025-05-10 13:30:37,115 [WARN] PackLoader:240 - Cannot read IP mode file for STMicroelectronics.FP-SNS-FLIGHT1.5.0.2
2025-05-10 13:30:37,128 [WARN] PackLoader:240 - Cannot read IP mode file for STMicroelectronics.X-CUBE-DISPLAY.3.0.0
2025-05-10 13:30:37,148 [WARN] PackLoader:240 - Cannot read IP mode file for STMicroelectronics.X-CUBE-BLE1.7.0.0
2025-05-10 13:30:37,163 [WARN] PackLoader:240 - Cannot read IP mode file for STMicroelectronics.X-CUBE-NFC10.1.0.0
2025-05-10 13:30:37,187 [WARN] PackLoader:240 - Cannot read IP mode file for STMicroelectronics.X-CUBE-BLEMGR.4.0.0
2025-05-10 13:30:37,204 [WARN] PackLoader:240 - Cannot read IP mode file for emotas.I-CUBE-CANOPEN.1.3.0
2025-05-10 13:30:37,224 [WARN] PackLoader:240 - Cannot read IP mode file for STMicroelectronics.X-CUBE-BLEMGR.3.1.0
2025-05-10 13:30:37,229 [WARN] PackLoader:240 - Cannot read IP mode file for STMicroelectronics.X-CUBE-AI.10.0.0
2025-05-10 13:30:37,236 [WARN] PackLoader:240 - Cannot read IP mode file for STMicroelectronics.FP-SNS-SMARTAG2.1.2.0
2025-05-10 13:30:37,243 [WARN] PackLoader:240 - Cannot read IP mode file for STMicroelectronics.FP-SNS-FLIGHT1.5.1.0
2025-05-10 13:30:37,381 [WARN] PackLoader:240 - Cannot read IP mode file for STMicroelectronics.X-CUBE-MEMS1.11.1.0
2025-05-10 13:30:37,546 [INFO] LogOutputStream:77 - [STDOUT_REDIRECT] 1 : Invalid condition id : UX_CORESTACK_Condition cause : null
2025-05-10 13:30:37,547 [INFO] LogOutputStream:77 - [STDOUT_REDIRECT] 1 : Invalid condition id : UX_CORESTACK_Condition cause : null
2025-05-10 13:30:37,548 [INFO] LogOutputStream:77 - [STDOUT_REDIRECT] 1 : Invalid condition id : UX_CORESTACK_Condition cause : null
2025-05-10 13:30:37,548 [INFO] LogOutputStream:77 - [STDOUT_REDIRECT] 1 : Invalid condition id : UX_CORESTACK_Condition cause : null
2025-05-10 13:30:37,548 [INFO] LogOutputStream:77 - [STDOUT_REDIRECT] 1 : Invalid condition id : UX_CORESTACK_Condition cause : null
2025-05-10 13:30:37,551 [WARN] PackLoader:240 - Cannot read IP mode file for STMicroelectronics.X-CUBE-AZRTOS-WL.2.0.0
2025-05-10 13:30:37,556 [WARN] PackLoader:240 - Cannot read IP mode file for STMicroelectronics.FP-SNS-MOTENV1.5.0.0
2025-05-10 13:30:37,560 [WARN] PackLoader:240 - Cannot read IP mode file for wolfSSL.I-CUBE-wolfMQTT.1.19.0
2025-05-10 13:30:37,565 [WARN] PackLoader:240 - Cannot read IP mode file for WES.I-CUBE-Cesium.1.3.0
2025-05-10 13:30:37,570 [WARN] PackLoader:240 - Cannot read IP mode file for STMicroelectronics.X-CUBE-BLE2.3.3.0
2025-05-10 13:30:37,579 [WARN] PackLoader:240 - Cannot read IP mode file for STMicroelectronics.X-CUBE-NFC9.1.0.0
2025-05-10 13:30:37,587 [WARN] PackLoader:240 - Cannot read IP mode file for STMicroelectronics.X-CUBE-BLE1.7.1.0
2025-05-10 13:30:37,595 [WARN] PackLoader:240 - Cannot read IP mode file for STMicroelectronics.X-CUBE-TCPP.4.1.0
2025-05-10 13:30:37,669 [WARN] PackLoader:240 - Cannot read IP mode file for STMicroelectronics.X-CUBE-MEMS1.11.2.0
2025-05-10 13:30:37,854 [WARN] PackLoader:240 - Cannot read IP mode file for STMicroelectronics.X-CUBE-AZRTOS-G0.1.1.0
2025-05-10 13:30:37,864 [WARN] PackLoader:240 - Cannot read IP mode file for STMicroelectronics.X-CUBE-SAFEA1.1.2.2
2025-05-10 13:30:37,870 [WARN] PackLoader:240 - Cannot read IP mode file for STMicroelectronics.X-CUBE-NFC4.3.0.0
2025-05-10 13:30:37,882 [WARN] PackLoader:240 - Cannot read IP mode file for EmbeddedOffice.I-CUBE-FS-RTOS.1.0.1
2025-05-10 13:30:37,889 [WARN] PackLoader:240 - Cannot read IP mode file for STMicroelectronics.X-CUBE-WB05N.2.0.0
2025-05-10 13:30:37,896 [WARN] PackLoader:240 - Cannot read IP mode file for STMicroelectronics.X-CUBE-TCPP.4.2.0
2025-05-10 13:30:37,904 [WARN] PackLoader:240 - Cannot read IP mode file for RealThread.X-CUBE-RT-Thread_Nano.4.1.1
2025-05-10 13:30:37,908 [WARN] PackLoader:240 - Cannot read IP mode file for STMicroelectronics.FP-ATR-SIGFOX1.3.2.0
2025-05-10 13:30:37,913 [WARN] ConditionMgr:438 - getConditionDescription Invalid condition id : Cortex-A Device cause : null
2025-05-10 13:30:37,928 [WARN] ConditionMgr:1044 - genDependencies : Invalid condition id : Cortex-A Device cause : null
2025-05-10 13:30:37,929 [WARN] ConditionMgr:1044 - genDependencies : Invalid condition id : Cortex-A Device cause : null
2025-05-10 13:30:37,929 [WARN] ConditionMgr:1044 - genDependencies : Invalid condition id : Cortex-A Device cause : null
2025-05-10 13:30:37,934 [WARN] PackLoader:240 - Cannot read IP mode file for STMicroelectronics.X-CUBE-EEPRMA1.5.1.0
2025-05-10 13:30:37,940 [WARN] PackLoader:240 - Cannot read IP mode file for wolfSSL.I-CUBE-wolfSSL.5.7.4
2025-05-10 13:30:37,948 [WARN] PackLoader:240 - Cannot read IP mode file for ITTIA_DB.I-CUBE-ITTIADB.8.9.0
2025-05-10 13:30:37,996 [WARN] PackLoader:240 - Cannot read IP mode file for SEGGER.I-CUBE-embOS.1.3.1
2025-05-10 13:30:38,066 [WARN] PackLoader:240 - Cannot read IP mode file for STMicroelectronics.X-CUBE-ALGOBUILD.1.4.0
2025-05-10 13:30:38,071 [WARN] PackLoader:240 - Cannot read IP mode file for STMicroelectronics.X-CUBE-AI.9.1.0
2025-05-10 13:30:38,096 [WARN] PackLoader:240 - Cannot read IP mode file for STMicroelectronics.X-CUBE-AZRTOS-F4.1.1.0
2025-05-10 13:30:38,102 [WARN] PackLoader:240 - Cannot read IP mode file for Avnet-IotConnect.X-CUBE-IoTC-DA16k-PMOD.1.0.0
2025-05-10 13:30:38,108 [WARN] PackLoader:240 - Cannot read IP mode file for STMicroelectronics.X-CUBE-ISPU.2.1.0
2025-05-10 13:30:38,118 [WARN] PackLoader:240 - Cannot read IP mode file for STMicroelectronics.X-CUBE-FREERTOS.1.2.0
2025-05-10 13:30:38,147 [WARN] PackLoader:240 - Cannot read IP mode file for STMicroelectronics.X-CUBE-AZRTOS-L5.2.0.0
2025-05-10 13:30:38,195 [WARN] PackLoader:240 - Cannot read IP mode file for STMicroelectronics.X-CUBE-NFC6.3.1.0
2025-05-10 13:30:38,219 [WARN] PackLoader:240 - Cannot read IP mode file for STMicroelectronics.X-CUBE-DPower.1.2.0
2025-05-10 13:30:38,238 [WARN] PackLoader:240 - Cannot read IP mode file for STMicroelectronics.X-CUBE-FREERTOS.1.3.1
2025-05-10 13:30:38,249 [WARN] PackLoader:240 - Cannot read IP mode file for STMicroelectronics.X-CUBE-FREERTOS.1.3.0
2025-05-10 13:30:38,260 [WARN] PackLoader:240 - Cannot read IP mode file for STMicroelectronics.X-CUBE-NFC7.1.0.1
2025-05-10 13:30:38,275 [WARN] PackLoader:240 - Cannot read IP mode file for STMicroelectronics.X-CUBE-DPower.1.3.0
2025-05-10 13:30:38,316 [WARN] ConditionMgr:438 - getConditionDescription Invalid condition id : LAN8742 Phy interface Condition cause : null
2025-05-10 13:30:38,319 [WARN] PackLoader:240 - Cannot read IP mode file for STMicroelectronics.X-CUBE-AZRTOS-L4.2.0.0
2025-05-10 13:30:38,321 [WARN] ConditionMgr:1044 - genDependencies : Invalid condition id : LAN8742 Phy interface Condition cause : null
2025-05-10 13:30:38,322 [WARN] ConditionMgr:1044 - genDependencies : Invalid condition id : LAN8742 Phy interface Condition cause : null
2025-05-10 13:30:38,323 [WARN] ConditionMgr:1044 - genDependencies : Invalid condition id : LAN8742 Phy interface Condition cause : null
2025-05-10 13:30:38,333 [WARN] PackLoader:240 - Cannot read IP mode file for STMicroelectronics.X-CUBE-SFXS2LP1.4.0.0
2025-05-10 13:30:38,358 [INFO] WebApp:449 - Apply proxy settings
2025-05-10 13:30:38,359 [INFO] WebApp:534 - Chromium requires no authentication
2025-05-10 13:30:38,363 [WARN] PackLoader:240 - Cannot read IP mode file for STMicroelectronics.X-CUBE-AZRTOS-H7.3.3.0
2025-05-10 13:30:38,372 [INFO] WebApp:477 - Direct internet connection detected
2025-05-10 13:30:38,382 [WARN] PackLoader:240 - Cannot read IP mode file for STMicroelectronics.X-CUBE-IPS.3.0.0
2025-05-10 13:30:38,408 [WARN] ConditionMgr:438 - getConditionDescription Invalid condition id : UX DEVICE CLASS RTOS Condition cause : null
2025-05-10 13:30:38,408 [WARN] ConditionMgr:438 - getConditionDescription Invalid condition id : UX DEVICE CLASS RTOS Condition cause : null
2025-05-10 13:30:38,410 [INFO] WebApp:880 - Register for checkConnection events
2025-05-10 13:30:38,410 [INFO] WebApp:449 - Apply proxy settings
2025-05-10 13:30:38,410 [INFO] WebApp:534 - Chromium requires no authentication
2025-05-10 13:30:38,411 [INFO] WebApp:477 - Direct internet connection detected
2025-05-10 13:30:38,411 [WARN] PackLoader:240 - Cannot read IP mode file for STMicroelectronics.X-CUBE-AZRTOS-WB.2.0.0
2025-05-10 13:30:38,412 [WARN] ConditionMgr:1044 - genDependencies : Invalid condition id : UX DEVICE CLASS RTOS Condition cause : null
2025-05-10 13:30:38,413 [WARN] ConditionMgr:1044 - genDependencies : Invalid condition id : UX DEVICE CLASS RTOS Condition cause : null
2025-05-10 13:30:38,413 [WARN] ConditionMgr:1044 - genDependencies : Invalid condition id : UX DEVICE CLASS RTOS Condition cause : null
2025-05-10 13:30:38,414 [WARN] ConditionMgr:1044 - genDependencies : Invalid condition id : UX DEVICE CLASS RTOS Condition cause : null
2025-05-10 13:30:38,414 [WARN] ConditionMgr:1044 - genDependencies : Invalid condition id : UX DEVICE CLASS RTOS Condition cause : null
2025-05-10 13:30:38,422 [WARN] PackLoader:240 - Cannot read IP mode file for STMicroelectronics.X-CUBE-GNSS1.7.0.0
2025-05-10 13:30:38,429 [WARN] PackLoader:240 - Cannot read IP mode file for STMicroelectronics.X-CUBE-GNSS1.7.0.1
2025-05-10 13:30:38,435 [WARN] PackLoader:240 - Cannot read IP mode file for STMicroelectronics.X-CUBE-TOUCHGFX.4.25.0
2025-05-10 13:30:38,443 [WARN] PackLoader:240 - Cannot read IP mode file for STMicroelectronics.FP-SNS-STBOX1.2.0.0
2025-05-10 13:30:38,462 [WARN] PackLoader:240 - Cannot read IP mode file for STMicroelectronics.X-CUBE-SUBG2.5.0.0
2025-05-10 13:30:38,493 [WARN] PackLoader:240 - Cannot read IP mode file for STMicroelectronics.X-CUBE-AZRTOS-H7RS.1.1.0
2025-05-10 13:30:38,499 [WARN] PackLoader:240 - Cannot read IP mode file for Cesanta.I-CUBE-Mongoose.7.13.0
2025-05-10 13:30:38,511 [WARN] PackLoader:240 - Cannot read IP mode file for STMicroelectronics.X-CUBE-AZRTOS-G4.2.0.0
2025-05-10 13:30:38,518 [WARN] PackLoader:240 - Cannot read IP mode file for STMicroelectronics.X-CUBE-NFC7.2.0.0
2025-05-10 13:30:38,533 [WARN] PackLoader:240 - Cannot read IP mode file for STMicroelectronics.X-CUBE-IPS.3.1.0
2025-05-10 13:30:38,545 [WARN] PackLoader:240 - Cannot read IP mode file for STMicroelectronics.X-CUBE-ALS.1.0.2
2025-05-10 13:30:38,548 [WARN] PackLoader:240 - Cannot read IP mode file for STMicroelectronics.X-CUBE-TOUCHGFX.4.24.2
2025-05-10 13:30:38,552 [WARN] PackLoader:240 - Cannot read IP mode file for STMicroelectronics.X-CUBE-TOUCHGFX.4.24.1
2025-05-10 13:30:38,556 [WARN] PackLoader:240 - Cannot read IP mode file for wolfSSL.I-CUBE-wolfTPM.3.4.0
2025-05-10 13:30:38,562 [WARN] PackLoader:240 - Cannot read IP mode file for portGmbH.I-Cube-SoM-uGOAL.1.1.0
2025-05-10 13:30:38,590 [WARN] PackLoader:240 - Cannot read IP mode file for STMicroelectronics.X-CUBE-AZRTOS-H7RS.1.0.0
2025-05-10 13:30:38,610 [WARN] PackLoader:240 - Cannot read IP mode file for STMicroelectronics.X-CUBE-TOF1.3.4.2
2025-05-10 13:30:38,641 [INFO] WebApp:187 - Connection restablished
2025-05-10 13:30:38,648 [WARN] PackLoader:240 - Cannot read IP mode file for STMicroelectronics.X-CUBE-TOF1.3.4.3
2025-05-10 13:30:38,691 [INFO] WebApp:221 - Starting web application
2025-05-10 13:30:38,691 [INFO] WebApp:579 - Web application path used /opt/st/stm32cubeide_1.17.0/plugins/com.st.stm32cube.common.mx_6.13.0.202411220809/db/plugins/mcufinder/reactClient1/index.html
2025-05-10 13:30:38,701 [WARN] PackLoader:240 - Cannot read IP mode file for Infineon.AIROC-Wi-Fi-Bluetooth-STM32.1.6.1
2025-05-10 13:30:38,717 [WARN] PackLoader:240 - Cannot read IP mode file for wolfSSL.I-CUBE-wolfSSH.1.4.17
2025-05-10 13:30:38,718 [INFO] ThirdParty:978 - Integrity check success = true
2025-05-10 13:30:38,719 [INFO] IntegrityCheckThread:100 - exiting critical section [integrity check]
2025-05-10 13:30:38,719 [INFO] IntegrityCheckThread:103 - End integrity checks thread
2025-05-10 13:30:38,866 [INFO] UserAuth:486 - Internet connection configuration mode: 1
