2025-05-06 08:24:04,576 [INFO] Activator:176 - 


2025-05-06 08:24:04,583 [INFO] Activator:177 - !SESSION log4j initialized
2025-05-06 08:24:12,217 [INFO] LogOutputStream:77 - [STDOUT_REDIRECT] 
2025-05-06 08:24:16,509 [INFO] ApplicationProperties:184 - Using Application install path: /opt/st/stm32cubeide_1.17.0/plugins/com.st.stm32cube.common.mx_6.13.0.202411220809
2025-05-06 08:24:16,539 [INFO] DbMcusXml:78 - Set database path to: /opt/st/stm32cubeide_1.17.0/plugins/com.st.stm32cube.common.mx_6.13.0.202411220809//db//mcu/
2025-05-06 08:24:16,539 [INFO] ApiDb:274 - Set plugin database path to: /opt/st/stm32cubeide_1.17.0/plugins/com.st.stm32cube.common.mx_6.13.0.202411220809//db//plugins/boardmanager/
2025-05-06 08:24:16,540 [WARN] ApiDb:259 - Overriding images path with different value:  => /opt/st/stm32cubeide_1.17.0/plugins/com.st.stm32cube.common.mx_6.13.0.202411220809//db//plugins/mcufinder/images/
2025-05-06 08:24:16,554 [INFO] ApiDb:250 - Set database path to: /home/maciej/.stmcufinder/plugins/mcufinder//mcu/
2025-05-06 08:24:16,556 [INFO] DbMcusAds:125 - Set database path to: /home/maciej/.stmcufinder/plugins/mcufinder//mcu/
2025-05-06 08:24:16,560 [INFO] CrossReferenceDbSqlite:203 - Set database path to: /home/maciej/.stmcufinder/plugins/mcufinder//mcu/cs/
2025-05-06 08:24:16,757 [INFO] RulesReader:64 - Compatibility file has been processed (297 Rules)
2025-05-06 08:24:16,867 [INFO] DbMcusXml:78 - Set database path to: /opt/st/stm32cubeide_1.17.0/plugins/com.st.stm32cube.common.mx_6.13.0.202411220809//db//mcu/
2025-05-06 08:24:16,868 [INFO] ApiDb:274 - Set plugin database path to: /opt/st/stm32cubeide_1.17.0/plugins/com.st.stm32cube.common.mx_6.13.0.202411220809//db//plugins/boardmanager/
2025-05-06 08:24:16,868 [INFO] ApiDb:261 - Set plugin images path to: /opt/st/stm32cubeide_1.17.0/plugins/com.st.stm32cube.common.mx_6.13.0.202411220809//db//plugins/mcufinder/images/
2025-05-06 08:24:16,868 [WARN] DbFile:41 - Overriding database path with different value: /home/maciej/.stmcufinder/plugins/mcufinder/ => /home/maciej/.stmcufinder/plugins/mcufinder
2025-05-06 08:24:16,869 [INFO] ApiDb:250 - Set database path to: /home/maciej/.stmcufinder/plugins/mcufinder//mcu/
2025-05-06 08:24:16,869 [WARN] DbFile:41 - Overriding database path with different value: /home/maciej/.stmcufinder/plugins/mcufinder/ => /home/maciej/.stmcufinder/plugins/mcufinder
2025-05-06 08:24:16,869 [INFO] DbMcusAds:125 - Set database path to: /home/maciej/.stmcufinder/plugins/mcufinder//mcu/
2025-05-06 08:24:16,869 [WARN] DbFile:41 - Overriding database path with different value: /home/maciej/.stmcufinder/plugins/mcufinder/ => /home/maciej/.stmcufinder/plugins/mcufinder
2025-05-06 08:24:16,869 [WARN] DbFile:41 - Overriding database path with different value: /home/maciej/.stmcufinder/plugins/mcufinder/ => /home/maciej/.stmcufinder/plugins/mcufinder
2025-05-06 08:24:16,870 [INFO] CrossReferenceDbSqlite:203 - Set database path to: /home/maciej/.stmcufinder/plugins/mcufinder//mcu/cs/
2025-05-06 08:24:16,979 [INFO] MainPanel:272 - HeapMemory: 268435456
2025-05-06 08:24:17,204 [INFO] DbMcusXml:78 - Set database path to: /opt/st/stm32cubeide_1.17.0/plugins/com.st.stm32cube.common.mx_6.13.0.202411220809//db//mcu/
2025-05-06 08:24:17,205 [INFO] ApiDb:274 - Set plugin database path to: /opt/st/stm32cubeide_1.17.0/plugins/com.st.stm32cube.common.mx_6.13.0.202411220809//db//plugins/boardmanager/
2025-05-06 08:24:17,205 [INFO] ApiDb:261 - Set plugin images path to: /opt/st/stm32cubeide_1.17.0/plugins/com.st.stm32cube.common.mx_6.13.0.202411220809//db//plugins/mcufinder/images/
2025-05-06 08:24:17,206 [WARN] DbFile:41 - Overriding database path with different value: /home/maciej/.stmcufinder/plugins/mcufinder/ => /home/maciej/.stmcufinder/plugins/mcufinder
2025-05-06 08:24:17,206 [INFO] ApiDb:250 - Set database path to: /home/maciej/.stmcufinder/plugins/mcufinder//mcu/
2025-05-06 08:24:17,206 [WARN] DbFile:41 - Overriding database path with different value: /home/maciej/.stmcufinder/plugins/mcufinder/ => /home/maciej/.stmcufinder/plugins/mcufinder
2025-05-06 08:24:17,207 [INFO] DbMcusAds:125 - Set database path to: /home/maciej/.stmcufinder/plugins/mcufinder//mcu/
2025-05-06 08:24:17,207 [WARN] DbFile:41 - Overriding database path with different value: /home/maciej/.stmcufinder/plugins/mcufinder/ => /home/maciej/.stmcufinder/plugins/mcufinder
2025-05-06 08:24:17,207 [WARN] DbFile:41 - Overriding database path with different value: /home/maciej/.stmcufinder/plugins/mcufinder/ => /home/maciej/.stmcufinder/plugins/mcufinder
2025-05-06 08:24:17,207 [INFO] CrossReferenceDbSqlite:203 - Set database path to: /home/maciej/.stmcufinder/plugins/mcufinder//mcu/cs/
2025-05-06 08:24:17,236 [INFO] ApplicationProperties:184 - Using Application install path: /opt/st/stm32cubeide_1.17.0/plugins/com.st.stm32cube.common.mx_6.13.0.202411220809
2025-05-06 08:24:17,238 [INFO] PluginManage:196 - Search for loadable plugins [exclusion list=, ]
2025-05-06 08:24:17,240 [INFO] PluginManage:310 - Check plugin analytics
2025-05-06 08:24:17,530 [INFO] AnalyticsPlugin:253 - Accepted Software Licenses: STM32CubeMX.6.12.1,STM32CubeMX.6.14.1
2025-05-06 08:24:17,530 [INFO] AnalyticsPlugin:255 - Accepted CMSIS Pack Licenses: 
2025-05-06 08:24:17,531 [INFO] AnalyticsPlugin:257 - Accepted Firmware Licenses: FW.L4.1.18.0,FW.F4.1.28.0,FW.G4.1.6.0
2025-05-06 08:24:17,536 [INFO] PluginManage:359 - Loaded plugin analytics (category:tool,tabindex:-1)
2025-05-06 08:24:17,537 [INFO] PluginManage:310 - Check plugin cadmodel
2025-05-06 08:24:17,544 [INFO] CADModel:105 - Init CAD model plugin
2025-05-06 08:24:17,544 [INFO] PluginManage:359 - Loaded plugin cadmodel (category:power,tabindex:5)
2025-05-06 08:24:17,544 [INFO] PluginManage:310 - Check plugin clock
2025-05-06 08:24:17,560 [INFO] PluginManage:359 - Loaded plugin clock (category:base,tabindex:2)
2025-05-06 08:24:17,560 [INFO] PluginManage:310 - Check plugin ddr
2025-05-06 08:24:17,564 [INFO] PluginManage:359 - Loaded plugin ddr (category:tool,tabindex:6)
2025-05-06 08:24:17,564 [INFO] PluginManage:310 - Check plugin filemanager
2025-05-06 08:24:17,817 [INFO] PluginManage:359 - Loaded plugin filemanager (category:base,tabindex:10)
2025-05-06 08:24:17,818 [INFO] PluginManage:310 - Check plugin ipmanager
2025-05-06 08:24:17,828 [INFO] PluginManage:359 - Loaded plugin ipmanager (category:base,tabindex:5)
2025-05-06 08:24:17,828 [INFO] PluginManage:310 - Check plugin lpbam
2025-05-06 08:24:17,844 [INFO] PluginManage:359 - Loaded plugin lpbam (category:base,tabindex:0)
2025-05-06 08:24:17,844 [INFO] PluginManage:310 - Check plugin memorymap
2025-05-06 08:24:17,864 [INFO] PluginManage:359 - Loaded plugin memorymap (category:base,tabindex:4)
2025-05-06 08:24:17,865 [INFO] PluginManage:310 - Check plugin pinoutandconfiguration
2025-05-06 08:24:17,880 [INFO] PluginManage:359 - Loaded plugin pinoutandconfiguration (category:base,tabindex:1)
2025-05-06 08:24:17,880 [INFO] PluginManage:310 - Check plugin pinoutconfig
2025-05-06 08:24:18,040 [WARN] SupportedApi:132 - Cannot load RTOS API schema: s4s-elt-must-match.1: The content of 'definitions' must match (annotation?, (simpleType | complexType)?, (unique | key | keyref)*)). A problem was found starting at: attribute.
2025-05-06 08:24:18,310 [INFO] PluginManage:359 - Loaded plugin pinoutconfig (category:base,tabindex:0)
2025-05-06 08:24:18,311 [INFO] PluginManage:310 - Check plugin power
2025-05-06 08:24:18,327 [INFO] PluginManage:359 - Loaded plugin power (category:power,tabindex:4)
2025-05-06 08:24:18,328 [INFO] PluginManage:310 - Check plugin projectmanager
2025-05-06 08:24:18,360 [INFO] PluginManage:359 - Loaded plugin projectmanager (category:projectmanager,tabindex:4)
2025-05-06 08:24:18,360 [INFO] PluginManage:310 - Check plugin rif
2025-05-06 08:24:18,373 [INFO] PluginManage:359 - Loaded plugin rif (category:base,tabindex:3)
2025-05-06 08:24:18,373 [INFO] PluginManage:310 - Check plugin thirdparty
2025-05-06 08:24:18,583 [WARN] IntegrityCheckThread:84 - waiting for thirdparty lock release [integrity check]
2025-05-06 08:24:18,584 [INFO] IntegrityCheckThread:86 - entering critical section [integrity check]
2025-05-06 08:24:18,584 [INFO] PluginManage:359 - Loaded plugin thirdparty (category:base,tabindex:-1)
2025-05-06 08:24:18,585 [INFO] PluginManage:310 - Check plugin tools
2025-05-06 08:24:18,585 [INFO] ThirdPartyUpdaterWithRetryManager:70 - Updater plugin not ready yet. [1/15]
2025-05-06 08:24:18,589 [INFO] PluginManage:359 - Loaded plugin tools (category:base,tabindex:7)
2025-05-06 08:24:18,590 [INFO] PluginManage:310 - Check plugin tutovideos
2025-05-06 08:24:18,869 [INFO] PluginManage:359 - Loaded plugin tutovideos (category:base,tabindex:-1)
2025-05-06 08:24:18,869 [INFO] PluginManage:310 - Check plugin updater
2025-05-06 08:24:18,908 [INFO] PluginManage:359 - Loaded plugin updater (category:base,tabindex:12)
2025-05-06 08:24:18,908 [INFO] PluginManage:310 - Check plugin userauth
2025-05-06 08:24:18,915 [INFO] UserAuth:118 - Init User Auth plugin
2025-05-06 08:24:18,917 [INFO] PluginManage:359 - Loaded plugin userauth (category:base,tabindex:14)
2025-05-06 08:24:18,919 [INFO] PluginManage:283 - PluginManage : Loaded plugins [18]
2025-05-06 08:24:19,236 [INFO] PinOutPanel:1589 - setPackage(No Configuration,No Configuration)
2025-05-06 08:24:19,359 [INFO] CADModel:165 - CPN selected for project level
2025-05-06 08:24:19,359 [INFO] CADModel:114 - Register for checkConnection events
2025-05-06 08:24:19,382 [INFO] IPUIPlugin:80 - create IPUIPlugin
2025-05-06 08:24:19,383 [INFO] PluginManager:220 - loadIPPluginJar : add gic
2025-05-06 08:24:19,403 [INFO] IPUIPlugin:80 - create IPUIPlugin
2025-05-06 08:24:19,403 [INFO] PluginManager:220 - loadIPPluginJar : add adc
2025-05-06 08:24:19,406 [INFO] IPUIPlugin:80 - create IPUIPlugin
2025-05-06 08:24:19,407 [INFO] PluginManager:220 - loadIPPluginJar : add hash
2025-05-06 08:24:19,410 [INFO] IPUIPlugin:80 - create IPUIPlugin
2025-05-06 08:24:19,410 [INFO] PluginManager:220 - loadIPPluginJar : add ts
2025-05-06 08:24:19,417 [INFO] IPUIPlugin:80 - create IPUIPlugin
2025-05-06 08:24:19,417 [INFO] PluginManager:220 - loadIPPluginJar : add gpio
2025-05-06 08:24:19,420 [INFO] IPUIPlugin:80 - create IPUIPlugin
2025-05-06 08:24:19,420 [INFO] PluginManager:220 - loadIPPluginJar : add dfsdm
2025-05-06 08:24:19,426 [INFO] IPUIPlugin:80 - create IPUIPlugin
2025-05-06 08:24:19,426 [INFO] PluginManager:220 - loadIPPluginJar : add touchsensing
2025-05-06 08:24:19,435 [INFO] IPUIPlugin:80 - create IPUIPlugin
2025-05-06 08:24:19,435 [INFO] PluginManager:220 - loadIPPluginJar : add stm32_wpan
2025-05-06 08:24:19,439 [INFO] IPUIPlugin:80 - create IPUIPlugin
2025-05-06 08:24:19,440 [INFO] PluginManager:220 - loadIPPluginJar : add i2c
2025-05-06 08:24:19,443 [INFO] IPUIPlugin:80 - create IPUIPlugin
2025-05-06 08:24:19,443 [INFO] PluginManager:220 - loadIPPluginJar : add gfxmmu
2025-05-06 08:24:19,447 [INFO] IPUIPlugin:80 - create IPUIPlugin
2025-05-06 08:24:19,447 [INFO] PluginManager:220 - loadIPPluginJar : add extmemmanager
2025-05-06 08:24:19,452 [INFO] IPUIPlugin:80 - create IPUIPlugin
2025-05-06 08:24:19,452 [INFO] PluginManager:220 - loadIPPluginJar : add ddr_ctrl_phy
2025-05-06 08:24:19,454 [INFO] IPUIPlugin:80 - create IPUIPlugin
2025-05-06 08:24:19,455 [INFO] PluginManager:220 - loadIPPluginJar : add fatfs
2025-05-06 08:24:19,459 [INFO] IPUIPlugin:80 - create IPUIPlugin
2025-05-06 08:24:19,459 [INFO] PluginManager:220 - loadIPPluginJar : add gtzc
2025-05-06 08:24:19,466 [INFO] IPUIPlugin:80 - create IPUIPlugin
2025-05-06 08:24:19,466 [INFO] PluginManager:220 - loadIPPluginJar : add fmc
2025-05-06 08:24:19,470 [INFO] IPUIPlugin:80 - create IPUIPlugin
2025-05-06 08:24:19,470 [INFO] PluginManager:220 - loadIPPluginJar : add pdm2pcm
2025-05-06 08:24:19,474 [INFO] IPUIPlugin:80 - create IPUIPlugin
2025-05-06 08:24:19,474 [INFO] PluginManager:220 - loadIPPluginJar : add i2s
2025-05-06 08:24:19,484 [INFO] IPUIPlugin:80 - create IPUIPlugin
2025-05-06 08:24:19,485 [INFO] PluginManager:220 - loadIPPluginJar : add mdma
2025-05-06 08:24:19,489 [INFO] IPUIPlugin:80 - create IPUIPlugin
2025-05-06 08:24:19,489 [INFO] PluginManager:220 - loadIPPluginJar : add opamp
2025-05-06 08:24:19,495 [INFO] IPUIPlugin:80 - create IPUIPlugin
2025-05-06 08:24:19,496 [INFO] PluginManager:220 - loadIPPluginJar : add resmgrutility
2025-05-06 08:24:19,498 [INFO] IPUIPlugin:80 - create IPUIPlugin
2025-05-06 08:24:19,498 [INFO] PluginManager:220 - loadIPPluginJar : add genericplugin
2025-05-06 08:24:19,504 [INFO] IPUIPlugin:80 - create IPUIPlugin
2025-05-06 08:24:19,504 [INFO] PluginManager:220 - loadIPPluginJar : add nvic
2025-05-06 08:24:19,506 [INFO] IPUIPlugin:80 - create IPUIPlugin
2025-05-06 08:24:19,506 [INFO] PluginManager:220 - loadIPPluginJar : add ltdc
2025-05-06 08:24:19,517 [INFO] IPUIPlugin:80 - create IPUIPlugin
2025-05-06 08:24:19,517 [INFO] PluginManager:220 - loadIPPluginJar : add linkedlist
2025-05-06 08:24:19,521 [INFO] IPUIPlugin:80 - create IPUIPlugin
2025-05-06 08:24:19,521 [INFO] PluginManager:220 - loadIPPluginJar : add spi
2025-05-06 08:24:19,525 [INFO] IPUIPlugin:80 - create IPUIPlugin
2025-05-06 08:24:19,526 [INFO] PluginManager:220 - loadIPPluginJar : add openamp
2025-05-06 08:24:19,530 [INFO] IPUIPlugin:80 - create IPUIPlugin
2025-05-06 08:24:19,530 [INFO] PluginManager:220 - loadIPPluginJar : add usbx
2025-05-06 08:24:19,534 [INFO] IPUIPlugin:80 - create IPUIPlugin
2025-05-06 08:24:19,534 [INFO] PluginManager:220 - loadIPPluginJar : add cryp
2025-05-06 08:24:19,538 [INFO] IPUIPlugin:80 - create IPUIPlugin
2025-05-06 08:24:19,538 [INFO] PluginManager:220 - loadIPPluginJar : add lorawan
2025-05-06 08:24:19,541 [INFO] IPUIPlugin:80 - create IPUIPlugin
2025-05-06 08:24:19,542 [INFO] PluginManager:220 - loadIPPluginJar : add radio
2025-05-06 08:24:19,551 [INFO] IPUIPlugin:80 - create IPUIPlugin
2025-05-06 08:24:19,551 [INFO] PluginManager:220 - loadIPPluginJar : add freertos
2025-05-06 08:24:19,554 [INFO] IPUIPlugin:80 - create IPUIPlugin
2025-05-06 08:24:19,555 [INFO] PluginManager:220 - loadIPPluginJar : add ucpd
2025-05-06 08:24:19,557 [INFO] IPUIPlugin:80 - create IPUIPlugin
2025-05-06 08:24:19,557 [INFO] PluginManager:220 - loadIPPluginJar : add comp
2025-05-06 08:24:19,561 [INFO] IPUIPlugin:80 - create IPUIPlugin
2025-05-06 08:24:19,561 [INFO] PluginManager:220 - loadIPPluginJar : add usart
2025-05-06 08:24:19,565 [INFO] IPUIPlugin:80 - create IPUIPlugin
2025-05-06 08:24:19,565 [INFO] PluginManager:220 - loadIPPluginJar : add aes
2025-05-06 08:24:19,568 [INFO] IPUIPlugin:80 - create IPUIPlugin
2025-05-06 08:24:19,568 [INFO] PluginManager:220 - loadIPPluginJar : add tim
2025-05-06 08:24:19,573 [INFO] IPUIPlugin:80 - create IPUIPlugin
2025-05-06 08:24:19,573 [INFO] PluginManager:220 - loadIPPluginJar : add sai
2025-05-06 08:24:19,577 [INFO] IPUIPlugin:80 - create IPUIPlugin
2025-05-06 08:24:19,577 [INFO] PluginManager:220 - loadIPPluginJar : add dma3
2025-05-06 08:24:19,581 [INFO] IPUIPlugin:80 - create IPUIPlugin
2025-05-06 08:24:19,581 [INFO] PluginManager:220 - loadIPPluginJar : add can
2025-05-06 08:24:19,583 [INFO] IPUIPlugin:80 - create IPUIPlugin
2025-05-06 08:24:19,583 [INFO] PluginManager:220 - loadIPPluginJar : add quadspi
2025-05-06 08:24:19,587 [INFO] IPUIPlugin:80 - create IPUIPlugin
2025-05-06 08:24:19,587 [INFO] PluginManager:220 - loadIPPluginJar : add i3c
2025-05-06 08:24:19,593 [INFO] IPUIPlugin:80 - create IPUIPlugin
2025-05-06 08:24:19,593 [INFO] PluginManager:220 - loadIPPluginJar : add ipddr
2025-05-06 08:24:19,595 [INFO] IPUIPlugin:80 - create IPUIPlugin
2025-05-06 08:24:19,595 [INFO] PluginManager:220 - loadIPPluginJar : add tsc
2025-05-06 08:24:19,607 [INFO] IPUIPlugin:80 - create IPUIPlugin
2025-05-06 08:24:19,611 [INFO] PluginManager:220 - loadIPPluginJar : add plateformsettings
2025-05-06 08:24:19,620 [INFO] IPUIPlugin:80 - create IPUIPlugin
2025-05-06 08:24:19,620 [INFO] PluginManager:220 - loadIPPluginJar : add dma
2025-05-06 08:24:19,623 [INFO] IPUIPlugin:80 - create IPUIPlugin
2025-05-06 08:24:19,623 [INFO] PluginManager:220 - loadIPPluginJar : add tracer_emb
2025-05-06 08:24:19,750 [FATAL] Updater:351 - Updater called before beeing initialized
2025-05-06 08:24:19,796 [INFO] RulesReader:64 - Compatibility file has been processed (297 Rules)
2025-05-06 08:24:19,815 [INFO] RulesReader:64 - Compatibility file has been processed (297 Rules)
2025-05-06 08:24:19,827 [INFO] CADModel:165 - CPN selected for project level
2025-05-06 08:24:19,827 [INFO] CADModel:114 - Register for checkConnection events
2025-05-06 08:24:19,827 [FATAL] Updater:351 - Updater called before beeing initialized
2025-05-06 08:24:19,827 [ERROR] CADModel:125 - Updater not yet initialized, retry later 
2025-05-06 08:24:20,078 [FATAL] Updater:351 - Updater called before beeing initialized
2025-05-06 08:24:20,081 [INFO] CADModel:165 - CPN selected for project level
2025-05-06 08:24:20,082 [INFO] CADModel:114 - Register for checkConnection events
2025-05-06 08:24:20,082 [FATAL] Updater:351 - Updater called before beeing initialized
2025-05-06 08:24:20,082 [ERROR] CADModel:125 - Updater not yet initialized, retry later 
2025-05-06 08:24:20,089 [FATAL] Updater:351 - Updater called before beeing initialized
2025-05-06 08:24:20,246 [FATAL] Updater:351 - Updater called before beeing initialized
2025-05-06 08:24:20,252 [INFO] DbMcusAds:53 - JSON generation date=Thu Mar 06 15:54:22 CET 2025 (1741272862078)
2025-05-06 08:24:20,253 [FATAL] Updater:351 - Updater called before beeing initialized
2025-05-06 08:24:20,318 [WARN] DetailPanel:346 - Failed to get advertising image, set to default
2025-05-06 08:24:20,813 [FATAL] Updater:351 - Updater called before beeing initialized
2025-05-06 08:24:20,816 [FATAL] Updater:351 - Updater called before beeing initialized
2025-05-06 08:24:20,817 [FATAL] Updater:351 - Updater called before beeing initialized
2025-05-06 08:24:20,817 [WARN] DetailPanel:346 - Failed to get advertising image, set to default
2025-05-06 08:24:20,818 [FATAL] Updater:351 - Updater called before beeing initialized
2025-05-06 08:24:20,895 [ERROR] Updater:1198 - MainUpdater not yet initialized. External WinMGr cannot be set.
2025-05-06 08:24:20,897 [INFO] Updater:1134 - Updater Version found : 6.13.0
2025-05-06 08:24:20,927 [INFO] ApplicationProperties:184 - Using Application install path: /opt/st/stm32cubeide_1.17.0/plugins/com.st.stm32cube.common.mx_6.13.0.202411220809
2025-05-06 08:24:21,012 [INFO] MainUpdater:525 - Copy updater definitions from MX database
2025-05-06 08:24:21,411 [INFO] MainUpdater:2872 - connection check result : 10
2025-05-06 08:24:21,412 [INFO] MainUpdater:3566 - Updater definition file requires update
2025-05-06 08:24:21,414 [INFO] MainUpdater:289 - Updater Check For Update Now.
2025-05-06 08:24:21,414 [INFO] MicroXplorer:498 - Change Database Version : DB.6.0.130
2025-05-06 08:24:21,424 [INFO] McuFinderGlobals:63 - Set McuFinder mode to 2 (CubeIDE integrated)
2025-05-06 08:24:21,427 [INFO] UserAuth:486 - Internet connection configuration mode: 1
2025-05-06 08:24:21,451 [INFO] JxBrowserEngine:152 - Initiate JxBrowser Engine with user profile folder
2025-05-06 08:24:21,514 [INFO] ServerAccessManage:473 - Download File updaters.zip
2025-05-06 08:24:21,586 [WARN] MainUpdater:1193 - Updater busy. Cannot search thirdparties
2025-05-06 08:24:21,586 [INFO] ThirdPartyUpdaterWithRetryManager:96 - Updater plugin is busy. [1/15]
2025-05-06 08:24:22,703 [INFO] FileExtend:240 - Unzip File : updaters.zip
2025-05-06 08:24:22,703 [INFO] FileExtend:255 - Standard Zip Deflate
2025-05-06 08:24:23,278 [INFO] ServerAccessManage:473 - Download File PacksControlFlags.xml
2025-05-06 08:24:23,554 [INFO] ServerAccessManage:473 - Download File cubemx.pidx
2025-05-06 08:24:23,573 [INFO] WebApp:168 - Instantiating new browser for Auth
2025-05-06 08:24:23,820 [INFO] LoadServerUpdatesThread:375 - End of LoadServerUpdate Thread
2025-05-06 08:24:24,031 [INFO] CheckServerUpdateThread:120 - End of CheckServer Thread
2025-05-06 08:24:24,891 [WARN] PackLoader:240 - Cannot read IP mode file for STMicroelectronics.FP-SNS-MOTENVWB1.1.4.0
2025-05-06 08:24:24,902 [WARN] PackLoader:240 - Cannot read IP mode file for STMicroelectronics.FP-ATR-ASTRA1.2.0.2
2025-05-06 08:24:24,909 [WARN] PackLoader:240 - Cannot read IP mode file for STMicroelectronics.FP-ATR-ASTRA1.2.0.1
2025-05-06 08:24:24,926 [WARN] PackLoader:240 - Cannot read IP mode file for STMicroelectronics.X-CUBE-SMBUS.2.1.0
2025-05-06 08:24:24,940 [WARN] PackLoader:240 - Cannot read IP mode file for STMicroelectronics.X-CUBE-WB05N.1.1.0
2025-05-06 08:24:25,017 [WARN] PackLoader:240 - Cannot read IP mode file for STMicroelectronics.X-CUBE-AZRTOS-F7.1.1.0
2025-05-06 08:24:25,207 [WARN] PackLoader:240 - Cannot read IP mode file for STMicroelectronics.X-CUBE-MEMS1.11.0.0
2025-05-06 08:24:25,497 [INFO] WebApp:449 - Apply proxy settings
2025-05-06 08:24:25,498 [INFO] WebApp:534 - Chromium requires no authentication
2025-05-06 08:24:25,516 [INFO] WebApp:477 - Direct internet connection detected
2025-05-06 08:24:25,566 [INFO] WebApp:880 - Register for checkConnection events
2025-05-06 08:24:25,566 [INFO] WebApp:449 - Apply proxy settings
2025-05-06 08:24:25,566 [INFO] WebApp:534 - Chromium requires no authentication
2025-05-06 08:24:25,568 [INFO] WebApp:477 - Direct internet connection detected
2025-05-06 08:24:25,743 [WARN] PackLoader:240 - Cannot read IP mode file for STMicroelectronics.FP-SNS-FLIGHT1.5.0.2
2025-05-06 08:24:25,759 [WARN] PackLoader:240 - Cannot read IP mode file for STMicroelectronics.X-CUBE-DISPLAY.3.0.0
2025-05-06 08:24:25,780 [WARN] PackLoader:240 - Cannot read IP mode file for STMicroelectronics.X-CUBE-BLE1.7.0.0
2025-05-06 08:24:25,801 [WARN] PackLoader:240 - Cannot read IP mode file for STMicroelectronics.X-CUBE-NFC10.1.0.0
2025-05-06 08:24:25,835 [WARN] PackLoader:240 - Cannot read IP mode file for STMicroelectronics.X-CUBE-BLEMGR.4.0.0
2025-05-06 08:24:25,862 [WARN] PackLoader:240 - Cannot read IP mode file for emotas.I-CUBE-CANOPEN.1.3.0
2025-05-06 08:24:25,882 [INFO] WebApp:187 - Connection restablished
2025-05-06 08:24:25,900 [WARN] PackLoader:240 - Cannot read IP mode file for STMicroelectronics.X-CUBE-BLEMGR.3.1.0
2025-05-06 08:24:25,914 [WARN] PackLoader:240 - Cannot read IP mode file for STMicroelectronics.X-CUBE-AI.10.0.0
2025-05-06 08:24:25,923 [WARN] PackLoader:240 - Cannot read IP mode file for STMicroelectronics.FP-SNS-SMARTAG2.1.2.0
2025-05-06 08:24:25,937 [WARN] PackLoader:240 - Cannot read IP mode file for STMicroelectronics.FP-SNS-FLIGHT1.5.1.0
2025-05-06 08:24:25,954 [INFO] WebApp:221 - Starting web application
2025-05-06 08:24:25,955 [INFO] WebApp:579 - Web application path used /opt/st/stm32cubeide_1.17.0/plugins/com.st.stm32cube.common.mx_6.13.0.202411220809/db/plugins/mcufinder/reactClient1/index.html
2025-05-06 08:24:26,091 [WARN] PackLoader:240 - Cannot read IP mode file for STMicroelectronics.X-CUBE-MEMS1.11.1.0
2025-05-06 08:24:26,192 [INFO] UserAuth:486 - Internet connection configuration mode: 1
2025-05-06 08:24:26,464 [INFO] LogOutputStream:77 - [STDOUT_REDIRECT] 1 : Invalid condition id : UX_CORESTACK_Condition cause : null
2025-05-06 08:24:26,466 [INFO] LogOutputStream:77 - [STDOUT_REDIRECT] 1 : Invalid condition id : UX_CORESTACK_Condition cause : null
2025-05-06 08:24:26,467 [INFO] LogOutputStream:77 - [STDOUT_REDIRECT] 1 : Invalid condition id : UX_CORESTACK_Condition cause : null
2025-05-06 08:24:26,468 [INFO] LogOutputStream:77 - [STDOUT_REDIRECT] 1 : Invalid condition id : UX_CORESTACK_Condition cause : null
2025-05-06 08:24:26,469 [INFO] LogOutputStream:77 - [STDOUT_REDIRECT] 1 : Invalid condition id : UX_CORESTACK_Condition cause : null
2025-05-06 08:24:26,479 [WARN] PackLoader:240 - Cannot read IP mode file for STMicroelectronics.X-CUBE-AZRTOS-WL.2.0.0
2025-05-06 08:24:26,494 [WARN] PackLoader:240 - Cannot read IP mode file for STMicroelectronics.FP-SNS-MOTENV1.5.0.0
2025-05-06 08:24:26,508 [WARN] PackLoader:240 - Cannot read IP mode file for wolfSSL.I-CUBE-wolfMQTT.1.19.0
2025-05-06 08:24:26,520 [WARN] PackLoader:240 - Cannot read IP mode file for WES.I-CUBE-Cesium.1.3.0
2025-05-06 08:24:26,536 [WARN] PackLoader:240 - Cannot read IP mode file for STMicroelectronics.X-CUBE-BLE2.3.3.0
2025-05-06 08:24:26,560 [WARN] PackLoader:240 - Cannot read IP mode file for STMicroelectronics.X-CUBE-NFC9.1.0.0
2025-05-06 08:24:26,575 [WARN] PackLoader:240 - Cannot read IP mode file for STMicroelectronics.X-CUBE-BLE1.7.1.0
2025-05-06 08:24:26,586 [WARN] PackLoader:240 - Cannot read IP mode file for STMicroelectronics.X-CUBE-TCPP.4.1.0
2025-05-06 08:24:26,729 [WARN] PackLoader:240 - Cannot read IP mode file for STMicroelectronics.X-CUBE-MEMS1.11.2.0
2025-05-06 08:24:27,008 [WARN] PackLoader:240 - Cannot read IP mode file for STMicroelectronics.X-CUBE-AZRTOS-G0.1.1.0
2025-05-06 08:24:27,019 [WARN] PackLoader:240 - Cannot read IP mode file for STMicroelectronics.X-CUBE-SAFEA1.1.2.2
2025-05-06 08:24:27,028 [WARN] PackLoader:240 - Cannot read IP mode file for STMicroelectronics.X-CUBE-NFC4.3.0.0
2025-05-06 08:24:27,039 [WARN] PackLoader:240 - Cannot read IP mode file for EmbeddedOffice.I-CUBE-FS-RTOS.1.0.1
2025-05-06 08:24:27,047 [WARN] PackLoader:240 - Cannot read IP mode file for STMicroelectronics.X-CUBE-WB05N.2.0.0
2025-05-06 08:24:27,056 [WARN] PackLoader:240 - Cannot read IP mode file for STMicroelectronics.X-CUBE-TCPP.4.2.0
2025-05-06 08:24:27,066 [WARN] PackLoader:240 - Cannot read IP mode file for RealThread.X-CUBE-RT-Thread_Nano.4.1.1
2025-05-06 08:24:27,072 [WARN] PackLoader:240 - Cannot read IP mode file for STMicroelectronics.FP-ATR-SIGFOX1.3.2.0
2025-05-06 08:24:27,080 [WARN] ConditionMgr:438 - getConditionDescription Invalid condition id : Cortex-A Device cause : null
2025-05-06 08:24:27,097 [WARN] ConditionMgr:1044 - genDependencies : Invalid condition id : Cortex-A Device cause : null
2025-05-06 08:24:27,098 [WARN] ConditionMgr:1044 - genDependencies : Invalid condition id : Cortex-A Device cause : null
2025-05-06 08:24:27,098 [WARN] ConditionMgr:1044 - genDependencies : Invalid condition id : Cortex-A Device cause : null
2025-05-06 08:24:27,108 [WARN] PackLoader:240 - Cannot read IP mode file for STMicroelectronics.X-CUBE-EEPRMA1.5.1.0
2025-05-06 08:24:27,117 [WARN] PackLoader:240 - Cannot read IP mode file for wolfSSL.I-CUBE-wolfSSL.5.7.4
2025-05-06 08:24:27,126 [WARN] PackLoader:240 - Cannot read IP mode file for ITTIA_DB.I-CUBE-ITTIADB.8.9.0
2025-05-06 08:24:27,186 [WARN] PackLoader:240 - Cannot read IP mode file for SEGGER.I-CUBE-embOS.1.3.1
2025-05-06 08:24:27,270 [WARN] PackLoader:240 - Cannot read IP mode file for STMicroelectronics.X-CUBE-ALGOBUILD.1.4.0
2025-05-06 08:24:27,278 [WARN] PackLoader:240 - Cannot read IP mode file for STMicroelectronics.X-CUBE-AI.9.1.0
2025-05-06 08:24:27,315 [WARN] PackLoader:240 - Cannot read IP mode file for STMicroelectronics.X-CUBE-AZRTOS-F4.1.1.0
2025-05-06 08:24:27,326 [WARN] PackLoader:240 - Cannot read IP mode file for Avnet-IotConnect.X-CUBE-IoTC-DA16k-PMOD.1.0.0
2025-05-06 08:24:27,332 [WARN] PackLoader:240 - Cannot read IP mode file for STMicroelectronics.X-CUBE-ISPU.2.1.0
2025-05-06 08:24:27,340 [WARN] PackLoader:240 - Cannot read IP mode file for STMicroelectronics.X-CUBE-FREERTOS.1.2.0
2025-05-06 08:24:27,378 [WARN] PackLoader:240 - Cannot read IP mode file for STMicroelectronics.X-CUBE-AZRTOS-L5.2.0.0
2025-05-06 08:24:27,397 [WARN] PackLoader:240 - Cannot read IP mode file for STMicroelectronics.X-CUBE-NFC6.3.1.0
2025-05-06 08:24:27,411 [WARN] PackLoader:240 - Cannot read IP mode file for STMicroelectronics.X-CUBE-DPower.1.2.0
2025-05-06 08:24:27,419 [WARN] PackLoader:240 - Cannot read IP mode file for STMicroelectronics.X-CUBE-FREERTOS.1.3.0
2025-05-06 08:24:27,428 [WARN] PackLoader:240 - Cannot read IP mode file for STMicroelectronics.X-CUBE-NFC7.1.0.1
2025-05-06 08:24:27,438 [WARN] PackLoader:240 - Cannot read IP mode file for STMicroelectronics.X-CUBE-DPower.1.3.0
2025-05-06 08:24:27,479 [WARN] ConditionMgr:438 - getConditionDescription Invalid condition id : LAN8742 Phy interface Condition cause : null
2025-05-06 08:24:27,481 [WARN] PackLoader:240 - Cannot read IP mode file for STMicroelectronics.X-CUBE-AZRTOS-L4.2.0.0
2025-05-06 08:24:27,485 [WARN] ConditionMgr:1044 - genDependencies : Invalid condition id : LAN8742 Phy interface Condition cause : null
2025-05-06 08:24:27,486 [WARN] ConditionMgr:1044 - genDependencies : Invalid condition id : LAN8742 Phy interface Condition cause : null
2025-05-06 08:24:27,488 [WARN] ConditionMgr:1044 - genDependencies : Invalid condition id : LAN8742 Phy interface Condition cause : null
2025-05-06 08:24:27,502 [WARN] PackLoader:240 - Cannot read IP mode file for STMicroelectronics.X-CUBE-SFXS2LP1.4.0.0
2025-05-06 08:24:27,544 [WARN] PackLoader:240 - Cannot read IP mode file for STMicroelectronics.X-CUBE-AZRTOS-H7.3.3.0
2025-05-06 08:24:27,563 [WARN] PackLoader:240 - Cannot read IP mode file for STMicroelectronics.X-CUBE-IPS.3.0.0
2025-05-06 08:24:27,585 [WARN] ConditionMgr:438 - getConditionDescription Invalid condition id : UX DEVICE CLASS RTOS Condition cause : null
2025-05-06 08:24:27,586 [WARN] ConditionMgr:438 - getConditionDescription Invalid condition id : UX DEVICE CLASS RTOS Condition cause : null
2025-05-06 08:24:27,590 [WARN] PackLoader:240 - Cannot read IP mode file for STMicroelectronics.X-CUBE-AZRTOS-WB.2.0.0
2025-05-06 08:24:27,592 [WARN] ConditionMgr:1044 - genDependencies : Invalid condition id : UX DEVICE CLASS RTOS Condition cause : null
2025-05-06 08:24:27,592 [WARN] ConditionMgr:1044 - genDependencies : Invalid condition id : UX DEVICE CLASS RTOS Condition cause : null
2025-05-06 08:24:27,593 [WARN] ConditionMgr:1044 - genDependencies : Invalid condition id : UX DEVICE CLASS RTOS Condition cause : null
2025-05-06 08:24:27,594 [WARN] ConditionMgr:1044 - genDependencies : Invalid condition id : UX DEVICE CLASS RTOS Condition cause : null
2025-05-06 08:24:27,594 [WARN] ConditionMgr:1044 - genDependencies : Invalid condition id : UX DEVICE CLASS RTOS Condition cause : null
2025-05-06 08:24:27,601 [WARN] PackLoader:240 - Cannot read IP mode file for STMicroelectronics.X-CUBE-GNSS1.7.0.0
2025-05-06 08:24:27,610 [WARN] PackLoader:240 - Cannot read IP mode file for STMicroelectronics.X-CUBE-GNSS1.7.0.1
2025-05-06 08:24:27,618 [WARN] PackLoader:240 - Cannot read IP mode file for STMicroelectronics.X-CUBE-TOUCHGFX.4.25.0
2025-05-06 08:24:27,625 [WARN] PackLoader:240 - Cannot read IP mode file for STMicroelectronics.FP-SNS-STBOX1.2.0.0
2025-05-06 08:24:27,645 [WARN] PackLoader:240 - Cannot read IP mode file for STMicroelectronics.X-CUBE-SUBG2.5.0.0
2025-05-06 08:24:27,683 [WARN] PackLoader:240 - Cannot read IP mode file for STMicroelectronics.X-CUBE-AZRTOS-H7RS.1.1.0
2025-05-06 08:24:27,693 [WARN] PackLoader:240 - Cannot read IP mode file for Cesanta.I-CUBE-Mongoose.7.13.0
2025-05-06 08:24:27,719 [WARN] PackLoader:240 - Cannot read IP mode file for STMicroelectronics.X-CUBE-AZRTOS-G4.2.0.0
2025-05-06 08:24:27,731 [WARN] PackLoader:240 - Cannot read IP mode file for STMicroelectronics.X-CUBE-NFC7.2.0.0
2025-05-06 08:24:27,756 [WARN] PackLoader:240 - Cannot read IP mode file for STMicroelectronics.X-CUBE-IPS.3.1.0
2025-05-06 08:24:27,778 [WARN] PackLoader:240 - Cannot read IP mode file for STMicroelectronics.X-CUBE-ALS.1.0.2
2025-05-06 08:24:27,784 [WARN] PackLoader:240 - Cannot read IP mode file for STMicroelectronics.X-CUBE-TOUCHGFX.4.24.2
2025-05-06 08:24:27,788 [WARN] PackLoader:240 - Cannot read IP mode file for STMicroelectronics.X-CUBE-TOUCHGFX.4.24.1
2025-05-06 08:24:27,794 [WARN] PackLoader:240 - Cannot read IP mode file for wolfSSL.I-CUBE-wolfTPM.3.4.0
2025-05-06 08:24:27,803 [WARN] PackLoader:240 - Cannot read IP mode file for portGmbH.I-Cube-SoM-uGOAL.1.1.0
2025-05-06 08:24:27,870 [WARN] PackLoader:240 - Cannot read IP mode file for STMicroelectronics.X-CUBE-AZRTOS-H7RS.1.0.0
2025-05-06 08:24:27,904 [WARN] PackLoader:240 - Cannot read IP mode file for STMicroelectronics.X-CUBE-TOF1.3.4.2
2025-05-06 08:24:27,962 [WARN] PackLoader:240 - Cannot read IP mode file for STMicroelectronics.X-CUBE-TOF1.3.4.3
2025-05-06 08:24:28,035 [WARN] PackLoader:240 - Cannot read IP mode file for Infineon.AIROC-Wi-Fi-Bluetooth-STM32.1.6.1
2025-05-06 08:24:28,048 [WARN] PackLoader:240 - Cannot read IP mode file for wolfSSL.I-CUBE-wolfSSH.1.4.17
2025-05-06 08:24:28,050 [INFO] ThirdParty:978 - Integrity check success = true
2025-05-06 08:24:28,051 [INFO] IntegrityCheckThread:100 - exiting critical section [integrity check]
2025-05-06 08:24:28,051 [INFO] IntegrityCheckThread:103 - End integrity checks thread
2025-05-06 08:25:25,489 [ERROR] LogOutputStream:75 - [STDERR_REDIRECT] 
