2025-05-01 12:51:00,664 [INFO] Activator:176 - 


2025-05-01 12:51:00,666 [INFO] Activator:177 - !SESSION log4j initialized
2025-05-01 12:51:03,160 [INFO] LogOutputStream:77 - [STDOUT_REDIRECT] 
2025-05-01 12:51:06,795 [INFO] ApplicationProperties:184 - Using Application install path: /opt/st/stm32cubeide_1.17.0/plugins/com.st.stm32cube.common.mx_6.13.0.202411220809
2025-05-01 12:51:06,820 [INFO] DbMcusXml:78 - Set database path to: /opt/st/stm32cubeide_1.17.0/plugins/com.st.stm32cube.common.mx_6.13.0.202411220809//db//mcu/
2025-05-01 12:51:06,821 [INFO] ApiDb:274 - Set plugin database path to: /opt/st/stm32cubeide_1.17.0/plugins/com.st.stm32cube.common.mx_6.13.0.202411220809//db//plugins/boardmanager/
2025-05-01 12:51:06,821 [WARN] ApiDb:259 - Overriding images path with different value:  => /opt/st/stm32cubeide_1.17.0/plugins/com.st.stm32cube.common.mx_6.13.0.202411220809//db//plugins/mcufinder/images/
2025-05-01 12:51:06,830 [INFO] ApiDb:250 - Set database path to: /home/maciej/.stmcufinder/plugins/mcufinder//mcu/
2025-05-01 12:51:06,831 [INFO] DbMcusAds:125 - Set database path to: /home/maciej/.stmcufinder/plugins/mcufinder//mcu/
2025-05-01 12:51:06,834 [INFO] CrossReferenceDbSqlite:203 - Set database path to: /home/maciej/.stmcufinder/plugins/mcufinder//mcu/cs/
2025-05-01 12:51:06,981 [INFO] RulesReader:64 - Compatibility file has been processed (297 Rules)
2025-05-01 12:51:07,068 [INFO] DbMcusXml:78 - Set database path to: /opt/st/stm32cubeide_1.17.0/plugins/com.st.stm32cube.common.mx_6.13.0.202411220809//db//mcu/
2025-05-01 12:51:07,068 [INFO] ApiDb:274 - Set plugin database path to: /opt/st/stm32cubeide_1.17.0/plugins/com.st.stm32cube.common.mx_6.13.0.202411220809//db//plugins/boardmanager/
2025-05-01 12:51:07,068 [INFO] ApiDb:261 - Set plugin images path to: /opt/st/stm32cubeide_1.17.0/plugins/com.st.stm32cube.common.mx_6.13.0.202411220809//db//plugins/mcufinder/images/
2025-05-01 12:51:07,069 [WARN] DbFile:41 - Overriding database path with different value: /home/maciej/.stmcufinder/plugins/mcufinder/ => /home/maciej/.stmcufinder/plugins/mcufinder
2025-05-01 12:51:07,069 [INFO] ApiDb:250 - Set database path to: /home/maciej/.stmcufinder/plugins/mcufinder//mcu/
2025-05-01 12:51:07,069 [WARN] DbFile:41 - Overriding database path with different value: /home/maciej/.stmcufinder/plugins/mcufinder/ => /home/maciej/.stmcufinder/plugins/mcufinder
2025-05-01 12:51:07,069 [INFO] DbMcusAds:125 - Set database path to: /home/maciej/.stmcufinder/plugins/mcufinder//mcu/
2025-05-01 12:51:07,069 [WARN] DbFile:41 - Overriding database path with different value: /home/maciej/.stmcufinder/plugins/mcufinder/ => /home/maciej/.stmcufinder/plugins/mcufinder
2025-05-01 12:51:07,069 [WARN] DbFile:41 - Overriding database path with different value: /home/maciej/.stmcufinder/plugins/mcufinder/ => /home/maciej/.stmcufinder/plugins/mcufinder
2025-05-01 12:51:07,069 [INFO] CrossReferenceDbSqlite:203 - Set database path to: /home/maciej/.stmcufinder/plugins/mcufinder//mcu/cs/
2025-05-01 12:51:07,166 [INFO] MainPanel:272 - HeapMemory: 268435456
2025-05-01 12:51:07,358 [INFO] DbMcusXml:78 - Set database path to: /opt/st/stm32cubeide_1.17.0/plugins/com.st.stm32cube.common.mx_6.13.0.202411220809//db//mcu/
2025-05-01 12:51:07,359 [INFO] ApiDb:274 - Set plugin database path to: /opt/st/stm32cubeide_1.17.0/plugins/com.st.stm32cube.common.mx_6.13.0.202411220809//db//plugins/boardmanager/
2025-05-01 12:51:07,359 [INFO] ApiDb:261 - Set plugin images path to: /opt/st/stm32cubeide_1.17.0/plugins/com.st.stm32cube.common.mx_6.13.0.202411220809//db//plugins/mcufinder/images/
2025-05-01 12:51:07,359 [WARN] DbFile:41 - Overriding database path with different value: /home/maciej/.stmcufinder/plugins/mcufinder/ => /home/maciej/.stmcufinder/plugins/mcufinder
2025-05-01 12:51:07,359 [INFO] ApiDb:250 - Set database path to: /home/maciej/.stmcufinder/plugins/mcufinder//mcu/
2025-05-01 12:51:07,359 [WARN] DbFile:41 - Overriding database path with different value: /home/maciej/.stmcufinder/plugins/mcufinder/ => /home/maciej/.stmcufinder/plugins/mcufinder
2025-05-01 12:51:07,359 [INFO] DbMcusAds:125 - Set database path to: /home/maciej/.stmcufinder/plugins/mcufinder//mcu/
2025-05-01 12:51:07,360 [WARN] DbFile:41 - Overriding database path with different value: /home/maciej/.stmcufinder/plugins/mcufinder/ => /home/maciej/.stmcufinder/plugins/mcufinder
2025-05-01 12:51:07,360 [WARN] DbFile:41 - Overriding database path with different value: /home/maciej/.stmcufinder/plugins/mcufinder/ => /home/maciej/.stmcufinder/plugins/mcufinder
2025-05-01 12:51:07,360 [INFO] CrossReferenceDbSqlite:203 - Set database path to: /home/maciej/.stmcufinder/plugins/mcufinder//mcu/cs/
2025-05-01 12:51:07,383 [INFO] ApplicationProperties:184 - Using Application install path: /opt/st/stm32cubeide_1.17.0/plugins/com.st.stm32cube.common.mx_6.13.0.202411220809
2025-05-01 12:51:07,385 [INFO] PluginManage:196 - Search for loadable plugins [exclusion list=, ]
2025-05-01 12:51:07,386 [INFO] PluginManage:310 - Check plugin analytics
2025-05-01 12:51:07,615 [INFO] AnalyticsPlugin:253 - Accepted Software Licenses: STM32CubeMX.6.12.1,STM32CubeMX.6.14.1
2025-05-01 12:51:07,616 [INFO] AnalyticsPlugin:255 - Accepted CMSIS Pack Licenses: 
2025-05-01 12:51:07,616 [INFO] AnalyticsPlugin:257 - Accepted Firmware Licenses: FW.L4.1.18.0,FW.F4.1.28.0,FW.G4.1.6.0
2025-05-01 12:51:07,619 [INFO] PluginManage:359 - Loaded plugin analytics (category:tool,tabindex:-1)
2025-05-01 12:51:07,620 [INFO] PluginManage:310 - Check plugin cadmodel
2025-05-01 12:51:07,629 [INFO] CADModel:105 - Init CAD model plugin
2025-05-01 12:51:07,630 [INFO] PluginManage:359 - Loaded plugin cadmodel (category:power,tabindex:5)
2025-05-01 12:51:07,630 [INFO] PluginManage:310 - Check plugin clock
2025-05-01 12:51:07,648 [INFO] PluginManage:359 - Loaded plugin clock (category:base,tabindex:2)
2025-05-01 12:51:07,648 [INFO] PluginManage:310 - Check plugin ddr
2025-05-01 12:51:07,652 [INFO] PluginManage:359 - Loaded plugin ddr (category:tool,tabindex:6)
2025-05-01 12:51:07,652 [INFO] PluginManage:310 - Check plugin filemanager
2025-05-01 12:51:07,926 [INFO] PluginManage:359 - Loaded plugin filemanager (category:base,tabindex:10)
2025-05-01 12:51:07,926 [INFO] PluginManage:310 - Check plugin ipmanager
2025-05-01 12:51:07,934 [INFO] PluginManage:359 - Loaded plugin ipmanager (category:base,tabindex:5)
2025-05-01 12:51:07,935 [INFO] PluginManage:310 - Check plugin lpbam
2025-05-01 12:51:07,949 [INFO] PluginManage:359 - Loaded plugin lpbam (category:base,tabindex:0)
2025-05-01 12:51:07,950 [INFO] PluginManage:310 - Check plugin memorymap
2025-05-01 12:51:07,987 [INFO] PluginManage:359 - Loaded plugin memorymap (category:base,tabindex:4)
2025-05-01 12:51:07,988 [INFO] PluginManage:310 - Check plugin pinoutandconfiguration
2025-05-01 12:51:08,005 [INFO] PluginManage:359 - Loaded plugin pinoutandconfiguration (category:base,tabindex:1)
2025-05-01 12:51:08,005 [INFO] PluginManage:310 - Check plugin pinoutconfig
2025-05-01 12:51:08,142 [WARN] SupportedApi:132 - Cannot load RTOS API schema: s4s-elt-must-match.1: The content of 'definitions' must match (annotation?, (simpleType | complexType)?, (unique | key | keyref)*)). A problem was found starting at: attribute.
2025-05-01 12:51:08,350 [INFO] PluginManage:359 - Loaded plugin pinoutconfig (category:base,tabindex:0)
2025-05-01 12:51:08,350 [INFO] PluginManage:310 - Check plugin power
2025-05-01 12:51:08,368 [INFO] PluginManage:359 - Loaded plugin power (category:power,tabindex:4)
2025-05-01 12:51:08,368 [INFO] PluginManage:310 - Check plugin projectmanager
2025-05-01 12:51:08,394 [INFO] PluginManage:359 - Loaded plugin projectmanager (category:projectmanager,tabindex:4)
2025-05-01 12:51:08,394 [INFO] PluginManage:310 - Check plugin rif
2025-05-01 12:51:08,404 [INFO] PluginManage:359 - Loaded plugin rif (category:base,tabindex:3)
2025-05-01 12:51:08,404 [INFO] PluginManage:310 - Check plugin thirdparty
2025-05-01 12:51:08,620 [WARN] IntegrityCheckThread:84 - waiting for thirdparty lock release [integrity check]
2025-05-01 12:51:08,621 [INFO] PluginManage:359 - Loaded plugin thirdparty (category:base,tabindex:-1)
2025-05-01 12:51:08,621 [INFO] IntegrityCheckThread:86 - entering critical section [integrity check]
2025-05-01 12:51:08,621 [INFO] PluginManage:310 - Check plugin tools
2025-05-01 12:51:08,621 [INFO] ThirdPartyUpdaterWithRetryManager:70 - Updater plugin not ready yet. [1/15]
2025-05-01 12:51:08,626 [INFO] PluginManage:359 - Loaded plugin tools (category:base,tabindex:7)
2025-05-01 12:51:08,626 [INFO] PluginManage:310 - Check plugin tutovideos
2025-05-01 12:51:08,852 [INFO] PluginManage:359 - Loaded plugin tutovideos (category:base,tabindex:-1)
2025-05-01 12:51:08,853 [INFO] PluginManage:310 - Check plugin updater
2025-05-01 12:51:08,893 [INFO] PluginManage:359 - Loaded plugin updater (category:base,tabindex:12)
2025-05-01 12:51:08,893 [INFO] PluginManage:310 - Check plugin userauth
2025-05-01 12:51:08,898 [INFO] UserAuth:118 - Init User Auth plugin
2025-05-01 12:51:08,900 [INFO] PluginManage:359 - Loaded plugin userauth (category:base,tabindex:14)
2025-05-01 12:51:08,900 [INFO] PluginManage:283 - PluginManage : Loaded plugins [18]
2025-05-01 12:51:09,126 [INFO] PinOutPanel:1589 - setPackage(No Configuration,No Configuration)
2025-05-01 12:51:09,220 [INFO] CADModel:165 - CPN selected for project level
2025-05-01 12:51:09,221 [INFO] CADModel:114 - Register for checkConnection events
2025-05-01 12:51:09,239 [INFO] IPUIPlugin:80 - create IPUIPlugin
2025-05-01 12:51:09,240 [INFO] PluginManager:220 - loadIPPluginJar : add gic
2025-05-01 12:51:09,253 [INFO] IPUIPlugin:80 - create IPUIPlugin
2025-05-01 12:51:09,253 [INFO] PluginManager:220 - loadIPPluginJar : add adc
2025-05-01 12:51:09,257 [INFO] IPUIPlugin:80 - create IPUIPlugin
2025-05-01 12:51:09,258 [INFO] PluginManager:220 - loadIPPluginJar : add hash
2025-05-01 12:51:09,260 [INFO] IPUIPlugin:80 - create IPUIPlugin
2025-05-01 12:51:09,261 [INFO] PluginManager:220 - loadIPPluginJar : add ts
2025-05-01 12:51:09,266 [INFO] IPUIPlugin:80 - create IPUIPlugin
2025-05-01 12:51:09,266 [INFO] PluginManager:220 - loadIPPluginJar : add gpio
2025-05-01 12:51:09,269 [INFO] IPUIPlugin:80 - create IPUIPlugin
2025-05-01 12:51:09,269 [INFO] PluginManager:220 - loadIPPluginJar : add dfsdm
2025-05-01 12:51:09,275 [INFO] IPUIPlugin:80 - create IPUIPlugin
2025-05-01 12:51:09,276 [INFO] PluginManager:220 - loadIPPluginJar : add touchsensing
2025-05-01 12:51:09,284 [INFO] IPUIPlugin:80 - create IPUIPlugin
2025-05-01 12:51:09,284 [INFO] PluginManager:220 - loadIPPluginJar : add stm32_wpan
2025-05-01 12:51:09,287 [INFO] IPUIPlugin:80 - create IPUIPlugin
2025-05-01 12:51:09,287 [INFO] PluginManager:220 - loadIPPluginJar : add i2c
2025-05-01 12:51:09,292 [INFO] IPUIPlugin:80 - create IPUIPlugin
2025-05-01 12:51:09,292 [INFO] PluginManager:220 - loadIPPluginJar : add gfxmmu
2025-05-01 12:51:09,296 [INFO] IPUIPlugin:80 - create IPUIPlugin
2025-05-01 12:51:09,296 [INFO] PluginManager:220 - loadIPPluginJar : add extmemmanager
2025-05-01 12:51:09,300 [INFO] IPUIPlugin:80 - create IPUIPlugin
2025-05-01 12:51:09,300 [INFO] PluginManager:220 - loadIPPluginJar : add ddr_ctrl_phy
2025-05-01 12:51:09,301 [INFO] IPUIPlugin:80 - create IPUIPlugin
2025-05-01 12:51:09,301 [INFO] PluginManager:220 - loadIPPluginJar : add fatfs
2025-05-01 12:51:09,305 [INFO] IPUIPlugin:80 - create IPUIPlugin
2025-05-01 12:51:09,305 [INFO] PluginManager:220 - loadIPPluginJar : add gtzc
2025-05-01 12:51:09,312 [INFO] IPUIPlugin:80 - create IPUIPlugin
2025-05-01 12:51:09,313 [INFO] PluginManager:220 - loadIPPluginJar : add fmc
2025-05-01 12:51:09,315 [INFO] IPUIPlugin:80 - create IPUIPlugin
2025-05-01 12:51:09,315 [INFO] PluginManager:220 - loadIPPluginJar : add pdm2pcm
2025-05-01 12:51:09,318 [INFO] IPUIPlugin:80 - create IPUIPlugin
2025-05-01 12:51:09,318 [INFO] PluginManager:220 - loadIPPluginJar : add i2s
2025-05-01 12:51:09,326 [INFO] IPUIPlugin:80 - create IPUIPlugin
2025-05-01 12:51:09,326 [INFO] PluginManager:220 - loadIPPluginJar : add mdma
2025-05-01 12:51:09,329 [INFO] IPUIPlugin:80 - create IPUIPlugin
2025-05-01 12:51:09,330 [INFO] PluginManager:220 - loadIPPluginJar : add opamp
2025-05-01 12:51:09,334 [INFO] IPUIPlugin:80 - create IPUIPlugin
2025-05-01 12:51:09,335 [INFO] PluginManager:220 - loadIPPluginJar : add resmgrutility
2025-05-01 12:51:09,336 [INFO] IPUIPlugin:80 - create IPUIPlugin
2025-05-01 12:51:09,337 [INFO] PluginManager:220 - loadIPPluginJar : add genericplugin
2025-05-01 12:51:09,343 [INFO] IPUIPlugin:80 - create IPUIPlugin
2025-05-01 12:51:09,343 [INFO] PluginManager:220 - loadIPPluginJar : add nvic
2025-05-01 12:51:09,345 [INFO] IPUIPlugin:80 - create IPUIPlugin
2025-05-01 12:51:09,345 [INFO] PluginManager:220 - loadIPPluginJar : add ltdc
2025-05-01 12:51:09,354 [INFO] IPUIPlugin:80 - create IPUIPlugin
2025-05-01 12:51:09,354 [INFO] PluginManager:220 - loadIPPluginJar : add linkedlist
2025-05-01 12:51:09,358 [INFO] IPUIPlugin:80 - create IPUIPlugin
2025-05-01 12:51:09,358 [INFO] PluginManager:220 - loadIPPluginJar : add spi
2025-05-01 12:51:09,361 [INFO] IPUIPlugin:80 - create IPUIPlugin
2025-05-01 12:51:09,361 [INFO] PluginManager:220 - loadIPPluginJar : add openamp
2025-05-01 12:51:09,365 [INFO] IPUIPlugin:80 - create IPUIPlugin
2025-05-01 12:51:09,365 [INFO] PluginManager:220 - loadIPPluginJar : add usbx
2025-05-01 12:51:09,368 [INFO] IPUIPlugin:80 - create IPUIPlugin
2025-05-01 12:51:09,368 [INFO] PluginManager:220 - loadIPPluginJar : add cryp
2025-05-01 12:51:09,370 [INFO] IPUIPlugin:80 - create IPUIPlugin
2025-05-01 12:51:09,370 [INFO] PluginManager:220 - loadIPPluginJar : add lorawan
2025-05-01 12:51:09,374 [INFO] IPUIPlugin:80 - create IPUIPlugin
2025-05-01 12:51:09,375 [INFO] PluginManager:220 - loadIPPluginJar : add radio
2025-05-01 12:51:09,381 [INFO] IPUIPlugin:80 - create IPUIPlugin
2025-05-01 12:51:09,382 [INFO] PluginManager:220 - loadIPPluginJar : add freertos
2025-05-01 12:51:09,384 [INFO] IPUIPlugin:80 - create IPUIPlugin
2025-05-01 12:51:09,384 [INFO] PluginManager:220 - loadIPPluginJar : add ucpd
2025-05-01 12:51:09,385 [INFO] IPUIPlugin:80 - create IPUIPlugin
2025-05-01 12:51:09,386 [INFO] PluginManager:220 - loadIPPluginJar : add comp
2025-05-01 12:51:09,388 [INFO] IPUIPlugin:80 - create IPUIPlugin
2025-05-01 12:51:09,389 [INFO] PluginManager:220 - loadIPPluginJar : add usart
2025-05-01 12:51:09,392 [INFO] IPUIPlugin:80 - create IPUIPlugin
2025-05-01 12:51:09,393 [INFO] PluginManager:220 - loadIPPluginJar : add aes
2025-05-01 12:51:09,395 [INFO] IPUIPlugin:80 - create IPUIPlugin
2025-05-01 12:51:09,395 [INFO] PluginManager:220 - loadIPPluginJar : add tim
2025-05-01 12:51:09,399 [INFO] IPUIPlugin:80 - create IPUIPlugin
2025-05-01 12:51:09,399 [INFO] PluginManager:220 - loadIPPluginJar : add sai
2025-05-01 12:51:09,402 [INFO] IPUIPlugin:80 - create IPUIPlugin
2025-05-01 12:51:09,402 [INFO] PluginManager:220 - loadIPPluginJar : add dma3
2025-05-01 12:51:09,406 [INFO] IPUIPlugin:80 - create IPUIPlugin
2025-05-01 12:51:09,407 [INFO] PluginManager:220 - loadIPPluginJar : add can
2025-05-01 12:51:09,409 [INFO] IPUIPlugin:80 - create IPUIPlugin
2025-05-01 12:51:09,409 [INFO] PluginManager:220 - loadIPPluginJar : add quadspi
2025-05-01 12:51:09,412 [INFO] IPUIPlugin:80 - create IPUIPlugin
2025-05-01 12:51:09,412 [INFO] PluginManager:220 - loadIPPluginJar : add i3c
2025-05-01 12:51:09,415 [INFO] IPUIPlugin:80 - create IPUIPlugin
2025-05-01 12:51:09,415 [INFO] PluginManager:220 - loadIPPluginJar : add ipddr
2025-05-01 12:51:09,417 [INFO] IPUIPlugin:80 - create IPUIPlugin
2025-05-01 12:51:09,417 [INFO] PluginManager:220 - loadIPPluginJar : add tsc
2025-05-01 12:51:09,427 [INFO] IPUIPlugin:80 - create IPUIPlugin
2025-05-01 12:51:09,430 [INFO] PluginManager:220 - loadIPPluginJar : add plateformsettings
2025-05-01 12:51:09,436 [INFO] IPUIPlugin:80 - create IPUIPlugin
2025-05-01 12:51:09,437 [INFO] PluginManager:220 - loadIPPluginJar : add dma
2025-05-01 12:51:09,440 [INFO] IPUIPlugin:80 - create IPUIPlugin
2025-05-01 12:51:09,441 [INFO] PluginManager:220 - loadIPPluginJar : add tracer_emb
2025-05-01 12:51:09,573 [FATAL] Updater:351 - Updater called before beeing initialized
2025-05-01 12:51:09,692 [INFO] RulesReader:64 - Compatibility file has been processed (297 Rules)
2025-05-01 12:51:09,724 [INFO] RulesReader:64 - Compatibility file has been processed (297 Rules)
2025-05-01 12:51:09,746 [INFO] CADModel:165 - CPN selected for project level
2025-05-01 12:51:09,746 [INFO] CADModel:114 - Register for checkConnection events
2025-05-01 12:51:09,747 [FATAL] Updater:351 - Updater called before beeing initialized
2025-05-01 12:51:09,747 [ERROR] CADModel:125 - Updater not yet initialized, retry later 
2025-05-01 12:51:09,920 [FATAL] Updater:351 - Updater called before beeing initialized
2025-05-01 12:51:09,922 [INFO] CADModel:165 - CPN selected for project level
2025-05-01 12:51:09,922 [INFO] CADModel:114 - Register for checkConnection events
2025-05-01 12:51:09,923 [FATAL] Updater:351 - Updater called before beeing initialized
2025-05-01 12:51:09,923 [ERROR] CADModel:125 - Updater not yet initialized, retry later 
2025-05-01 12:51:09,927 [FATAL] Updater:351 - Updater called before beeing initialized
2025-05-01 12:51:10,050 [FATAL] Updater:351 - Updater called before beeing initialized
2025-05-01 12:51:10,056 [INFO] DbMcusAds:53 - JSON generation date=Thu Mar 06 15:54:22 CET 2025 (1741272862078)
2025-05-01 12:51:10,057 [FATAL] Updater:351 - Updater called before beeing initialized
2025-05-01 12:51:10,112 [WARN] DetailPanel:346 - Failed to get advertising image, set to default
2025-05-01 12:51:10,399 [FATAL] Updater:351 - Updater called before beeing initialized
2025-05-01 12:51:10,401 [FATAL] Updater:351 - Updater called before beeing initialized
2025-05-01 12:51:10,401 [FATAL] Updater:351 - Updater called before beeing initialized
2025-05-01 12:51:10,401 [WARN] DetailPanel:346 - Failed to get advertising image, set to default
2025-05-01 12:51:10,402 [FATAL] Updater:351 - Updater called before beeing initialized
2025-05-01 12:51:10,443 [ERROR] Updater:1198 - MainUpdater not yet initialized. External WinMGr cannot be set.
2025-05-01 12:51:10,445 [INFO] Updater:1134 - Updater Version found : 6.13.0
2025-05-01 12:51:10,463 [INFO] ApplicationProperties:184 - Using Application install path: /opt/st/stm32cubeide_1.17.0/plugins/com.st.stm32cube.common.mx_6.13.0.202411220809
2025-05-01 12:51:10,811 [INFO] MainUpdater:2872 - connection check result : 10
2025-05-01 12:51:10,812 [INFO] MainUpdater:289 - Updater Check For Update Now.
2025-05-01 12:51:10,812 [INFO] MicroXplorer:498 - Change Database Version : DB.6.0.130
2025-05-01 12:51:10,817 [INFO] McuFinderGlobals:63 - Set McuFinder mode to 2 (CubeIDE integrated)
2025-05-01 12:51:10,818 [INFO] UserAuth:486 - Internet connection configuration mode: 1
2025-05-01 12:51:10,841 [INFO] JxBrowserEngine:152 - Initiate JxBrowser Engine with user profile folder
2025-05-01 12:51:11,051 [INFO] CheckServerUpdateThread:120 - End of CheckServer Thread
2025-05-01 12:51:11,771 [INFO] WebApp:168 - Instantiating new browser for Auth
2025-05-01 12:51:11,951 [WARN] PackLoader:240 - Cannot read IP mode file for STMicroelectronics.FP-SNS-MOTENVWB1.1.4.0
2025-05-01 12:51:11,962 [WARN] PackLoader:240 - Cannot read IP mode file for STMicroelectronics.FP-ATR-ASTRA1.2.0.2
2025-05-01 12:51:11,968 [WARN] PackLoader:240 - Cannot read IP mode file for STMicroelectronics.FP-ATR-ASTRA1.2.0.1
2025-05-01 12:51:11,975 [WARN] PackLoader:240 - Cannot read IP mode file for STMicroelectronics.X-CUBE-SMBUS.2.1.0
2025-05-01 12:51:11,982 [WARN] PackLoader:240 - Cannot read IP mode file for STMicroelectronics.X-CUBE-WB05N.1.1.0
2025-05-01 12:51:12,034 [WARN] PackLoader:240 - Cannot read IP mode file for STMicroelectronics.X-CUBE-AZRTOS-F7.1.1.0
2025-05-01 12:51:12,193 [WARN] PackLoader:240 - Cannot read IP mode file for STMicroelectronics.X-CUBE-MEMS1.11.0.0
2025-05-01 12:51:12,554 [WARN] PackLoader:240 - Cannot read IP mode file for STMicroelectronics.FP-SNS-FLIGHT1.5.0.2
2025-05-01 12:51:12,565 [WARN] PackLoader:240 - Cannot read IP mode file for STMicroelectronics.X-CUBE-DISPLAY.3.0.0
2025-05-01 12:51:12,582 [WARN] PackLoader:240 - Cannot read IP mode file for STMicroelectronics.X-CUBE-BLE1.7.0.0
2025-05-01 12:51:12,594 [WARN] PackLoader:240 - Cannot read IP mode file for STMicroelectronics.X-CUBE-NFC10.1.0.0
2025-05-01 12:51:12,615 [WARN] PackLoader:240 - Cannot read IP mode file for STMicroelectronics.X-CUBE-BLEMGR.4.0.0
2025-05-01 12:51:12,629 [WARN] PackLoader:240 - Cannot read IP mode file for emotas.I-CUBE-CANOPEN.1.3.0
2025-05-01 12:51:12,645 [WARN] PackLoader:240 - Cannot read IP mode file for STMicroelectronics.X-CUBE-BLEMGR.3.1.0
2025-05-01 12:51:12,654 [WARN] PackLoader:240 - Cannot read IP mode file for STMicroelectronics.X-CUBE-AI.10.0.0
2025-05-01 12:51:12,662 [WARN] PackLoader:240 - Cannot read IP mode file for STMicroelectronics.FP-SNS-SMARTAG2.1.2.0
2025-05-01 12:51:12,667 [WARN] PackLoader:240 - Cannot read IP mode file for STMicroelectronics.FP-SNS-FLIGHT1.5.1.0
2025-05-01 12:51:12,760 [WARN] PackLoader:240 - Cannot read IP mode file for STMicroelectronics.X-CUBE-MEMS1.11.1.0
2025-05-01 12:51:13,000 [INFO] LogOutputStream:77 - [STDOUT_REDIRECT] 1 : Invalid condition id : UX_CORESTACK_Condition cause : null
2025-05-01 12:51:13,001 [INFO] LogOutputStream:77 - [STDOUT_REDIRECT] 1 : Invalid condition id : UX_CORESTACK_Condition cause : null
2025-05-01 12:51:13,002 [INFO] LogOutputStream:77 - [STDOUT_REDIRECT] 1 : Invalid condition id : UX_CORESTACK_Condition cause : null
2025-05-01 12:51:13,002 [INFO] LogOutputStream:77 - [STDOUT_REDIRECT] 1 : Invalid condition id : UX_CORESTACK_Condition cause : null
2025-05-01 12:51:13,002 [INFO] LogOutputStream:77 - [STDOUT_REDIRECT] 1 : Invalid condition id : UX_CORESTACK_Condition cause : null
2025-05-01 12:51:13,015 [WARN] PackLoader:240 - Cannot read IP mode file for STMicroelectronics.X-CUBE-AZRTOS-WL.2.0.0
2025-05-01 12:51:13,029 [WARN] PackLoader:240 - Cannot read IP mode file for STMicroelectronics.FP-SNS-MOTENV1.5.0.0
2025-05-01 12:51:13,037 [WARN] PackLoader:240 - Cannot read IP mode file for wolfSSL.I-CUBE-wolfMQTT.1.19.0
2025-05-01 12:51:13,068 [WARN] PackLoader:240 - Cannot read IP mode file for WES.I-CUBE-Cesium.1.3.0
2025-05-01 12:51:13,078 [WARN] PackLoader:240 - Cannot read IP mode file for STMicroelectronics.X-CUBE-BLE2.3.3.0
2025-05-01 12:51:13,089 [WARN] PackLoader:240 - Cannot read IP mode file for STMicroelectronics.X-CUBE-NFC9.1.0.0
2025-05-01 12:51:13,099 [WARN] PackLoader:240 - Cannot read IP mode file for STMicroelectronics.X-CUBE-BLE1.7.1.0
2025-05-01 12:51:13,109 [WARN] PackLoader:240 - Cannot read IP mode file for STMicroelectronics.X-CUBE-TCPP.4.1.0
2025-05-01 12:51:13,212 [WARN] PackLoader:240 - Cannot read IP mode file for STMicroelectronics.X-CUBE-MEMS1.11.2.0
2025-05-01 12:51:13,260 [INFO] WebApp:449 - Apply proxy settings
2025-05-01 12:51:13,263 [INFO] WebApp:534 - Chromium requires no authentication
2025-05-01 12:51:13,279 [INFO] WebApp:477 - Direct internet connection detected
2025-05-01 12:51:13,315 [INFO] WebApp:880 - Register for checkConnection events
2025-05-01 12:51:13,315 [INFO] WebApp:449 - Apply proxy settings
2025-05-01 12:51:13,315 [INFO] WebApp:534 - Chromium requires no authentication
2025-05-01 12:51:13,316 [INFO] WebApp:477 - Direct internet connection detected
2025-05-01 12:51:13,392 [WARN] PackLoader:240 - Cannot read IP mode file for STMicroelectronics.X-CUBE-AZRTOS-G0.1.1.0
2025-05-01 12:51:13,400 [WARN] PackLoader:240 - Cannot read IP mode file for STMicroelectronics.X-CUBE-SAFEA1.1.2.2
2025-05-01 12:51:13,405 [WARN] PackLoader:240 - Cannot read IP mode file for STMicroelectronics.X-CUBE-NFC4.3.0.0
2025-05-01 12:51:13,417 [WARN] PackLoader:240 - Cannot read IP mode file for EmbeddedOffice.I-CUBE-FS-RTOS.1.0.1
2025-05-01 12:51:13,424 [WARN] PackLoader:240 - Cannot read IP mode file for STMicroelectronics.X-CUBE-WB05N.2.0.0
2025-05-01 12:51:13,430 [WARN] PackLoader:240 - Cannot read IP mode file for STMicroelectronics.X-CUBE-TCPP.4.2.0
2025-05-01 12:51:13,438 [WARN] PackLoader:240 - Cannot read IP mode file for RealThread.X-CUBE-RT-Thread_Nano.4.1.1
2025-05-01 12:51:13,444 [WARN] PackLoader:240 - Cannot read IP mode file for STMicroelectronics.FP-ATR-SIGFOX1.3.2.0
2025-05-01 12:51:13,448 [WARN] ConditionMgr:438 - getConditionDescription Invalid condition id : Cortex-A Device cause : null
2025-05-01 12:51:13,463 [WARN] ConditionMgr:1044 - genDependencies : Invalid condition id : Cortex-A Device cause : null
2025-05-01 12:51:13,463 [WARN] ConditionMgr:1044 - genDependencies : Invalid condition id : Cortex-A Device cause : null
2025-05-01 12:51:13,463 [WARN] ConditionMgr:1044 - genDependencies : Invalid condition id : Cortex-A Device cause : null
2025-05-01 12:51:13,471 [WARN] PackLoader:240 - Cannot read IP mode file for STMicroelectronics.X-CUBE-EEPRMA1.5.1.0
2025-05-01 12:51:13,479 [WARN] PackLoader:240 - Cannot read IP mode file for wolfSSL.I-CUBE-wolfSSL.5.7.4
2025-05-01 12:51:13,488 [WARN] PackLoader:240 - Cannot read IP mode file for ITTIA_DB.I-CUBE-ITTIADB.8.9.0
2025-05-01 12:51:13,539 [WARN] PackLoader:240 - Cannot read IP mode file for SEGGER.I-CUBE-embOS.1.3.1
2025-05-01 12:51:13,560 [INFO] WebApp:187 - Connection restablished
2025-05-01 12:51:13,650 [WARN] PackLoader:240 - Cannot read IP mode file for STMicroelectronics.X-CUBE-ALGOBUILD.1.4.0
2025-05-01 12:51:13,659 [WARN] PackLoader:240 - Cannot read IP mode file for STMicroelectronics.X-CUBE-AI.9.1.0
2025-05-01 12:51:13,692 [INFO] WebApp:221 - Starting web application
2025-05-01 12:51:13,692 [WARN] PackLoader:240 - Cannot read IP mode file for STMicroelectronics.X-CUBE-AZRTOS-F4.1.1.0
2025-05-01 12:51:13,692 [INFO] WebApp:579 - Web application path used /opt/st/stm32cubeide_1.17.0/plugins/com.st.stm32cube.common.mx_6.13.0.202411220809/db/plugins/mcufinder/reactClient1/index.html
2025-05-01 12:51:13,701 [WARN] PackLoader:240 - Cannot read IP mode file for Avnet-IotConnect.X-CUBE-IoTC-DA16k-PMOD.1.0.0
2025-05-01 12:51:13,706 [WARN] PackLoader:240 - Cannot read IP mode file for STMicroelectronics.X-CUBE-ISPU.2.1.0
2025-05-01 12:51:13,713 [WARN] PackLoader:240 - Cannot read IP mode file for STMicroelectronics.X-CUBE-FREERTOS.1.2.0
2025-05-01 12:51:13,741 [WARN] PackLoader:240 - Cannot read IP mode file for STMicroelectronics.X-CUBE-AZRTOS-L5.2.0.0
2025-05-01 12:51:13,757 [WARN] PackLoader:240 - Cannot read IP mode file for STMicroelectronics.X-CUBE-NFC6.3.1.0
2025-05-01 12:51:13,769 [WARN] PackLoader:240 - Cannot read IP mode file for STMicroelectronics.X-CUBE-DPower.1.2.0
2025-05-01 12:51:13,782 [WARN] PackLoader:240 - Cannot read IP mode file for STMicroelectronics.X-CUBE-FREERTOS.1.3.0
2025-05-01 12:51:13,797 [WARN] PackLoader:240 - Cannot read IP mode file for STMicroelectronics.X-CUBE-NFC7.1.0.1
2025-05-01 12:51:13,812 [WARN] PackLoader:240 - Cannot read IP mode file for STMicroelectronics.X-CUBE-DPower.1.3.0
2025-05-01 12:51:13,892 [WARN] ConditionMgr:438 - getConditionDescription Invalid condition id : LAN8742 Phy interface Condition cause : null
2025-05-01 12:51:13,894 [WARN] PackLoader:240 - Cannot read IP mode file for STMicroelectronics.X-CUBE-AZRTOS-L4.2.0.0
2025-05-01 12:51:13,901 [WARN] ConditionMgr:1044 - genDependencies : Invalid condition id : LAN8742 Phy interface Condition cause : null
2025-05-01 12:51:13,901 [WARN] ConditionMgr:1044 - genDependencies : Invalid condition id : LAN8742 Phy interface Condition cause : null
2025-05-01 12:51:13,902 [WARN] ConditionMgr:1044 - genDependencies : Invalid condition id : LAN8742 Phy interface Condition cause : null
2025-05-01 12:51:13,927 [WARN] PackLoader:240 - Cannot read IP mode file for STMicroelectronics.X-CUBE-SFXS2LP1.4.0.0
2025-05-01 12:51:13,961 [WARN] PackLoader:240 - Cannot read IP mode file for STMicroelectronics.X-CUBE-AZRTOS-H7.3.3.0
2025-05-01 12:51:13,979 [WARN] PackLoader:240 - Cannot read IP mode file for STMicroelectronics.X-CUBE-IPS.3.0.0
2025-05-01 12:51:13,998 [INFO] UserAuth:486 - Internet connection configuration mode: 1
2025-05-01 12:51:14,016 [WARN] ConditionMgr:438 - getConditionDescription Invalid condition id : UX DEVICE CLASS RTOS Condition cause : null
2025-05-01 12:51:14,017 [WARN] ConditionMgr:438 - getConditionDescription Invalid condition id : UX DEVICE CLASS RTOS Condition cause : null
2025-05-01 12:51:14,025 [WARN] PackLoader:240 - Cannot read IP mode file for STMicroelectronics.X-CUBE-AZRTOS-WB.2.0.0
2025-05-01 12:51:14,026 [WARN] ConditionMgr:1044 - genDependencies : Invalid condition id : UX DEVICE CLASS RTOS Condition cause : null
2025-05-01 12:51:14,027 [WARN] ConditionMgr:1044 - genDependencies : Invalid condition id : UX DEVICE CLASS RTOS Condition cause : null
2025-05-01 12:51:14,028 [WARN] ConditionMgr:1044 - genDependencies : Invalid condition id : UX DEVICE CLASS RTOS Condition cause : null
2025-05-01 12:51:14,029 [WARN] ConditionMgr:1044 - genDependencies : Invalid condition id : UX DEVICE CLASS RTOS Condition cause : null
2025-05-01 12:51:14,029 [WARN] ConditionMgr:1044 - genDependencies : Invalid condition id : UX DEVICE CLASS RTOS Condition cause : null
2025-05-01 12:51:14,040 [WARN] PackLoader:240 - Cannot read IP mode file for STMicroelectronics.X-CUBE-GNSS1.7.0.0
2025-05-01 12:51:14,055 [WARN] PackLoader:240 - Cannot read IP mode file for STMicroelectronics.X-CUBE-GNSS1.7.0.1
2025-05-01 12:51:14,071 [WARN] PackLoader:240 - Cannot read IP mode file for STMicroelectronics.X-CUBE-TOUCHGFX.4.25.0
2025-05-01 12:51:14,094 [WARN] PackLoader:240 - Cannot read IP mode file for STMicroelectronics.FP-SNS-STBOX1.2.0.0
2025-05-01 12:51:14,131 [WARN] PackLoader:240 - Cannot read IP mode file for STMicroelectronics.X-CUBE-SUBG2.5.0.0
2025-05-01 12:51:14,178 [WARN] PackLoader:240 - Cannot read IP mode file for STMicroelectronics.X-CUBE-AZRTOS-H7RS.1.1.0
2025-05-01 12:51:14,187 [WARN] PackLoader:240 - Cannot read IP mode file for Cesanta.I-CUBE-Mongoose.7.13.0
2025-05-01 12:51:14,217 [WARN] PackLoader:240 - Cannot read IP mode file for STMicroelectronics.X-CUBE-AZRTOS-G4.2.0.0
2025-05-01 12:51:14,264 [WARN] PackLoader:240 - Cannot read IP mode file for STMicroelectronics.X-CUBE-NFC7.2.0.0
2025-05-01 12:51:14,289 [WARN] PackLoader:240 - Cannot read IP mode file for STMicroelectronics.X-CUBE-IPS.3.1.0
2025-05-01 12:51:14,314 [WARN] PackLoader:240 - Cannot read IP mode file for STMicroelectronics.X-CUBE-ALS.1.0.2
2025-05-01 12:51:14,319 [WARN] PackLoader:240 - Cannot read IP mode file for STMicroelectronics.X-CUBE-TOUCHGFX.4.24.2
2025-05-01 12:51:14,323 [WARN] PackLoader:240 - Cannot read IP mode file for STMicroelectronics.X-CUBE-TOUCHGFX.4.24.1
2025-05-01 12:51:14,328 [WARN] PackLoader:240 - Cannot read IP mode file for wolfSSL.I-CUBE-wolfTPM.3.4.0
2025-05-01 12:51:14,340 [WARN] PackLoader:240 - Cannot read IP mode file for portGmbH.I-Cube-SoM-uGOAL.1.1.0
2025-05-01 12:51:14,388 [WARN] PackLoader:240 - Cannot read IP mode file for STMicroelectronics.X-CUBE-AZRTOS-H7RS.1.0.0
2025-05-01 12:51:14,428 [WARN] PackLoader:240 - Cannot read IP mode file for STMicroelectronics.X-CUBE-TOF1.3.4.2
2025-05-01 12:51:14,499 [WARN] PackLoader:240 - Cannot read IP mode file for STMicroelectronics.X-CUBE-TOF1.3.4.3
2025-05-01 12:51:14,557 [WARN] PackLoader:240 - Cannot read IP mode file for Infineon.AIROC-Wi-Fi-Bluetooth-STM32.1.6.1
2025-05-01 12:51:14,572 [WARN] PackLoader:240 - Cannot read IP mode file for wolfSSL.I-CUBE-wolfSSH.1.4.17
2025-05-01 12:51:14,580 [INFO] ThirdParty:978 - Integrity check success = true
2025-05-01 12:51:14,580 [INFO] IntegrityCheckThread:100 - exiting critical section [integrity check]
2025-05-01 12:51:14,580 [INFO] IntegrityCheckThread:103 - End integrity checks thread
2025-05-01 12:51:31,934 [ERROR] LogOutputStream:75 - [STDERR_REDIRECT] 
2025-05-01 12:51:42,333 [INFO] Activator:176 - 


2025-05-01 12:51:42,336 [INFO] Activator:177 - !SESSION log4j initialized
2025-05-01 12:51:45,054 [INFO] LogOutputStream:77 - [STDOUT_REDIRECT] 
2025-05-01 12:51:48,352 [INFO] ApplicationProperties:184 - Using Application install path: /opt/st/stm32cubeide_1.17.0/plugins/com.st.stm32cube.common.mx_6.13.0.202411220809
2025-05-01 12:51:48,380 [INFO] DbMcusXml:78 - Set database path to: /opt/st/stm32cubeide_1.17.0/plugins/com.st.stm32cube.common.mx_6.13.0.202411220809//db//mcu/
2025-05-01 12:51:48,381 [INFO] ApiDb:274 - Set plugin database path to: /opt/st/stm32cubeide_1.17.0/plugins/com.st.stm32cube.common.mx_6.13.0.202411220809//db//plugins/boardmanager/
2025-05-01 12:51:48,381 [WARN] ApiDb:259 - Overriding images path with different value:  => /opt/st/stm32cubeide_1.17.0/plugins/com.st.stm32cube.common.mx_6.13.0.202411220809//db//plugins/mcufinder/images/
2025-05-01 12:51:48,387 [INFO] ApiDb:250 - Set database path to: /home/maciej/.stmcufinder/plugins/mcufinder//mcu/
2025-05-01 12:51:48,390 [INFO] DbMcusAds:125 - Set database path to: /home/maciej/.stmcufinder/plugins/mcufinder//mcu/
2025-05-01 12:51:48,394 [INFO] CrossReferenceDbSqlite:203 - Set database path to: /home/maciej/.stmcufinder/plugins/mcufinder//mcu/cs/
2025-05-01 12:51:48,611 [INFO] RulesReader:64 - Compatibility file has been processed (297 Rules)
2025-05-01 12:51:48,747 [INFO] DbMcusXml:78 - Set database path to: /opt/st/stm32cubeide_1.17.0/plugins/com.st.stm32cube.common.mx_6.13.0.202411220809//db//mcu/
2025-05-01 12:51:48,747 [INFO] ApiDb:274 - Set plugin database path to: /opt/st/stm32cubeide_1.17.0/plugins/com.st.stm32cube.common.mx_6.13.0.202411220809//db//plugins/boardmanager/
2025-05-01 12:51:48,748 [INFO] ApiDb:261 - Set plugin images path to: /opt/st/stm32cubeide_1.17.0/plugins/com.st.stm32cube.common.mx_6.13.0.202411220809//db//plugins/mcufinder/images/
2025-05-01 12:51:48,748 [WARN] DbFile:41 - Overriding database path with different value: /home/maciej/.stmcufinder/plugins/mcufinder/ => /home/maciej/.stmcufinder/plugins/mcufinder
2025-05-01 12:51:48,748 [INFO] ApiDb:250 - Set database path to: /home/maciej/.stmcufinder/plugins/mcufinder//mcu/
2025-05-01 12:51:48,748 [WARN] DbFile:41 - Overriding database path with different value: /home/maciej/.stmcufinder/plugins/mcufinder/ => /home/maciej/.stmcufinder/plugins/mcufinder
2025-05-01 12:51:48,749 [INFO] DbMcusAds:125 - Set database path to: /home/maciej/.stmcufinder/plugins/mcufinder//mcu/
2025-05-01 12:51:48,749 [WARN] DbFile:41 - Overriding database path with different value: /home/maciej/.stmcufinder/plugins/mcufinder/ => /home/maciej/.stmcufinder/plugins/mcufinder
2025-05-01 12:51:48,749 [WARN] DbFile:41 - Overriding database path with different value: /home/maciej/.stmcufinder/plugins/mcufinder/ => /home/maciej/.stmcufinder/plugins/mcufinder
2025-05-01 12:51:48,749 [INFO] CrossReferenceDbSqlite:203 - Set database path to: /home/maciej/.stmcufinder/plugins/mcufinder//mcu/cs/
2025-05-01 12:51:48,867 [INFO] MainPanel:272 - HeapMemory: 268435456
2025-05-01 12:51:49,055 [INFO] DbMcusXml:78 - Set database path to: /opt/st/stm32cubeide_1.17.0/plugins/com.st.stm32cube.common.mx_6.13.0.202411220809//db//mcu/
2025-05-01 12:51:49,056 [INFO] ApiDb:274 - Set plugin database path to: /opt/st/stm32cubeide_1.17.0/plugins/com.st.stm32cube.common.mx_6.13.0.202411220809//db//plugins/boardmanager/
2025-05-01 12:51:49,056 [INFO] ApiDb:261 - Set plugin images path to: /opt/st/stm32cubeide_1.17.0/plugins/com.st.stm32cube.common.mx_6.13.0.202411220809//db//plugins/mcufinder/images/
2025-05-01 12:51:49,058 [WARN] DbFile:41 - Overriding database path with different value: /home/maciej/.stmcufinder/plugins/mcufinder/ => /home/maciej/.stmcufinder/plugins/mcufinder
2025-05-01 12:51:49,058 [INFO] ApiDb:250 - Set database path to: /home/maciej/.stmcufinder/plugins/mcufinder//mcu/
2025-05-01 12:51:49,058 [WARN] DbFile:41 - Overriding database path with different value: /home/maciej/.stmcufinder/plugins/mcufinder/ => /home/maciej/.stmcufinder/plugins/mcufinder
2025-05-01 12:51:49,058 [INFO] DbMcusAds:125 - Set database path to: /home/maciej/.stmcufinder/plugins/mcufinder//mcu/
2025-05-01 12:51:49,059 [WARN] DbFile:41 - Overriding database path with different value: /home/maciej/.stmcufinder/plugins/mcufinder/ => /home/maciej/.stmcufinder/plugins/mcufinder
2025-05-01 12:51:49,059 [WARN] DbFile:41 - Overriding database path with different value: /home/maciej/.stmcufinder/plugins/mcufinder/ => /home/maciej/.stmcufinder/plugins/mcufinder
2025-05-01 12:51:49,059 [INFO] CrossReferenceDbSqlite:203 - Set database path to: /home/maciej/.stmcufinder/plugins/mcufinder//mcu/cs/
2025-05-01 12:51:49,084 [INFO] ApplicationProperties:184 - Using Application install path: /opt/st/stm32cubeide_1.17.0/plugins/com.st.stm32cube.common.mx_6.13.0.202411220809
2025-05-01 12:51:49,087 [INFO] PluginManage:196 - Search for loadable plugins [exclusion list=, ]
2025-05-01 12:51:49,089 [INFO] PluginManage:310 - Check plugin analytics
2025-05-01 12:51:49,463 [INFO] AnalyticsPlugin:253 - Accepted Software Licenses: STM32CubeMX.6.12.1,STM32CubeMX.6.14.1
2025-05-01 12:51:49,464 [INFO] AnalyticsPlugin:255 - Accepted CMSIS Pack Licenses: 
2025-05-01 12:51:49,464 [INFO] AnalyticsPlugin:257 - Accepted Firmware Licenses: FW.L4.1.18.0,FW.F4.1.28.0,FW.G4.1.6.0
2025-05-01 12:51:49,469 [INFO] PluginManage:359 - Loaded plugin analytics (category:tool,tabindex:-1)
2025-05-01 12:51:49,470 [INFO] PluginManage:310 - Check plugin cadmodel
2025-05-01 12:51:49,478 [INFO] CADModel:105 - Init CAD model plugin
2025-05-01 12:51:49,479 [INFO] PluginManage:359 - Loaded plugin cadmodel (category:power,tabindex:5)
2025-05-01 12:51:49,479 [INFO] PluginManage:310 - Check plugin clock
2025-05-01 12:51:49,497 [INFO] PluginManage:359 - Loaded plugin clock (category:base,tabindex:2)
2025-05-01 12:51:49,497 [INFO] PluginManage:310 - Check plugin ddr
2025-05-01 12:51:49,500 [INFO] PluginManage:359 - Loaded plugin ddr (category:tool,tabindex:6)
2025-05-01 12:51:49,500 [INFO] PluginManage:310 - Check plugin filemanager
2025-05-01 12:51:49,666 [INFO] PluginManage:359 - Loaded plugin filemanager (category:base,tabindex:10)
2025-05-01 12:51:49,666 [INFO] PluginManage:310 - Check plugin ipmanager
2025-05-01 12:51:49,674 [INFO] PluginManage:359 - Loaded plugin ipmanager (category:base,tabindex:5)
2025-05-01 12:51:49,675 [INFO] PluginManage:310 - Check plugin lpbam
2025-05-01 12:51:49,686 [INFO] PluginManage:359 - Loaded plugin lpbam (category:base,tabindex:0)
2025-05-01 12:51:49,686 [INFO] PluginManage:310 - Check plugin memorymap
2025-05-01 12:51:49,698 [INFO] PluginManage:359 - Loaded plugin memorymap (category:base,tabindex:4)
2025-05-01 12:51:49,698 [INFO] PluginManage:310 - Check plugin pinoutandconfiguration
2025-05-01 12:51:49,704 [INFO] PluginManage:359 - Loaded plugin pinoutandconfiguration (category:base,tabindex:1)
2025-05-01 12:51:49,705 [INFO] PluginManage:310 - Check plugin pinoutconfig
2025-05-01 12:51:49,876 [WARN] SupportedApi:132 - Cannot load RTOS API schema: s4s-elt-must-match.1: The content of 'definitions' must match (annotation?, (simpleType | complexType)?, (unique | key | keyref)*)). A problem was found starting at: attribute.
2025-05-01 12:51:50,064 [INFO] PluginManage:359 - Loaded plugin pinoutconfig (category:base,tabindex:0)
2025-05-01 12:51:50,064 [INFO] PluginManage:310 - Check plugin power
2025-05-01 12:51:50,074 [INFO] PluginManage:359 - Loaded plugin power (category:power,tabindex:4)
2025-05-01 12:51:50,075 [INFO] PluginManage:310 - Check plugin projectmanager
2025-05-01 12:51:50,094 [INFO] PluginManage:359 - Loaded plugin projectmanager (category:projectmanager,tabindex:4)
2025-05-01 12:51:50,095 [INFO] PluginManage:310 - Check plugin rif
2025-05-01 12:51:50,101 [INFO] PluginManage:359 - Loaded plugin rif (category:base,tabindex:3)
2025-05-01 12:51:50,101 [INFO] PluginManage:310 - Check plugin thirdparty
2025-05-01 12:51:50,271 [INFO] PluginManage:359 - Loaded plugin thirdparty (category:base,tabindex:-1)
2025-05-01 12:51:50,271 [WARN] IntegrityCheckThread:84 - waiting for thirdparty lock release [integrity check]
2025-05-01 12:51:50,272 [INFO] PluginManage:310 - Check plugin tools
2025-05-01 12:51:50,272 [INFO] IntegrityCheckThread:86 - entering critical section [integrity check]
2025-05-01 12:51:50,272 [INFO] ThirdPartyUpdaterWithRetryManager:70 - Updater plugin not ready yet. [1/15]
2025-05-01 12:51:50,275 [INFO] PluginManage:359 - Loaded plugin tools (category:base,tabindex:7)
2025-05-01 12:51:50,275 [INFO] PluginManage:310 - Check plugin tutovideos
2025-05-01 12:51:50,444 [INFO] PluginManage:359 - Loaded plugin tutovideos (category:base,tabindex:-1)
2025-05-01 12:51:50,444 [INFO] PluginManage:310 - Check plugin updater
2025-05-01 12:51:50,466 [INFO] PluginManage:359 - Loaded plugin updater (category:base,tabindex:12)
2025-05-01 12:51:50,466 [INFO] PluginManage:310 - Check plugin userauth
2025-05-01 12:51:50,469 [INFO] UserAuth:118 - Init User Auth plugin
2025-05-01 12:51:50,470 [INFO] PluginManage:359 - Loaded plugin userauth (category:base,tabindex:14)
2025-05-01 12:51:50,471 [INFO] PluginManage:283 - PluginManage : Loaded plugins [18]
2025-05-01 12:51:50,652 [INFO] PinOutPanel:1589 - setPackage(No Configuration,No Configuration)
2025-05-01 12:51:50,728 [INFO] CADModel:165 - CPN selected for project level
2025-05-01 12:51:50,728 [INFO] CADModel:114 - Register for checkConnection events
2025-05-01 12:51:50,743 [INFO] IPUIPlugin:80 - create IPUIPlugin
2025-05-01 12:51:50,743 [INFO] PluginManager:220 - loadIPPluginJar : add gic
2025-05-01 12:51:50,753 [INFO] IPUIPlugin:80 - create IPUIPlugin
2025-05-01 12:51:50,754 [INFO] PluginManager:220 - loadIPPluginJar : add adc
2025-05-01 12:51:50,757 [INFO] IPUIPlugin:80 - create IPUIPlugin
2025-05-01 12:51:50,758 [INFO] PluginManager:220 - loadIPPluginJar : add hash
2025-05-01 12:51:50,760 [INFO] IPUIPlugin:80 - create IPUIPlugin
2025-05-01 12:51:50,760 [INFO] PluginManager:220 - loadIPPluginJar : add ts
2025-05-01 12:51:50,765 [INFO] IPUIPlugin:80 - create IPUIPlugin
2025-05-01 12:51:50,765 [INFO] PluginManager:220 - loadIPPluginJar : add gpio
2025-05-01 12:51:50,767 [INFO] IPUIPlugin:80 - create IPUIPlugin
2025-05-01 12:51:50,768 [INFO] PluginManager:220 - loadIPPluginJar : add dfsdm
2025-05-01 12:51:50,771 [INFO] IPUIPlugin:80 - create IPUIPlugin
2025-05-01 12:51:50,771 [INFO] PluginManager:220 - loadIPPluginJar : add touchsensing
2025-05-01 12:51:50,776 [INFO] IPUIPlugin:80 - create IPUIPlugin
2025-05-01 12:51:50,777 [INFO] PluginManager:220 - loadIPPluginJar : add stm32_wpan
2025-05-01 12:51:50,779 [INFO] IPUIPlugin:80 - create IPUIPlugin
2025-05-01 12:51:50,779 [INFO] PluginManager:220 - loadIPPluginJar : add i2c
2025-05-01 12:51:50,781 [INFO] IPUIPlugin:80 - create IPUIPlugin
2025-05-01 12:51:50,781 [INFO] PluginManager:220 - loadIPPluginJar : add gfxmmu
2025-05-01 12:51:50,783 [INFO] IPUIPlugin:80 - create IPUIPlugin
2025-05-01 12:51:50,783 [INFO] PluginManager:220 - loadIPPluginJar : add extmemmanager
2025-05-01 12:51:50,786 [INFO] IPUIPlugin:80 - create IPUIPlugin
2025-05-01 12:51:50,786 [INFO] PluginManager:220 - loadIPPluginJar : add ddr_ctrl_phy
2025-05-01 12:51:50,788 [INFO] IPUIPlugin:80 - create IPUIPlugin
2025-05-01 12:51:50,788 [INFO] PluginManager:220 - loadIPPluginJar : add fatfs
2025-05-01 12:51:50,792 [INFO] IPUIPlugin:80 - create IPUIPlugin
2025-05-01 12:51:50,793 [INFO] PluginManager:220 - loadIPPluginJar : add gtzc
2025-05-01 12:51:50,796 [INFO] IPUIPlugin:80 - create IPUIPlugin
2025-05-01 12:51:50,796 [INFO] PluginManager:220 - loadIPPluginJar : add fmc
2025-05-01 12:51:50,799 [INFO] IPUIPlugin:80 - create IPUIPlugin
2025-05-01 12:51:50,799 [INFO] PluginManager:220 - loadIPPluginJar : add pdm2pcm
2025-05-01 12:51:50,801 [INFO] IPUIPlugin:80 - create IPUIPlugin
2025-05-01 12:51:50,801 [INFO] PluginManager:220 - loadIPPluginJar : add i2s
2025-05-01 12:51:50,808 [INFO] IPUIPlugin:80 - create IPUIPlugin
2025-05-01 12:51:50,808 [INFO] PluginManager:220 - loadIPPluginJar : add mdma
2025-05-01 12:51:50,813 [INFO] IPUIPlugin:80 - create IPUIPlugin
2025-05-01 12:51:50,813 [INFO] PluginManager:220 - loadIPPluginJar : add opamp
2025-05-01 12:51:50,816 [INFO] IPUIPlugin:80 - create IPUIPlugin
2025-05-01 12:51:50,816 [INFO] PluginManager:220 - loadIPPluginJar : add resmgrutility
2025-05-01 12:51:50,818 [INFO] IPUIPlugin:80 - create IPUIPlugin
2025-05-01 12:51:50,818 [INFO] PluginManager:220 - loadIPPluginJar : add genericplugin
2025-05-01 12:51:50,821 [INFO] IPUIPlugin:80 - create IPUIPlugin
2025-05-01 12:51:50,821 [INFO] PluginManager:220 - loadIPPluginJar : add nvic
2025-05-01 12:51:50,824 [INFO] IPUIPlugin:80 - create IPUIPlugin
2025-05-01 12:51:50,825 [INFO] PluginManager:220 - loadIPPluginJar : add ltdc
2025-05-01 12:51:50,832 [INFO] IPUIPlugin:80 - create IPUIPlugin
2025-05-01 12:51:50,832 [INFO] PluginManager:220 - loadIPPluginJar : add linkedlist
2025-05-01 12:51:50,834 [INFO] IPUIPlugin:80 - create IPUIPlugin
2025-05-01 12:51:50,835 [INFO] PluginManager:220 - loadIPPluginJar : add spi
2025-05-01 12:51:50,837 [INFO] IPUIPlugin:80 - create IPUIPlugin
2025-05-01 12:51:50,837 [INFO] PluginManager:220 - loadIPPluginJar : add openamp
2025-05-01 12:51:50,842 [INFO] IPUIPlugin:80 - create IPUIPlugin
2025-05-01 12:51:50,842 [INFO] PluginManager:220 - loadIPPluginJar : add usbx
2025-05-01 12:51:50,845 [INFO] IPUIPlugin:80 - create IPUIPlugin
2025-05-01 12:51:50,846 [INFO] PluginManager:220 - loadIPPluginJar : add cryp
2025-05-01 12:51:50,849 [INFO] IPUIPlugin:80 - create IPUIPlugin
2025-05-01 12:51:50,849 [INFO] PluginManager:220 - loadIPPluginJar : add lorawan
2025-05-01 12:51:50,851 [INFO] IPUIPlugin:80 - create IPUIPlugin
2025-05-01 12:51:50,852 [INFO] PluginManager:220 - loadIPPluginJar : add radio
2025-05-01 12:51:50,857 [INFO] IPUIPlugin:80 - create IPUIPlugin
2025-05-01 12:51:50,857 [INFO] PluginManager:220 - loadIPPluginJar : add freertos
2025-05-01 12:51:50,859 [INFO] IPUIPlugin:80 - create IPUIPlugin
2025-05-01 12:51:50,859 [INFO] PluginManager:220 - loadIPPluginJar : add ucpd
2025-05-01 12:51:50,860 [INFO] IPUIPlugin:80 - create IPUIPlugin
2025-05-01 12:51:50,861 [INFO] PluginManager:220 - loadIPPluginJar : add comp
2025-05-01 12:51:50,863 [INFO] IPUIPlugin:80 - create IPUIPlugin
2025-05-01 12:51:50,863 [INFO] PluginManager:220 - loadIPPluginJar : add usart
2025-05-01 12:51:50,865 [INFO] IPUIPlugin:80 - create IPUIPlugin
2025-05-01 12:51:50,865 [INFO] PluginManager:220 - loadIPPluginJar : add aes
2025-05-01 12:51:50,867 [INFO] IPUIPlugin:80 - create IPUIPlugin
2025-05-01 12:51:50,867 [INFO] PluginManager:220 - loadIPPluginJar : add tim
2025-05-01 12:51:50,869 [INFO] IPUIPlugin:80 - create IPUIPlugin
2025-05-01 12:51:50,869 [INFO] PluginManager:220 - loadIPPluginJar : add sai
2025-05-01 12:51:50,871 [INFO] IPUIPlugin:80 - create IPUIPlugin
2025-05-01 12:51:50,871 [INFO] PluginManager:220 - loadIPPluginJar : add dma3
2025-05-01 12:51:50,876 [INFO] IPUIPlugin:80 - create IPUIPlugin
2025-05-01 12:51:50,876 [INFO] PluginManager:220 - loadIPPluginJar : add can
2025-05-01 12:51:50,877 [INFO] IPUIPlugin:80 - create IPUIPlugin
2025-05-01 12:51:50,878 [INFO] PluginManager:220 - loadIPPluginJar : add quadspi
2025-05-01 12:51:50,880 [INFO] IPUIPlugin:80 - create IPUIPlugin
2025-05-01 12:51:50,880 [INFO] PluginManager:220 - loadIPPluginJar : add i3c
2025-05-01 12:51:50,883 [INFO] IPUIPlugin:80 - create IPUIPlugin
2025-05-01 12:51:50,883 [INFO] PluginManager:220 - loadIPPluginJar : add ipddr
2025-05-01 12:51:50,884 [INFO] IPUIPlugin:80 - create IPUIPlugin
2025-05-01 12:51:50,884 [INFO] PluginManager:220 - loadIPPluginJar : add tsc
2025-05-01 12:51:50,890 [INFO] IPUIPlugin:80 - create IPUIPlugin
2025-05-01 12:51:50,895 [INFO] PluginManager:220 - loadIPPluginJar : add plateformsettings
2025-05-01 12:51:50,901 [INFO] IPUIPlugin:80 - create IPUIPlugin
2025-05-01 12:51:50,901 [INFO] PluginManager:220 - loadIPPluginJar : add dma
2025-05-01 12:51:50,903 [INFO] IPUIPlugin:80 - create IPUIPlugin
2025-05-01 12:51:50,903 [INFO] PluginManager:220 - loadIPPluginJar : add tracer_emb
2025-05-01 12:51:51,021 [FATAL] Updater:351 - Updater called before beeing initialized
2025-05-01 12:51:51,056 [INFO] RulesReader:64 - Compatibility file has been processed (297 Rules)
2025-05-01 12:51:51,069 [INFO] RulesReader:64 - Compatibility file has been processed (297 Rules)
2025-05-01 12:51:51,078 [INFO] CADModel:165 - CPN selected for project level
2025-05-01 12:51:51,078 [INFO] CADModel:114 - Register for checkConnection events
2025-05-01 12:51:51,079 [FATAL] Updater:351 - Updater called before beeing initialized
2025-05-01 12:51:51,079 [ERROR] CADModel:125 - Updater not yet initialized, retry later 
2025-05-01 12:51:51,226 [FATAL] Updater:351 - Updater called before beeing initialized
2025-05-01 12:51:51,230 [INFO] CADModel:165 - CPN selected for project level
2025-05-01 12:51:51,230 [INFO] CADModel:114 - Register for checkConnection events
2025-05-01 12:51:51,230 [FATAL] Updater:351 - Updater called before beeing initialized
2025-05-01 12:51:51,230 [ERROR] CADModel:125 - Updater not yet initialized, retry later 
2025-05-01 12:51:51,235 [FATAL] Updater:351 - Updater called before beeing initialized
2025-05-01 12:51:51,346 [FATAL] Updater:351 - Updater called before beeing initialized
2025-05-01 12:51:51,351 [INFO] DbMcusAds:53 - JSON generation date=Thu Mar 06 15:54:22 CET 2025 (1741272862078)
2025-05-01 12:51:51,351 [FATAL] Updater:351 - Updater called before beeing initialized
2025-05-01 12:51:51,399 [WARN] DetailPanel:346 - Failed to get advertising image, set to default
2025-05-01 12:51:51,684 [FATAL] Updater:351 - Updater called before beeing initialized
2025-05-01 12:51:51,685 [FATAL] Updater:351 - Updater called before beeing initialized
2025-05-01 12:51:51,685 [FATAL] Updater:351 - Updater called before beeing initialized
2025-05-01 12:51:51,685 [WARN] DetailPanel:346 - Failed to get advertising image, set to default
2025-05-01 12:51:51,686 [FATAL] Updater:351 - Updater called before beeing initialized
2025-05-01 12:51:51,736 [ERROR] Updater:1198 - MainUpdater not yet initialized. External WinMGr cannot be set.
2025-05-01 12:51:51,738 [INFO] Updater:1134 - Updater Version found : 6.13.0
2025-05-01 12:51:51,759 [INFO] ApplicationProperties:184 - Using Application install path: /opt/st/stm32cubeide_1.17.0/plugins/com.st.stm32cube.common.mx_6.13.0.202411220809
2025-05-01 12:51:52,094 [INFO] MainUpdater:2872 - connection check result : 10
2025-05-01 12:51:52,095 [INFO] MainUpdater:289 - Updater Check For Update Now.
2025-05-01 12:51:52,095 [INFO] MicroXplorer:498 - Change Database Version : DB.6.0.130
2025-05-01 12:51:52,102 [INFO] McuFinderGlobals:63 - Set McuFinder mode to 2 (CubeIDE integrated)
2025-05-01 12:51:52,103 [INFO] UserAuth:486 - Internet connection configuration mode: 1
2025-05-01 12:51:52,119 [INFO] JxBrowserEngine:152 - Initiate JxBrowser Engine with user profile folder
2025-05-01 12:51:52,345 [INFO] CheckServerUpdateThread:120 - End of CheckServer Thread
2025-05-01 12:51:53,038 [INFO] WebApp:168 - Instantiating new browser for Auth
2025-05-01 12:51:53,560 [WARN] PackLoader:240 - Cannot read IP mode file for STMicroelectronics.FP-SNS-MOTENVWB1.1.4.0
2025-05-01 12:51:53,581 [WARN] PackLoader:240 - Cannot read IP mode file for STMicroelectronics.FP-ATR-ASTRA1.2.0.2
2025-05-01 12:51:53,590 [WARN] PackLoader:240 - Cannot read IP mode file for STMicroelectronics.FP-ATR-ASTRA1.2.0.1
2025-05-01 12:51:53,604 [WARN] PackLoader:240 - Cannot read IP mode file for STMicroelectronics.X-CUBE-SMBUS.2.1.0
2025-05-01 12:51:53,623 [WARN] PackLoader:240 - Cannot read IP mode file for STMicroelectronics.X-CUBE-WB05N.1.1.0
2025-05-01 12:51:53,712 [WARN] PackLoader:240 - Cannot read IP mode file for STMicroelectronics.X-CUBE-AZRTOS-F7.1.1.0
2025-05-01 12:51:53,952 [WARN] PackLoader:240 - Cannot read IP mode file for STMicroelectronics.X-CUBE-MEMS1.11.0.0
2025-05-01 12:51:54,469 [WARN] PackLoader:240 - Cannot read IP mode file for STMicroelectronics.FP-SNS-FLIGHT1.5.0.2
2025-05-01 12:51:54,480 [WARN] PackLoader:240 - Cannot read IP mode file for STMicroelectronics.X-CUBE-DISPLAY.3.0.0
2025-05-01 12:51:54,502 [WARN] PackLoader:240 - Cannot read IP mode file for STMicroelectronics.X-CUBE-BLE1.7.0.0
2025-05-01 12:51:54,515 [WARN] PackLoader:240 - Cannot read IP mode file for STMicroelectronics.X-CUBE-NFC10.1.0.0
2025-05-01 12:51:54,546 [WARN] PackLoader:240 - Cannot read IP mode file for STMicroelectronics.X-CUBE-BLEMGR.4.0.0
2025-05-01 12:51:54,597 [WARN] PackLoader:240 - Cannot read IP mode file for emotas.I-CUBE-CANOPEN.1.3.0
2025-05-01 12:51:54,669 [WARN] PackLoader:240 - Cannot read IP mode file for STMicroelectronics.X-CUBE-BLEMGR.3.1.0
2025-05-01 12:51:54,691 [WARN] PackLoader:240 - Cannot read IP mode file for STMicroelectronics.X-CUBE-AI.10.0.0
2025-05-01 12:51:54,700 [WARN] PackLoader:240 - Cannot read IP mode file for STMicroelectronics.FP-SNS-SMARTAG2.1.2.0
2025-05-01 12:51:54,712 [WARN] PackLoader:240 - Cannot read IP mode file for STMicroelectronics.FP-SNS-FLIGHT1.5.1.0
2025-05-01 12:51:54,931 [WARN] PackLoader:240 - Cannot read IP mode file for STMicroelectronics.X-CUBE-MEMS1.11.1.0
2025-05-01 12:51:55,285 [INFO] LogOutputStream:77 - [STDOUT_REDIRECT] 1 : Invalid condition id : UX_CORESTACK_Condition cause : null
2025-05-01 12:51:55,287 [INFO] LogOutputStream:77 - [STDOUT_REDIRECT] 1 : Invalid condition id : UX_CORESTACK_Condition cause : null
2025-05-01 12:51:55,288 [INFO] LogOutputStream:77 - [STDOUT_REDIRECT] 1 : Invalid condition id : UX_CORESTACK_Condition cause : null
2025-05-01 12:51:55,290 [INFO] LogOutputStream:77 - [STDOUT_REDIRECT] 1 : Invalid condition id : UX_CORESTACK_Condition cause : null
2025-05-01 12:51:55,291 [INFO] LogOutputStream:77 - [STDOUT_REDIRECT] 1 : Invalid condition id : UX_CORESTACK_Condition cause : null
2025-05-01 12:51:55,297 [WARN] PackLoader:240 - Cannot read IP mode file for STMicroelectronics.X-CUBE-AZRTOS-WL.2.0.0
2025-05-01 12:51:55,304 [WARN] PackLoader:240 - Cannot read IP mode file for STMicroelectronics.FP-SNS-MOTENV1.5.0.0
2025-05-01 12:51:55,312 [WARN] PackLoader:240 - Cannot read IP mode file for wolfSSL.I-CUBE-wolfMQTT.1.19.0
2025-05-01 12:51:55,323 [WARN] PackLoader:240 - Cannot read IP mode file for WES.I-CUBE-Cesium.1.3.0
2025-05-01 12:51:55,336 [WARN] PackLoader:240 - Cannot read IP mode file for STMicroelectronics.X-CUBE-BLE2.3.3.0
2025-05-01 12:51:55,343 [INFO] WebApp:449 - Apply proxy settings
2025-05-01 12:51:55,344 [INFO] WebApp:534 - Chromium requires no authentication
2025-05-01 12:51:55,352 [WARN] PackLoader:240 - Cannot read IP mode file for STMicroelectronics.X-CUBE-NFC9.1.0.0
2025-05-01 12:51:55,363 [WARN] PackLoader:240 - Cannot read IP mode file for STMicroelectronics.X-CUBE-BLE1.7.1.0
2025-05-01 12:51:55,368 [INFO] WebApp:477 - Direct internet connection detected
2025-05-01 12:51:55,370 [WARN] PackLoader:240 - Cannot read IP mode file for STMicroelectronics.X-CUBE-TCPP.4.1.0
2025-05-01 12:51:55,418 [INFO] WebApp:880 - Register for checkConnection events
2025-05-01 12:51:55,418 [INFO] WebApp:449 - Apply proxy settings
2025-05-01 12:51:55,419 [INFO] WebApp:534 - Chromium requires no authentication
2025-05-01 12:51:55,420 [INFO] WebApp:477 - Direct internet connection detected
2025-05-01 12:51:55,492 [WARN] PackLoader:240 - Cannot read IP mode file for STMicroelectronics.X-CUBE-MEMS1.11.2.0
2025-05-01 12:51:55,740 [INFO] WebApp:187 - Connection restablished
2025-05-01 12:51:55,798 [WARN] PackLoader:240 - Cannot read IP mode file for STMicroelectronics.X-CUBE-AZRTOS-G0.1.1.0
2025-05-01 12:51:55,818 [WARN] PackLoader:240 - Cannot read IP mode file for STMicroelectronics.X-CUBE-SAFEA1.1.2.2
2025-05-01 12:51:55,833 [WARN] PackLoader:240 - Cannot read IP mode file for STMicroelectronics.X-CUBE-NFC4.3.0.0
2025-05-01 12:51:55,861 [WARN] PackLoader:240 - Cannot read IP mode file for EmbeddedOffice.I-CUBE-FS-RTOS.1.0.1
2025-05-01 12:51:55,874 [WARN] PackLoader:240 - Cannot read IP mode file for STMicroelectronics.X-CUBE-WB05N.2.0.0
2025-05-01 12:51:55,888 [WARN] PackLoader:240 - Cannot read IP mode file for STMicroelectronics.X-CUBE-TCPP.4.2.0
2025-05-01 12:51:55,901 [WARN] PackLoader:240 - Cannot read IP mode file for RealThread.X-CUBE-RT-Thread_Nano.4.1.1
2025-05-01 12:51:55,911 [WARN] PackLoader:240 - Cannot read IP mode file for STMicroelectronics.FP-ATR-SIGFOX1.3.2.0
2025-05-01 12:51:55,917 [WARN] ConditionMgr:438 - getConditionDescription Invalid condition id : Cortex-A Device cause : null
2025-05-01 12:51:55,936 [INFO] WebApp:221 - Starting web application
2025-05-01 12:51:55,937 [INFO] WebApp:579 - Web application path used /opt/st/stm32cubeide_1.17.0/plugins/com.st.stm32cube.common.mx_6.13.0.202411220809/db/plugins/mcufinder/reactClient1/index.html
2025-05-01 12:51:55,943 [WARN] ConditionMgr:1044 - genDependencies : Invalid condition id : Cortex-A Device cause : null
2025-05-01 12:51:55,944 [WARN] ConditionMgr:1044 - genDependencies : Invalid condition id : Cortex-A Device cause : null
2025-05-01 12:51:55,944 [WARN] ConditionMgr:1044 - genDependencies : Invalid condition id : Cortex-A Device cause : null
2025-05-01 12:51:55,955 [WARN] PackLoader:240 - Cannot read IP mode file for STMicroelectronics.X-CUBE-EEPRMA1.5.1.0
2025-05-01 12:51:55,971 [WARN] PackLoader:240 - Cannot read IP mode file for wolfSSL.I-CUBE-wolfSSL.5.7.4
2025-05-01 12:51:55,993 [WARN] PackLoader:240 - Cannot read IP mode file for ITTIA_DB.I-CUBE-ITTIADB.8.9.0
2025-05-01 12:51:56,059 [WARN] PackLoader:240 - Cannot read IP mode file for SEGGER.I-CUBE-embOS.1.3.1
2025-05-01 12:51:56,265 [WARN] PackLoader:240 - Cannot read IP mode file for STMicroelectronics.X-CUBE-ALGOBUILD.1.4.0
2025-05-01 12:51:56,278 [WARN] PackLoader:240 - Cannot read IP mode file for STMicroelectronics.X-CUBE-AI.9.1.0
2025-05-01 12:51:56,313 [WARN] PackLoader:240 - Cannot read IP mode file for STMicroelectronics.X-CUBE-AZRTOS-F4.1.1.0
2025-05-01 12:51:56,321 [WARN] PackLoader:240 - Cannot read IP mode file for Avnet-IotConnect.X-CUBE-IoTC-DA16k-PMOD.1.0.0
2025-05-01 12:51:56,330 [WARN] PackLoader:240 - Cannot read IP mode file for STMicroelectronics.X-CUBE-ISPU.2.1.0
2025-05-01 12:51:56,340 [WARN] PackLoader:240 - Cannot read IP mode file for STMicroelectronics.X-CUBE-FREERTOS.1.2.0
2025-05-01 12:51:56,404 [WARN] PackLoader:240 - Cannot read IP mode file for STMicroelectronics.X-CUBE-AZRTOS-L5.2.0.0
2025-05-01 12:51:56,424 [INFO] UserAuth:486 - Internet connection configuration mode: 1
2025-05-01 12:51:56,477 [WARN] PackLoader:240 - Cannot read IP mode file for STMicroelectronics.X-CUBE-NFC6.3.1.0
2025-05-01 12:51:56,510 [WARN] PackLoader:240 - Cannot read IP mode file for STMicroelectronics.X-CUBE-DPower.1.2.0
2025-05-01 12:51:56,524 [WARN] PackLoader:240 - Cannot read IP mode file for STMicroelectronics.X-CUBE-FREERTOS.1.3.0
2025-05-01 12:51:56,532 [WARN] PackLoader:240 - Cannot read IP mode file for STMicroelectronics.X-CUBE-NFC7.1.0.1
2025-05-01 12:51:56,539 [WARN] PackLoader:240 - Cannot read IP mode file for STMicroelectronics.X-CUBE-DPower.1.3.0
2025-05-01 12:51:56,578 [WARN] ConditionMgr:438 - getConditionDescription Invalid condition id : LAN8742 Phy interface Condition cause : null
2025-05-01 12:51:56,579 [WARN] PackLoader:240 - Cannot read IP mode file for STMicroelectronics.X-CUBE-AZRTOS-L4.2.0.0
2025-05-01 12:51:56,582 [WARN] ConditionMgr:1044 - genDependencies : Invalid condition id : LAN8742 Phy interface Condition cause : null
2025-05-01 12:51:56,582 [WARN] ConditionMgr:1044 - genDependencies : Invalid condition id : LAN8742 Phy interface Condition cause : null
2025-05-01 12:51:56,583 [WARN] ConditionMgr:1044 - genDependencies : Invalid condition id : LAN8742 Phy interface Condition cause : null
2025-05-01 12:51:56,596 [WARN] PackLoader:240 - Cannot read IP mode file for STMicroelectronics.X-CUBE-SFXS2LP1.4.0.0
2025-05-01 12:51:56,638 [WARN] PackLoader:240 - Cannot read IP mode file for STMicroelectronics.X-CUBE-AZRTOS-H7.3.3.0
2025-05-01 12:51:56,664 [WARN] PackLoader:240 - Cannot read IP mode file for STMicroelectronics.X-CUBE-IPS.3.0.0
2025-05-01 12:51:56,692 [WARN] ConditionMgr:438 - getConditionDescription Invalid condition id : UX DEVICE CLASS RTOS Condition cause : null
2025-05-01 12:51:56,692 [WARN] ConditionMgr:438 - getConditionDescription Invalid condition id : UX DEVICE CLASS RTOS Condition cause : null
2025-05-01 12:51:56,696 [WARN] PackLoader:240 - Cannot read IP mode file for STMicroelectronics.X-CUBE-AZRTOS-WB.2.0.0
2025-05-01 12:51:56,697 [WARN] ConditionMgr:1044 - genDependencies : Invalid condition id : UX DEVICE CLASS RTOS Condition cause : null
2025-05-01 12:51:56,698 [WARN] ConditionMgr:1044 - genDependencies : Invalid condition id : UX DEVICE CLASS RTOS Condition cause : null
2025-05-01 12:51:56,699 [WARN] ConditionMgr:1044 - genDependencies : Invalid condition id : UX DEVICE CLASS RTOS Condition cause : null
2025-05-01 12:51:56,699 [WARN] ConditionMgr:1044 - genDependencies : Invalid condition id : UX DEVICE CLASS RTOS Condition cause : null
2025-05-01 12:51:56,699 [WARN] ConditionMgr:1044 - genDependencies : Invalid condition id : UX DEVICE CLASS RTOS Condition cause : null
2025-05-01 12:51:56,707 [WARN] PackLoader:240 - Cannot read IP mode file for STMicroelectronics.X-CUBE-GNSS1.7.0.0
2025-05-01 12:51:56,733 [WARN] PackLoader:240 - Cannot read IP mode file for STMicroelectronics.X-CUBE-GNSS1.7.0.1
2025-05-01 12:51:56,745 [WARN] PackLoader:240 - Cannot read IP mode file for STMicroelectronics.X-CUBE-TOUCHGFX.4.25.0
2025-05-01 12:51:56,755 [WARN] PackLoader:240 - Cannot read IP mode file for STMicroelectronics.FP-SNS-STBOX1.2.0.0
2025-05-01 12:51:56,777 [WARN] PackLoader:240 - Cannot read IP mode file for STMicroelectronics.X-CUBE-SUBG2.5.0.0
2025-05-01 12:51:56,816 [WARN] PackLoader:240 - Cannot read IP mode file for STMicroelectronics.X-CUBE-AZRTOS-H7RS.1.1.0
2025-05-01 12:51:56,832 [WARN] PackLoader:240 - Cannot read IP mode file for Cesanta.I-CUBE-Mongoose.7.13.0
2025-05-01 12:51:56,856 [WARN] PackLoader:240 - Cannot read IP mode file for STMicroelectronics.X-CUBE-AZRTOS-G4.2.0.0
2025-05-01 12:51:56,865 [WARN] PackLoader:240 - Cannot read IP mode file for STMicroelectronics.X-CUBE-NFC7.2.0.0
2025-05-01 12:51:56,883 [WARN] PackLoader:240 - Cannot read IP mode file for STMicroelectronics.X-CUBE-IPS.3.1.0
2025-05-01 12:51:56,900 [WARN] PackLoader:240 - Cannot read IP mode file for STMicroelectronics.X-CUBE-ALS.1.0.2
2025-05-01 12:51:56,904 [WARN] PackLoader:240 - Cannot read IP mode file for STMicroelectronics.X-CUBE-TOUCHGFX.4.24.2
2025-05-01 12:51:56,907 [WARN] PackLoader:240 - Cannot read IP mode file for STMicroelectronics.X-CUBE-TOUCHGFX.4.24.1
2025-05-01 12:51:56,914 [WARN] PackLoader:240 - Cannot read IP mode file for wolfSSL.I-CUBE-wolfTPM.3.4.0
2025-05-01 12:51:56,919 [WARN] PackLoader:240 - Cannot read IP mode file for portGmbH.I-Cube-SoM-uGOAL.1.1.0
2025-05-01 12:51:56,948 [WARN] PackLoader:240 - Cannot read IP mode file for STMicroelectronics.X-CUBE-AZRTOS-H7RS.1.0.0
2025-05-01 12:51:56,968 [WARN] PackLoader:240 - Cannot read IP mode file for STMicroelectronics.X-CUBE-TOF1.3.4.2
2025-05-01 12:51:56,994 [WARN] PackLoader:240 - Cannot read IP mode file for STMicroelectronics.X-CUBE-TOF1.3.4.3
2025-05-01 12:51:57,022 [WARN] PackLoader:240 - Cannot read IP mode file for Infineon.AIROC-Wi-Fi-Bluetooth-STM32.1.6.1
2025-05-01 12:51:57,030 [WARN] PackLoader:240 - Cannot read IP mode file for wolfSSL.I-CUBE-wolfSSH.1.4.17
2025-05-01 12:51:57,031 [INFO] ThirdParty:978 - Integrity check success = true
2025-05-01 12:51:57,031 [INFO] IntegrityCheckThread:100 - exiting critical section [integrity check]
2025-05-01 12:51:57,031 [INFO] IntegrityCheckThread:103 - End integrity checks thread
2025-05-01 15:58:55,139 [ERROR] LogOutputStream:75 - [STDERR_REDIRECT] 
